2018-01-29 14:47:18,273 [main] INFO  org.mule.module.launcher.application.DefaultMuleApplication - 
++++++++++++++++++++++++++++++++++++++++++++++++++++++++++++
+ Initializing app 'duplicatecharacters'                   +
++++++++++++++++++++++++++++++++++++++++++++++++++++++++++++
2018-01-29 14:47:18,441 [main] INFO  org.mule.lifecycle.AbstractLifecycleManager - Initialising RegistryBroker
2018-01-29 14:47:18,535 [main] INFO  org.mule.module.extension.internal.manager.DefaultExtensionManager - Starting discovery of extensions
2018-01-29 14:47:18,618 [main] INFO  org.mule.module.extension.internal.manager.DefaultExtensionManager - Discovered 1 extensions
2018-01-29 14:47:18,618 [main] INFO  org.mule.module.extension.internal.manager.DefaultExtensionManager - Registering extension validation (version 3.8)
2018-01-29 14:47:18,650 [main] INFO  org.mule.config.spring.MuleArtifactContext - Refreshing org.mule.config.spring.MuleArtifactContext@1ee4730: startup date [Mon Jan 29 14:47:18 IST 2018]; root of context hierarchy
2018-01-29 14:47:19,681 [main] INFO  org.mule.config.spring.processors.NoDevkitInjectorProcessor - JSR-330 'javax.inject.Inject' annotation found and supported for autowiring
2018-01-29 14:47:20,212 [main] WARN  org.mule.module.ognl.expression.OgnlExpressionEvaluator - OGNL module is deprecated and will be removed in Mule 4.0. Use MEL expressions instead.
2018-01-29 14:47:20,771 [main] INFO  org.mule.util.journal.TransactionJournal - Using files for tx logs C:\Users\EAI\AnypointStudio\workspace\final-master\.mule\.\.mule\duplicatecharacters\queue-tx-log\tx1.log and C:\Users\EAI\AnypointStudio\workspace\final-master\.mule\.\.mule\duplicatecharacters\queue-tx-log\tx2.log
2018-01-29 14:47:20,775 [main] INFO  org.mule.util.journal.TransactionJournal - Using files for tx logs C:\Users\EAI\AnypointStudio\workspace\final-master\.mule\.\.mule\duplicatecharacters\queue-xa-tx-log\tx1.log and C:\Users\EAI\AnypointStudio\workspace\final-master\.mule\.\.mule\duplicatecharacters\queue-xa-tx-log\tx2.log
2018-01-29 14:47:20,860 [main] INFO  org.mule.lifecycle.AbstractLifecycleManager - Initialising model: _muleSystemModel
2018-01-29 14:47:20,863 [main] INFO  org.mule.construct.FlowConstructLifecycleManager - Initialising flow: duplicatecharactersFlow
2018-01-29 14:47:20,864 [main] INFO  org.mule.exception.DefaultMessagingExceptionStrategy - Initialising exception listener: org.mule.exception.DefaultMessagingExceptionStrategy@3ba3d4b6
2018-01-29 14:47:20,886 [main] INFO  org.mule.processor.SedaStageLifecycleManager - Initialising service: duplicatecharactersFlow.stage1
2018-01-29 14:47:20,901 [main] INFO  org.mule.lifecycle.AbstractLifecycleManager - Disposing RegistryBroker
2018-01-29 14:47:20,903 [main] INFO  org.mule.lifecycle.AbstractLifecycleManager - Disposing model: _muleSystemModel
2018-01-29 14:47:21,025 [main] INFO  org.mule.config.spring.MuleArtifactContext - Closing org.mule.config.spring.MuleArtifactContext@1ee4730: startup date [Mon Jan 29 14:47:18 IST 2018]; root of context hierarchy
2018-01-29 14:47:21,058 [main] ERROR org.mule.module.launcher.application.DefaultMuleApplication - null
org.mule.api.lifecycle.InitialisationException: Single method "main", with "0" arguments not found on "com.main.duplicates@4dde8976"
	at org.mule.processor.InvokerMessageProcessor.resolveMethodToInvoke(InvokerMessageProcessor.java:114) ~[mule-core-3.8.5.jar:3.8.5]
	at org.mule.processor.InvokerMessageProcessor.initialise(InvokerMessageProcessor.java:81) ~[mule-core-3.8.5.jar:3.8.5]
	at org.mule.processor.chain.AbstractMessageProcessorChain.initialise(AbstractMessageProcessorChain.java:87) ~[mule-core-3.8.5.jar:3.8.5]
	at org.mule.construct.AbstractFlowConstruct.initialiseIfInitialisable(AbstractFlowConstruct.java:317) ~[mule-core-3.8.5.jar:3.8.5]
	at org.mule.construct.AbstractPipeline.doInitialise(AbstractPipeline.java:242) ~[mule-core-3.8.5.jar:3.8.5]
	at org.mule.construct.Flow.doInitialise(Flow.java:75) ~[mule-core-3.8.5.jar:3.8.5]
	at org.mule.construct.AbstractFlowConstruct$1.onTransition(AbstractFlowConstruct.java:104) ~[mule-core-3.8.5.jar:3.8.5]
	at org.mule.construct.AbstractFlowConstruct$1.onTransition(AbstractFlowConstruct.java:98) ~[mule-core-3.8.5.jar:3.8.5]
	at org.mule.lifecycle.AbstractLifecycleManager.invokePhase(AbstractLifecycleManager.java:138) ~[mule-core-3.8.5.jar:3.8.5]
	at org.mule.construct.FlowConstructLifecycleManager.fireInitialisePhase(FlowConstructLifecycleManager.java:78) ~[mule-core-3.8.5.jar:3.8.5]
	at org.mule.construct.AbstractFlowConstruct.initialise(AbstractFlowConstruct.java:97) ~[mule-core-3.8.5.jar:3.8.5]
	at sun.reflect.GeneratedMethodAccessor10.invoke(Unknown Source) ~[?:?]
	at sun.reflect.DelegatingMethodAccessorImpl.invoke(DelegatingMethodAccessorImpl.java:43) ~[?:1.8.0_102]
	at java.lang.reflect.Method.invoke(Method.java:498) ~[?:1.8.0_102]
	at org.mule.lifecycle.phases.DefaultLifecyclePhase.applyLifecycle(DefaultLifecyclePhase.java:237) ~[mule-core-3.8.5.jar:3.8.5]
	at org.mule.lifecycle.phases.MuleContextInitialisePhase.applyLifecycle(MuleContextInitialisePhase.java:71) ~[mule-core-3.8.5.jar:3.8.5]
	at org.mule.lifecycle.RegistryLifecycleCallback.doApplyLifecycle(RegistryLifecycleCallback.java:99) ~[mule-core-3.8.5.jar:3.8.5]
	at org.mule.lifecycle.RegistryLifecycleCallback.onTransition(RegistryLifecycleCallback.java:71) ~[mule-core-3.8.5.jar:3.8.5]
	at org.mule.lifecycle.RegistryLifecycleManager.invokePhase(RegistryLifecycleManager.java:155) ~[mule-core-3.8.5.jar:3.8.5]
	at org.mule.lifecycle.RegistryLifecycleManager.fireLifecycle(RegistryLifecycleManager.java:126) ~[mule-core-3.8.5.jar:3.8.5]
	at org.mule.registry.AbstractRegistry.fireLifecycle(AbstractRegistry.java:146) ~[mule-core-3.8.5.jar:3.8.5]
	at org.mule.registry.AbstractRegistry.initialise(AbstractRegistry.java:116) ~[mule-core-3.8.5.jar:3.8.5]
	at org.mule.config.spring.SpringXmlConfigurationBuilder.createSpringRegistry(SpringXmlConfigurationBuilder.java:177) ~[mule-module-spring-config-3.8.5.jar:3.8.5]
	at org.mule.config.spring.SpringXmlConfigurationBuilder.doConfigure(SpringXmlConfigurationBuilder.java:100) ~[mule-module-spring-config-3.8.5.jar:3.8.5]
	at org.mule.config.builders.AbstractConfigurationBuilder.configure(AbstractConfigurationBuilder.java:43) ~[mule-core-3.8.5.jar:3.8.5]
	at org.mule.config.builders.AbstractResourceConfigurationBuilder.configure(AbstractResourceConfigurationBuilder.java:69) ~[mule-core-3.8.5.jar:3.8.5]
	at org.mule.config.builders.AutoConfigurationBuilder.autoConfigure(AutoConfigurationBuilder.java:102) ~[mule-core-3.8.5.jar:3.8.5]
	at org.mule.config.builders.AutoConfigurationBuilder.doConfigure(AutoConfigurationBuilder.java:54) ~[mule-core-3.8.5.jar:3.8.5]
	at org.mule.config.builders.AbstractConfigurationBuilder.configure(AbstractConfigurationBuilder.java:43) ~[mule-core-3.8.5.jar:3.8.5]
	at org.mule.config.builders.AbstractResourceConfigurationBuilder.configure(AbstractResourceConfigurationBuilder.java:69) ~[mule-core-3.8.5.jar:3.8.5]
	at org.mule.context.DefaultMuleContextFactory$1.configure(DefaultMuleContextFactory.java:89) ~[mule-core-3.8.5.jar:3.8.5]
	at org.mule.context.DefaultMuleContextFactory.doCreateMuleContext(DefaultMuleContextFactory.java:222) ~[mule-core-3.8.5.jar:3.8.5]
	at org.mule.context.DefaultMuleContextFactory.createMuleContext(DefaultMuleContextFactory.java:81) ~[mule-core-3.8.5.jar:3.8.5]
	at org.mule.module.launcher.application.DefaultMuleApplication.init(DefaultMuleApplication.java:203) ~[mule-module-launcher-3.8.5.jar:3.8.5]
	at org.mule.module.launcher.artifact.ArtifactWrapper$2.execute(ArtifactWrapper.java:63) ~[mule-module-launcher-3.8.5.jar:3.8.5]
	at org.mule.module.launcher.artifact.ArtifactWrapper.executeWithinArtifactClassLoader(ArtifactWrapper.java:136) ~[mule-module-launcher-3.8.5.jar:3.8.5]
	at org.mule.module.launcher.artifact.ArtifactWrapper.init(ArtifactWrapper.java:58) ~[mule-module-launcher-3.8.5.jar:3.8.5]
	at org.mule.module.launcher.DefaultArtifactDeployer.deploy(DefaultArtifactDeployer.java:25) ~[mule-module-launcher-3.8.5.jar:3.8.5]
	at org.mule.module.launcher.DefaultArchiveDeployer.deployArtifact(DefaultArchiveDeployer.java:317) ~[mule-module-launcher-3.8.5.jar:3.8.5]
	at org.mule.module.launcher.DefaultArchiveDeployer.deployPackagedArtifact(DefaultArchiveDeployer.java:172) ~[mule-module-launcher-3.8.5.jar:3.8.5]
	at org.mule.module.launcher.DefaultArchiveDeployer.deployPackagedArtifact(DefaultArchiveDeployer.java:261) ~[mule-module-launcher-3.8.5.jar:3.8.5]
	at org.mule.module.launcher.DefaultArchiveDeployer.deployPackagedArtifact(DefaultArchiveDeployer.java:76) ~[mule-module-launcher-3.8.5.jar:3.8.5]
	at org.mule.module.launcher.DeploymentDirectoryWatcher.deployPackedApps(DeploymentDirectoryWatcher.java:279) ~[mule-module-launcher-3.8.5.jar:3.8.5]
	at org.mule.module.launcher.DeploymentDirectoryWatcher.start(DeploymentDirectoryWatcher.java:151) ~[mule-module-launcher-3.8.5.jar:3.8.5]
	at org.mule.module.launcher.MuleDeploymentService.start(MuleDeploymentService.java:134) ~[mule-module-launcher-3.8.5.jar:3.8.5]
	at org.mule.module.launcher.MuleContainer.start(MuleContainer.java:172) ~[mule-module-launcher-3.8.5.jar:3.8.5]
	at org.mule.tooling.server.application.ApplicationDeployer.main(ApplicationDeployer.java:15) ~[tooling-support-3.8.5.jar:?]
2018-01-29 14:47:21,058 [main] INFO  org.mule.module.launcher.application.DefaultMuleApplication - App 'duplicatecharacters' never started, nothing to dispose of
2018-01-29 14:49:19,262 [main] INFO  org.mule.module.launcher.application.DefaultMuleApplication - 
++++++++++++++++++++++++++++++++++++++++++++++++++++++++++++
+ Initializing app 'duplicatecharacters'                   +
++++++++++++++++++++++++++++++++++++++++++++++++++++++++++++
2018-01-29 14:49:19,426 [main] INFO  org.mule.lifecycle.AbstractLifecycleManager - Initialising RegistryBroker
2018-01-29 14:49:19,507 [main] INFO  org.mule.module.extension.internal.manager.DefaultExtensionManager - Starting discovery of extensions
2018-01-29 14:49:19,588 [main] INFO  org.mule.module.extension.internal.manager.DefaultExtensionManager - Discovered 1 extensions
2018-01-29 14:49:19,588 [main] INFO  org.mule.module.extension.internal.manager.DefaultExtensionManager - Registering extension validation (version 3.8)
2018-01-29 14:49:19,635 [main] INFO  org.mule.config.spring.MuleArtifactContext - Refreshing org.mule.config.spring.MuleArtifactContext@1ee4730: startup date [Mon Jan 29 14:49:19 IST 2018]; root of context hierarchy
2018-01-29 14:49:20,682 [main] INFO  org.mule.config.spring.processors.NoDevkitInjectorProcessor - JSR-330 'javax.inject.Inject' annotation found and supported for autowiring
2018-01-29 14:49:21,253 [main] WARN  org.mule.module.ognl.expression.OgnlExpressionEvaluator - OGNL module is deprecated and will be removed in Mule 4.0. Use MEL expressions instead.
2018-01-29 14:49:21,872 [main] INFO  org.mule.util.journal.TransactionJournal - Using files for tx logs C:\Users\EAI\AnypointStudio\workspace\final-master\.mule\.\.mule\duplicatecharacters\queue-tx-log\tx1.log and C:\Users\EAI\AnypointStudio\workspace\final-master\.mule\.\.mule\duplicatecharacters\queue-tx-log\tx2.log
2018-01-29 14:49:21,891 [main] INFO  org.mule.util.journal.TransactionJournal - Using files for tx logs C:\Users\EAI\AnypointStudio\workspace\final-master\.mule\.\.mule\duplicatecharacters\queue-xa-tx-log\tx1.log and C:\Users\EAI\AnypointStudio\workspace\final-master\.mule\.\.mule\duplicatecharacters\queue-xa-tx-log\tx2.log
2018-01-29 14:49:21,957 [main] INFO  org.mule.lifecycle.AbstractLifecycleManager - Initialising model: _muleSystemModel
2018-01-29 14:49:21,957 [main] INFO  org.mule.construct.FlowConstructLifecycleManager - Initialising flow: duplicatecharactersFlow
2018-01-29 14:49:21,957 [main] INFO  org.mule.exception.DefaultMessagingExceptionStrategy - Initialising exception listener: org.mule.exception.DefaultMessagingExceptionStrategy@28a9494b
2018-01-29 14:49:21,985 [main] INFO  org.mule.processor.SedaStageLifecycleManager - Initialising service: duplicatecharactersFlow.stage1
2018-01-29 14:49:21,990 [main] INFO  org.mule.component.ComponentLifecycleManager - Initialising component: component.1955406455
2018-01-29 14:49:22,150 [main] INFO  org.mule.config.spring.SpringXmlConfigurationBuilder - Configured Mule using "org.mule.config.spring.SpringXmlConfigurationBuilder" with configuration resource(s): "[ConfigResource{resourceName='C:\Users\EAI\AnypointStudio\workspace\final-master\.mule\apps\duplicatecharacters\duplicatecharacters.xml'}]"
2018-01-29 14:49:22,150 [main] INFO  org.mule.config.builders.AutoConfigurationBuilder - Configured Mule using "org.mule.config.builders.AutoConfigurationBuilder" with configuration resource(s): "[ConfigResource{resourceName='C:\Users\EAI\AnypointStudio\workspace\final-master\.mule\apps\duplicatecharacters\duplicatecharacters.xml'}]"
2018-01-29 14:49:25,182 [main] INFO  org.mule.module.launcher.application.DefaultMuleApplication - 
++++++++++++++++++++++++++++++++++++++++++++++++++++++++++++
+ Starting app 'duplicatecharacters'                       +
++++++++++++++++++++++++++++++++++++++++++++++++++++++++++++
2018-01-29 14:49:25,198 [main] INFO  org.mule.util.queue.QueueXaResourceManager - Starting ResourceManager
2018-01-29 14:49:25,198 [main] INFO  org.mule.util.queue.QueueXaResourceManager - Started ResourceManager
2018-01-29 14:49:25,289 [main] INFO  org.mule.module.http.internal.listener.DefaultHttpListenerConfig - Listening for requests on http://0.0.0.0:8081
2018-01-29 14:49:25,289 [main] INFO  org.mule.modules.oauth2.provider.agents.DefaultSplashScreenAgent - 
++++++++++++++++++++++++++++++++++++++++++++++++++++++++++++++++++++++++++++++++
+ DevKit Extensions (0) used in this application 
                             +
++++++++++++++++++++++++++++++++++++++++++++++++++++++++++++++++++++++++++++++++
2018-01-29 14:49:25,289 [main] INFO  org.mule.lifecycle.AbstractLifecycleManager - Starting model: _muleSystemModel
2018-01-29 14:49:25,289 [main] INFO  org.mule.construct.FlowConstructLifecycleManager - Starting flow: duplicatecharactersFlow
2018-01-29 14:49:25,289 [main] INFO  org.mule.processor.SedaStageLifecycleManager - Starting service: duplicatecharactersFlow.stage1
2018-01-29 14:49:25,289 [main] INFO  org.mule.component.ComponentLifecycleManager - Starting component: component.1955406455
2018-01-29 14:49:25,547 [main] INFO  org.mule.module.management.agent.WrapperManagerAgent - This JVM hasn't been launched by the wrapper, the agent will not run.
2018-01-29 14:49:37,583 [main] INFO  org.mule.DefaultMuleContext - 
**********************************************************************
* Application: duplicatecharacters                                   *
* OS encoding: \, Mule encoding: UTF-8                               *
*                                                                    *
* Agents Running:                                                    *
*   Batch module default engine                                      *
*   JMX Agent                                                        *
*   DevKit Extension Information                                     *
*   Wrapper Manager                                                  *
**********************************************************************
2018-01-29 14:50:16,608 [[duplicatecharacters].HTTP_Listener_Configuration.worker.01] INFO  org.mule.component.simple.LogComponent - 
********************************************************************************
* Message received in service: duplicatecharactersFlow. Content is:            *
* '{NullPayload}'                                                              *
********************************************************************************
2018-01-29 14:51:27,826 [Mule.app.deployer.monitor.1.thread.1] INFO  org.mule.module.launcher.application.DefaultMuleApplication - 
++++++++++++++++++++++++++++++++++++++++++++++++++++++++++++
+ Stopping app 'duplicatecharacters'                       +
++++++++++++++++++++++++++++++++++++++++++++++++++++++++++++
2018-01-29 14:51:27,827 [Mule.app.deployer.monitor.1.thread.1] INFO  org.mule.construct.FlowConstructLifecycleManager - Stopping flow: duplicatecharactersFlow
2018-01-29 14:51:27,827 [Mule.app.deployer.monitor.1.thread.1] INFO  org.mule.processor.SedaStageLifecycleManager - Stopping service: duplicatecharactersFlow.stage1
2018-01-29 14:51:27,923 [Mule.app.deployer.monitor.1.thread.1] INFO  org.mule.component.ComponentLifecycleManager - Stopping component: component.1955406455
2018-01-29 14:51:27,925 [Mule.app.deployer.monitor.1.thread.1] INFO  org.mule.lifecycle.AbstractLifecycleManager - Stopping model: _muleSystemModel
2018-01-29 14:51:27,941 [Mule.app.deployer.monitor.1.thread.1] INFO  org.mule.module.http.internal.listener.DefaultHttpListenerConfig - Stopped listener on http://0.0.0.0:8081
2018-01-29 14:51:27,941 [Mule.app.deployer.monitor.1.thread.1] INFO  org.mule.util.queue.QueueXaResourceManager - Stopping ResourceManager
2018-01-29 14:51:27,941 [Mule.app.deployer.monitor.1.thread.1] INFO  org.mule.util.queue.QueueXaResourceManager - Stopped ResourceManager
2018-01-29 14:51:27,957 [Mule.app.deployer.monitor.1.thread.1] INFO  org.mule.module.launcher.application.DefaultMuleApplication - 
++++++++++++++++++++++++++++++++++++++++++++++++++++++++++++
+ Disposing app 'duplicatecharacters'                      +
++++++++++++++++++++++++++++++++++++++++++++++++++++++++++++
2018-01-29 14:51:27,957 [Mule.app.deployer.monitor.1.thread.1] INFO  org.mule.lifecycle.AbstractLifecycleManager - Disposing RegistryBroker
2018-01-29 14:51:27,957 [Mule.app.deployer.monitor.1.thread.1] INFO  org.mule.construct.FlowConstructLifecycleManager - Disposing flow: duplicatecharactersFlow
2018-01-29 14:51:27,957 [Mule.app.deployer.monitor.1.thread.1] INFO  org.mule.processor.SedaStageLifecycleManager - Disposing service: duplicatecharactersFlow.stage1
2018-01-29 14:51:27,957 [Mule.app.deployer.monitor.1.thread.1] INFO  org.mule.component.ComponentLifecycleManager - Disposing component: component.1955406455
2018-01-29 14:51:27,957 [Mule.app.deployer.monitor.1.thread.1] INFO  org.mule.lifecycle.AbstractLifecycleManager - Disposing model: _muleSystemModel
2018-01-29 14:51:28,067 [Mule.app.deployer.monitor.1.thread.1] INFO  org.mule.config.spring.MuleArtifactContext - Closing org.mule.config.spring.MuleArtifactContext@1ee4730: startup date [Mon Jan 29 14:49:19 IST 2018]; root of context hierarchy
2018-01-29 14:51:28,150 [Mule.app.deployer.monitor.1.thread.1] INFO  org.mule.DefaultMuleContext - 
**********************************************************************
* Application "duplicatecharacters" shut down normally on: 1/29/18   *
* 2:51 PM                                                            *
* Up for: 0 days, 0 hours, 2 mins, 2.968 sec                         *
**********************************************************************
2018-01-29 14:51:28,289 [Mule.app.deployer.monitor.1.thread.1] INFO  org.mule.module.launcher.application.DefaultMuleApplication - 
++++++++++++++++++++++++++++++++++++++++++++++++++++++++++++
+ Initializing app 'duplicatecharacters'                   +
++++++++++++++++++++++++++++++++++++++++++++++++++++++++++++
2018-01-29 14:51:28,289 [Mule.app.deployer.monitor.1.thread.1] WARN  com.mulesoft.module.client.APIPlatformClientCoreExtension - Client ID or Client Secret were not provided. API Manager client is DISABLED for app duplicatecharacters
2018-01-29 14:51:28,289 [Mule.app.deployer.monitor.1.thread.1] INFO  org.mule.lifecycle.AbstractLifecycleManager - Initialising RegistryBroker
2018-01-29 14:51:28,304 [Mule.app.deployer.monitor.1.thread.1] INFO  org.mule.module.extension.internal.manager.DefaultExtensionManager - Starting discovery of extensions
2018-01-29 14:51:28,304 [Mule.app.deployer.monitor.1.thread.1] INFO  org.mule.module.extension.internal.manager.DefaultExtensionManager - Discovered 1 extensions
2018-01-29 14:51:28,304 [Mule.app.deployer.monitor.1.thread.1] INFO  org.mule.module.extension.internal.manager.DefaultExtensionManager - Registering extension validation (version 3.8)
2018-01-29 14:51:28,304 [Mule.app.deployer.monitor.1.thread.1] INFO  org.mule.config.spring.MuleArtifactContext - Refreshing org.mule.config.spring.MuleArtifactContext@22af06df: startup date [Mon Jan 29 14:51:28 IST 2018]; root of context hierarchy
2018-01-29 14:51:31,243 [main] INFO  org.mule.module.launcher.application.DefaultMuleApplication - 
++++++++++++++++++++++++++++++++++++++++++++++++++++++++++++
+ Initializing app 'duplicatecharacters'                   +
++++++++++++++++++++++++++++++++++++++++++++++++++++++++++++
2018-01-29 14:51:31,407 [main] INFO  org.mule.lifecycle.AbstractLifecycleManager - Initialising RegistryBroker
2018-01-29 14:51:31,509 [main] INFO  org.mule.module.extension.internal.manager.DefaultExtensionManager - Starting discovery of extensions
2018-01-29 14:51:31,603 [main] INFO  org.mule.module.extension.internal.manager.DefaultExtensionManager - Discovered 1 extensions
2018-01-29 14:51:31,603 [main] INFO  org.mule.module.extension.internal.manager.DefaultExtensionManager - Registering extension validation (version 3.8)
2018-01-29 14:51:31,650 [main] INFO  org.mule.config.spring.MuleArtifactContext - Refreshing org.mule.config.spring.MuleArtifactContext@1ee4730: startup date [Mon Jan 29 14:51:31 IST 2018]; root of context hierarchy
2018-01-29 14:51:32,740 [main] INFO  org.mule.config.spring.processors.NoDevkitInjectorProcessor - JSR-330 'javax.inject.Inject' annotation found and supported for autowiring
2018-01-29 14:51:33,346 [main] WARN  org.mule.module.ognl.expression.OgnlExpressionEvaluator - OGNL module is deprecated and will be removed in Mule 4.0. Use MEL expressions instead.
2018-01-29 14:51:33,917 [main] INFO  org.mule.util.journal.TransactionJournal - Using files for tx logs C:\Users\EAI\AnypointStudio\workspace\final-master\.mule\.\.mule\duplicatecharacters\queue-tx-log\tx1.log and C:\Users\EAI\AnypointStudio\workspace\final-master\.mule\.\.mule\duplicatecharacters\queue-tx-log\tx2.log
2018-01-29 14:51:33,927 [main] INFO  org.mule.util.journal.TransactionJournal - Using files for tx logs C:\Users\EAI\AnypointStudio\workspace\final-master\.mule\.\.mule\duplicatecharacters\queue-xa-tx-log\tx1.log and C:\Users\EAI\AnypointStudio\workspace\final-master\.mule\.\.mule\duplicatecharacters\queue-xa-tx-log\tx2.log
2018-01-29 14:51:34,014 [main] INFO  org.mule.lifecycle.AbstractLifecycleManager - Initialising model: _muleSystemModel
2018-01-29 14:51:34,018 [main] INFO  org.mule.construct.FlowConstructLifecycleManager - Initialising flow: duplicatecharactersFlow
2018-01-29 14:51:34,019 [main] INFO  org.mule.exception.DefaultMessagingExceptionStrategy - Initialising exception listener: org.mule.exception.DefaultMessagingExceptionStrategy@28a9494b
2018-01-29 14:51:34,045 [main] INFO  org.mule.processor.SedaStageLifecycleManager - Initialising service: duplicatecharactersFlow.stage1
2018-01-29 14:51:34,051 [main] INFO  org.mule.component.ComponentLifecycleManager - Initialising component: component.1955406455
2018-01-29 14:51:34,256 [main] INFO  org.mule.config.spring.SpringXmlConfigurationBuilder - Configured Mule using "org.mule.config.spring.SpringXmlConfigurationBuilder" with configuration resource(s): "[ConfigResource{resourceName='C:\Users\EAI\AnypointStudio\workspace\final-master\.mule\apps\duplicatecharacters\duplicatecharacters.xml'}]"
2018-01-29 14:51:34,257 [main] INFO  org.mule.config.builders.AutoConfigurationBuilder - Configured Mule using "org.mule.config.builders.AutoConfigurationBuilder" with configuration resource(s): "[ConfigResource{resourceName='C:\Users\EAI\AnypointStudio\workspace\final-master\.mule\apps\duplicatecharacters\duplicatecharacters.xml'}]"
2018-01-29 14:51:37,275 [main] INFO  org.mule.module.launcher.application.DefaultMuleApplication - 
++++++++++++++++++++++++++++++++++++++++++++++++++++++++++++
+ Starting app 'duplicatecharacters'                       +
++++++++++++++++++++++++++++++++++++++++++++++++++++++++++++
2018-01-29 14:51:37,292 [main] INFO  org.mule.util.queue.QueueXaResourceManager - Starting ResourceManager
2018-01-29 14:51:37,292 [main] INFO  org.mule.util.queue.QueueXaResourceManager - Started ResourceManager
2018-01-29 14:51:37,398 [main] INFO  org.mule.module.http.internal.listener.DefaultHttpListenerConfig - Listening for requests on http://0.0.0.0:8081
2018-01-29 14:51:37,399 [main] INFO  org.mule.modules.oauth2.provider.agents.DefaultSplashScreenAgent - 
++++++++++++++++++++++++++++++++++++++++++++++++++++++++++++++++++++++++++++++++
+ DevKit Extensions (0) used in this application 
                             +
++++++++++++++++++++++++++++++++++++++++++++++++++++++++++++++++++++++++++++++++
2018-01-29 14:51:37,401 [main] INFO  org.mule.lifecycle.AbstractLifecycleManager - Starting model: _muleSystemModel
2018-01-29 14:51:37,402 [main] INFO  org.mule.construct.FlowConstructLifecycleManager - Starting flow: duplicatecharactersFlow
2018-01-29 14:51:37,403 [main] INFO  org.mule.processor.SedaStageLifecycleManager - Starting service: duplicatecharactersFlow.stage1
2018-01-29 14:51:37,406 [main] INFO  org.mule.component.ComponentLifecycleManager - Starting component: component.1955406455
2018-01-29 14:51:37,441 [main] INFO  org.mule.module.management.agent.WrapperManagerAgent - This JVM hasn't been launched by the wrapper, the agent will not run.
2018-01-29 14:51:49,480 [main] INFO  org.mule.DefaultMuleContext - 
**********************************************************************
* Application: duplicatecharacters                                   *
* OS encoding: \, Mule encoding: UTF-8                               *
*                                                                    *
* Agents Running:                                                    *
*   Batch module default engine                                      *
*   JMX Agent                                                        *
*   DevKit Extension Information                                     *
*   Wrapper Manager                                                  *
**********************************************************************
2018-01-29 14:51:56,562 [[duplicatecharacters].HTTP_Listener_Configuration.worker.01] INFO  org.mule.component.simple.LogComponent - 
********************************************************************************
* Message received in service: duplicatecharactersFlow. Content is:            *
* '{NullPayload}'                                                              *
********************************************************************************
2018-01-29 14:52:24,970 [[duplicatecharacters].HTTP_Listener_Configuration.worker.01] INFO  org.mule.component.simple.LogComponent - 
********************************************************************************
* Message received in service: duplicatecharactersFlow. Content is:            *
* '{NullPayload}'                                                              *
********************************************************************************
2018-01-29 14:53:15,987 [[duplicatecharacters].HTTP_Listener_Configuration.worker.01] INFO  org.mule.component.simple.LogComponent - 
********************************************************************************
* Message received in service: duplicatecharactersFlow. Content is:            *
* '{NullPayload}'                                                              *
********************************************************************************
2018-01-29 14:53:32,061 [main] INFO  org.mule.module.launcher.application.DefaultMuleApplication - 
++++++++++++++++++++++++++++++++++++++++++++++++++++++++++++
+ Initializing app 'duplicatecharacters'                   +
++++++++++++++++++++++++++++++++++++++++++++++++++++++++++++
2018-01-29 14:53:32,232 [main] INFO  org.mule.lifecycle.AbstractLifecycleManager - Initialising RegistryBroker
2018-01-29 14:53:32,321 [main] INFO  org.mule.module.extension.internal.manager.DefaultExtensionManager - Starting discovery of extensions
2018-01-29 14:53:32,408 [main] INFO  org.mule.module.extension.internal.manager.DefaultExtensionManager - Discovered 1 extensions
2018-01-29 14:53:32,408 [main] INFO  org.mule.module.extension.internal.manager.DefaultExtensionManager - Registering extension validation (version 3.8)
2018-01-29 14:53:32,457 [main] INFO  org.mule.config.spring.MuleArtifactContext - Refreshing org.mule.config.spring.MuleArtifactContext@1ee4730: startup date [Mon Jan 29 14:53:32 IST 2018]; root of context hierarchy
2018-01-29 14:53:33,541 [main] INFO  org.mule.config.spring.processors.NoDevkitInjectorProcessor - JSR-330 'javax.inject.Inject' annotation found and supported for autowiring
2018-01-29 14:53:34,119 [main] WARN  org.mule.module.ognl.expression.OgnlExpressionEvaluator - OGNL module is deprecated and will be removed in Mule 4.0. Use MEL expressions instead.
2018-01-29 14:53:34,705 [main] INFO  org.mule.util.journal.TransactionJournal - Using files for tx logs C:\Users\EAI\AnypointStudio\workspace\final-master\.mule\.\.mule\duplicatecharacters\queue-tx-log\tx1.log and C:\Users\EAI\AnypointStudio\workspace\final-master\.mule\.\.mule\duplicatecharacters\queue-tx-log\tx2.log
2018-01-29 14:53:34,718 [main] INFO  org.mule.util.journal.TransactionJournal - Using files for tx logs C:\Users\EAI\AnypointStudio\workspace\final-master\.mule\.\.mule\duplicatecharacters\queue-xa-tx-log\tx1.log and C:\Users\EAI\AnypointStudio\workspace\final-master\.mule\.\.mule\duplicatecharacters\queue-xa-tx-log\tx2.log
2018-01-29 14:53:34,789 [main] INFO  org.mule.lifecycle.AbstractLifecycleManager - Initialising model: _muleSystemModel
2018-01-29 14:53:34,789 [main] INFO  org.mule.construct.FlowConstructLifecycleManager - Initialising flow: duplicatecharactersFlow
2018-01-29 14:53:34,789 [main] INFO  org.mule.exception.DefaultMessagingExceptionStrategy - Initialising exception listener: org.mule.exception.DefaultMessagingExceptionStrategy@28a9494b
2018-01-29 14:53:34,820 [main] INFO  org.mule.processor.SedaStageLifecycleManager - Initialising service: duplicatecharactersFlow.stage1
2018-01-29 14:53:34,820 [main] INFO  org.mule.component.ComponentLifecycleManager - Initialising component: component.1955406455
2018-01-29 14:53:35,050 [main] INFO  org.mule.config.spring.SpringXmlConfigurationBuilder - Configured Mule using "org.mule.config.spring.SpringXmlConfigurationBuilder" with configuration resource(s): "[ConfigResource{resourceName='C:\Users\EAI\AnypointStudio\workspace\final-master\.mule\apps\duplicatecharacters\duplicatecharacters.xml'}]"
2018-01-29 14:53:35,050 [main] INFO  org.mule.config.builders.AutoConfigurationBuilder - Configured Mule using "org.mule.config.builders.AutoConfigurationBuilder" with configuration resource(s): "[ConfigResource{resourceName='C:\Users\EAI\AnypointStudio\workspace\final-master\.mule\apps\duplicatecharacters\duplicatecharacters.xml'}]"
2018-01-29 14:53:38,083 [main] INFO  org.mule.module.launcher.application.DefaultMuleApplication - 
++++++++++++++++++++++++++++++++++++++++++++++++++++++++++++
+ Starting app 'duplicatecharacters'                       +
++++++++++++++++++++++++++++++++++++++++++++++++++++++++++++
2018-01-29 14:53:38,086 [main] INFO  org.mule.util.queue.QueueXaResourceManager - Starting ResourceManager
2018-01-29 14:53:38,087 [main] INFO  org.mule.util.queue.QueueXaResourceManager - Started ResourceManager
2018-01-29 14:53:38,152 [main] INFO  org.mule.module.http.internal.listener.DefaultHttpListenerConfig - Listening for requests on http://0.0.0.0:8081
2018-01-29 14:53:38,152 [main] INFO  org.mule.modules.oauth2.provider.agents.DefaultSplashScreenAgent - 
++++++++++++++++++++++++++++++++++++++++++++++++++++++++++++++++++++++++++++++++
+ DevKit Extensions (0) used in this application 
                             +
++++++++++++++++++++++++++++++++++++++++++++++++++++++++++++++++++++++++++++++++
2018-01-29 14:53:38,152 [main] INFO  org.mule.lifecycle.AbstractLifecycleManager - Starting model: _muleSystemModel
2018-01-29 14:53:38,152 [main] INFO  org.mule.construct.FlowConstructLifecycleManager - Starting flow: duplicatecharactersFlow
2018-01-29 14:53:38,152 [main] INFO  org.mule.processor.SedaStageLifecycleManager - Starting service: duplicatecharactersFlow.stage1
2018-01-29 14:53:38,152 [main] INFO  org.mule.component.ComponentLifecycleManager - Starting component: component.1955406455
2018-01-29 14:53:38,202 [main] INFO  org.mule.module.management.agent.WrapperManagerAgent - This JVM hasn't been launched by the wrapper, the agent will not run.
2018-01-29 14:53:50,241 [main] INFO  org.mule.DefaultMuleContext - 
**********************************************************************
* Application: duplicatecharacters                                   *
* OS encoding: \, Mule encoding: UTF-8                               *
*                                                                    *
* Agents Running:                                                    *
*   Batch module default engine                                      *
*   JMX Agent                                                        *
*   DevKit Extension Information                                     *
*   Wrapper Manager                                                  *
**********************************************************************
2018-01-29 14:54:04,784 [[duplicatecharacters].HTTP_Listener_Configuration.worker.01] INFO  org.mule.component.simple.LogComponent - 
********************************************************************************
* Message received in service: duplicatecharactersFlow. Content is:            *
* '{NullPayload}'                                                              *
********************************************************************************
