2017-12-27 11:01:06,864 [main] INFO  org.mule.module.launcher.application.DefaultMuleApplication - 
++++++++++++++++++++++++++++++++++++++++++++++++++++++++++++
+ Initializing app 'filetf'                                +
++++++++++++++++++++++++++++++++++++++++++++++++++++++++++++
2017-12-27 11:01:07,236 [main] INFO  org.mule.lifecycle.AbstractLifecycleManager - Initialising RegistryBroker
2017-12-27 11:01:07,531 [main] INFO  org.mule.module.extension.internal.manager.DefaultExtensionManager - Starting discovery of extensions
2017-12-27 11:01:07,786 [main] INFO  org.mule.module.extension.internal.manager.DefaultExtensionManager - Discovered 1 extensions
2017-12-27 11:01:07,786 [main] INFO  org.mule.module.extension.internal.manager.DefaultExtensionManager - Registering extension validation (version 3.8)
2017-12-27 11:01:07,916 [main] INFO  org.mule.config.spring.MuleArtifactContext - Refreshing org.mule.config.spring.MuleArtifactContext@32057e6: startup date [Wed Dec 27 11:01:07 IST 2017]; root of context hierarchy
2017-12-27 11:01:10,258 [main] INFO  org.mule.config.spring.processors.NoDevkitInjectorProcessor - JSR-330 'javax.inject.Inject' annotation found and supported for autowiring
2017-12-27 11:01:11,593 [main] WARN  org.mule.module.ognl.expression.OgnlExpressionEvaluator - OGNL module is deprecated and will be removed in Mule 4.0. Use MEL expressions instead.
2017-12-27 11:01:12,140 [main] INFO  org.mule.util.journal.TransactionJournal - Using files for tx logs C:\Users\M1043068\AnypointStudio\workspace\.mule\.\.mule\filetf\queue-tx-log\tx1.log and C:\Users\M1043068\AnypointStudio\workspace\.mule\.\.mule\filetf\queue-tx-log\tx2.log
2017-12-27 11:01:12,172 [main] INFO  org.mule.util.journal.TransactionJournal - Using files for tx logs C:\Users\M1043068\AnypointStudio\workspace\.mule\.\.mule\filetf\queue-xa-tx-log\tx1.log and C:\Users\M1043068\AnypointStudio\workspace\.mule\.\.mule\filetf\queue-xa-tx-log\tx2.log
2017-12-27 11:01:12,187 [main] INFO  org.mule.lifecycle.AbstractLifecycleManager - Initialising connector: connector.file.mule.default
2017-12-27 11:01:12,515 [main] INFO  org.mule.lifecycle.AbstractLifecycleManager - Initialising model: _muleSystemModel
2017-12-27 11:01:12,531 [main] INFO  org.mule.construct.FlowConstructLifecycleManager - Initialising flow: filetfFlow
2017-12-27 11:01:12,531 [main] INFO  org.mule.exception.DefaultMessagingExceptionStrategy - Initialising exception listener: org.mule.exception.DefaultMessagingExceptionStrategy@cb39552
2017-12-27 11:01:12,578 [main] INFO  org.mule.processor.SedaStageLifecycleManager - Initialising service: filetfFlow.stage1
2017-12-27 11:01:13,624 [main] INFO  org.mule.config.spring.SpringXmlConfigurationBuilder - Configured Mule using "org.mule.config.spring.SpringXmlConfigurationBuilder" with configuration resource(s): "[ConfigResource{resourceName='C:\Users\M1043068\AnypointStudio\workspace\.mule\apps\filetf\filetf.xml'}]"
2017-12-27 11:01:13,627 [main] INFO  org.mule.config.builders.AutoConfigurationBuilder - Configured Mule using "org.mule.config.builders.AutoConfigurationBuilder" with configuration resource(s): "[ConfigResource{resourceName='C:\Users\M1043068\AnypointStudio\workspace\.mule\apps\filetf\filetf.xml'}]"
2017-12-27 11:01:16,726 [main] INFO  org.mule.module.launcher.application.DefaultMuleApplication - 
++++++++++++++++++++++++++++++++++++++++++++++++++++++++++++
+ Starting app 'filetf'                                    +
++++++++++++++++++++++++++++++++++++++++++++++++++++++++++++
2017-12-27 11:01:16,732 [main] INFO  org.mule.util.queue.QueueXaResourceManager - Starting ResourceManager
2017-12-27 11:01:16,732 [main] INFO  org.mule.util.queue.QueueXaResourceManager - Started ResourceManager
2017-12-27 11:01:16,800 [main] INFO  org.mule.transport.file.FileConnector - Connected: FileConnector
{
  name=connector.file.mule.default
  lifecycle=initialise
  this=6af91cc8
  numberOfConcurrentTransactedReceivers=4
  createMultipleTransactedReceivers=true
  connected=true
  supportedProtocols=[file]
  serviceOverrides=<none>
}

2017-12-27 11:01:16,800 [main] INFO  org.mule.transport.file.FileConnector - Starting: FileConnector
{
  name=connector.file.mule.default
  lifecycle=initialise
  this=6af91cc8
  numberOfConcurrentTransactedReceivers=4
  createMultipleTransactedReceivers=true
  connected=true
  supportedProtocols=[file]
  serviceOverrides=<none>
}

2017-12-27 11:01:16,800 [main] INFO  org.mule.lifecycle.AbstractLifecycleManager - Starting connector: connector.file.mule.default
2017-12-27 11:01:16,816 [main] INFO  org.mule.modules.oauth2.provider.agents.DefaultSplashScreenAgent - 
++++++++++++++++++++++++++++++++++++++++++++++++++++++++++++++++++++++++++++++++
+ DevKit Extensions (0) used in this application 
                             +
++++++++++++++++++++++++++++++++++++++++++++++++++++++++++++++++++++++++++++++++
2017-12-27 11:01:16,816 [main] INFO  org.mule.lifecycle.AbstractLifecycleManager - Starting model: _muleSystemModel
2017-12-27 11:01:16,816 [main] INFO  org.mule.construct.FlowConstructLifecycleManager - Starting flow: filetfFlow
2017-12-27 11:01:16,816 [main] INFO  org.mule.processor.SedaStageLifecycleManager - Starting service: filetfFlow.stage1
2017-12-27 11:01:16,878 [main] INFO  org.mule.transport.file.FileConnector - Registering listener: filetfFlow on endpointUri: file:///C:/Users/M1043068/Desktop/source/
2017-12-27 11:01:16,909 [main] INFO  org.mule.lifecycle.AbstractLifecycleManager - Initialising: 'null'. Object is: FileMessageReceiver
2017-12-27 11:01:16,925 [main] INFO  org.mule.transport.file.FileMessageReceiver - Connecting clusterizable message receiver
2017-12-27 11:01:16,925 [main] INFO  org.mule.lifecycle.AbstractLifecycleManager - Starting: 'null'. Object is: FileMessageReceiver
2017-12-27 11:01:16,925 [main] INFO  org.mule.transport.file.FileMessageReceiver - Starting clusterizable message receiver
2017-12-27 11:01:16,941 [main] INFO  org.mule.module.management.agent.WrapperManagerAgent - This JVM hasn't been launched by the wrapper, the agent will not run.
2017-12-27 11:01:17,472 [main] INFO  org.mule.module.management.agent.AbstractJmxAgent - Attempting to register service with name: Mule.filetf:type=Endpoint,service="filetfFlow",connector=connector.file.mule.default,name="endpoint..C.Users.M1043068.Desktop.source"
2017-12-27 11:01:17,472 [main] INFO  org.mule.module.management.agent.AbstractJmxAgent - Registered Endpoint Service with name: Mule.filetf:type=Endpoint,service="filetfFlow",connector=connector.file.mule.default,name="endpoint..C.Users.M1043068.Desktop.source"
2017-12-27 11:01:17,472 [main] INFO  org.mule.module.management.agent.AbstractJmxAgent - Registered Connector Service with name Mule.filetf:type=Connector,name="connector.file.mule.default"
2017-12-27 11:01:17,472 [main] INFO  org.mule.DefaultMuleContext - 
**********************************************************************
* Application: filetf                                                *
* OS encoding: \, Mule encoding: UTF-8                               *
*                                                                    *
* Agents Running:                                                    *
*   DevKit Extension Information                                     *
*   JMX Agent                                                        *
*   Batch module default engine                                      *
*   Wrapper Manager                                                  *
**********************************************************************
2017-12-27 11:01:17,958 [[filetf].connector.file.mule.default.receiver.01] INFO  org.mule.transport.file.FileMessageReceiver - Lock obtained on file: C:\Users\M1043068\Desktop\source\file1.txt
2017-12-27 11:01:18,064 [[filetf].filetfFlow.stage1.02] INFO  org.mule.api.processor.LoggerMessageProcessor - file transfered successfullyyyyy
2017-12-27 11:01:18,111 [[filetf].connector.file.mule.default.dispatcher.01] INFO  org.mule.lifecycle.AbstractLifecycleManager - Initialising: 'connector.file.mule.default.dispatcher.488276244'. Object is: FileMessageDispatcher
2017-12-27 11:01:18,111 [[filetf].connector.file.mule.default.dispatcher.01] INFO  org.mule.lifecycle.AbstractLifecycleManager - Starting: 'connector.file.mule.default.dispatcher.488276244'. Object is: FileMessageDispatcher
2017-12-27 11:01:18,127 [[filetf].connector.file.mule.default.dispatcher.01] INFO  org.mule.transport.file.FileConnector - Writing file to: C:\Users\M1043068\Desktop\Destination\file1.txt
2018-01-09 14:07:09,686 [main] INFO  org.mule.module.launcher.application.DefaultMuleApplication - 
++++++++++++++++++++++++++++++++++++++++++++++++++++++++++++
+ Initializing app 'filetf'                                +
++++++++++++++++++++++++++++++++++++++++++++++++++++++++++++
2018-01-09 14:07:09,855 [main] INFO  org.mule.lifecycle.AbstractLifecycleManager - Initialising RegistryBroker
2018-01-09 14:07:09,962 [main] INFO  org.mule.module.extension.internal.manager.DefaultExtensionManager - Starting discovery of extensions
2018-01-09 14:07:10,065 [main] INFO  org.mule.module.extension.internal.manager.DefaultExtensionManager - Discovered 1 extensions
2018-01-09 14:07:10,066 [main] INFO  org.mule.module.extension.internal.manager.DefaultExtensionManager - Registering extension validation (version 3.8)
2018-01-09 14:07:10,133 [main] INFO  org.mule.config.spring.MuleArtifactContext - Refreshing org.mule.config.spring.MuleArtifactContext@544630b7: startup date [Tue Jan 09 14:07:10 IST 2018]; root of context hierarchy
2018-01-09 14:07:11,322 [main] INFO  org.mule.config.spring.processors.NoDevkitInjectorProcessor - JSR-330 'javax.inject.Inject' annotation found and supported for autowiring
2018-01-09 14:07:12,063 [main] WARN  org.mule.module.ognl.expression.OgnlExpressionEvaluator - OGNL module is deprecated and will be removed in Mule 4.0. Use MEL expressions instead.
2018-01-09 14:07:12,287 [main] INFO  org.mule.util.journal.TransactionJournal - Using files for tx logs C:\Users\EAI\AnypointStudio\workspace\final-master\.mule\.\.mule\filetf\queue-tx-log\tx1.log and C:\Users\EAI\AnypointStudio\workspace\final-master\.mule\.\.mule\filetf\queue-tx-log\tx2.log
2018-01-09 14:07:12,312 [main] INFO  org.mule.util.journal.TransactionJournal - Using files for tx logs C:\Users\EAI\AnypointStudio\workspace\final-master\.mule\.\.mule\filetf\queue-xa-tx-log\tx1.log and C:\Users\EAI\AnypointStudio\workspace\final-master\.mule\.\.mule\filetf\queue-xa-tx-log\tx2.log
2018-01-09 14:07:12,318 [main] INFO  org.mule.lifecycle.AbstractLifecycleManager - Initialising connector: connector.file.mule.default
2018-01-09 14:07:12,460 [main] INFO  org.mule.lifecycle.AbstractLifecycleManager - Initialising model: _muleSystemModel
2018-01-09 14:07:12,464 [main] INFO  org.mule.construct.FlowConstructLifecycleManager - Initialising flow: filetfFlow
2018-01-09 14:07:12,464 [main] INFO  org.mule.exception.DefaultMessagingExceptionStrategy - Initialising exception listener: org.mule.exception.DefaultMessagingExceptionStrategy@2676dc05
2018-01-09 14:07:12,485 [main] INFO  org.mule.processor.SedaStageLifecycleManager - Initialising service: filetfFlow.stage1
2018-01-09 14:07:12,845 [main] INFO  org.mule.config.spring.SpringXmlConfigurationBuilder - Configured Mule using "org.mule.config.spring.SpringXmlConfigurationBuilder" with configuration resource(s): "[ConfigResource{resourceName='C:\Users\EAI\AnypointStudio\workspace\final-master\.mule\apps\filetf\filetf.xml'}]"
2018-01-09 14:07:12,845 [main] INFO  org.mule.config.builders.AutoConfigurationBuilder - Configured Mule using "org.mule.config.builders.AutoConfigurationBuilder" with configuration resource(s): "[ConfigResource{resourceName='C:\Users\EAI\AnypointStudio\workspace\final-master\.mule\apps\filetf\filetf.xml'}]"
2018-01-09 14:07:15,891 [main] INFO  org.mule.module.launcher.application.DefaultMuleApplication - 
++++++++++++++++++++++++++++++++++++++++++++++++++++++++++++
+ Starting app 'filetf'                                    +
++++++++++++++++++++++++++++++++++++++++++++++++++++++++++++
2018-01-09 14:07:15,901 [main] INFO  org.mule.util.queue.QueueXaResourceManager - Starting ResourceManager
2018-01-09 14:07:15,902 [main] INFO  org.mule.util.queue.QueueXaResourceManager - Started ResourceManager
2018-01-09 14:07:16,256 [main] INFO  org.mule.transport.file.FileConnector - Connected: FileConnector
{
  name=connector.file.mule.default
  lifecycle=initialise
  this=2f7efd0b
  numberOfConcurrentTransactedReceivers=4
  createMultipleTransactedReceivers=true
  connected=true
  supportedProtocols=[file]
  serviceOverrides=<none>
}

2018-01-09 14:07:16,256 [main] INFO  org.mule.transport.file.FileConnector - Starting: FileConnector
{
  name=connector.file.mule.default
  lifecycle=initialise
  this=2f7efd0b
  numberOfConcurrentTransactedReceivers=4
  createMultipleTransactedReceivers=true
  connected=true
  supportedProtocols=[file]
  serviceOverrides=<none>
}

2018-01-09 14:07:16,257 [main] INFO  org.mule.lifecycle.AbstractLifecycleManager - Starting connector: connector.file.mule.default
2018-01-09 14:07:16,258 [main] INFO  org.mule.modules.oauth2.provider.agents.DefaultSplashScreenAgent - 
++++++++++++++++++++++++++++++++++++++++++++++++++++++++++++++++++++++++++++++++
+ DevKit Extensions (0) used in this application 
                             +
++++++++++++++++++++++++++++++++++++++++++++++++++++++++++++++++++++++++++++++++
2018-01-09 14:07:16,260 [main] INFO  org.mule.lifecycle.AbstractLifecycleManager - Starting model: _muleSystemModel
2018-01-09 14:07:16,261 [main] INFO  org.mule.construct.FlowConstructLifecycleManager - Starting flow: filetfFlow
2018-01-09 14:07:16,262 [main] INFO  org.mule.processor.SedaStageLifecycleManager - Starting service: filetfFlow.stage1
2018-01-09 14:07:16,294 [main] INFO  org.mule.transport.file.FileConnector - Registering listener: filetfFlow on endpointUri: file:///C:/Users/EAI/Desktop/source/
2018-01-09 14:07:16,383 [main] INFO  org.mule.lifecycle.AbstractLifecycleManager - Initialising: 'null'. Object is: FileMessageReceiver
2018-01-09 14:07:16,388 [main] INFO  org.mule.transport.file.FileMessageReceiver - Connecting clusterizable message receiver
2018-01-09 14:07:16,389 [main] INFO  org.mule.lifecycle.AbstractLifecycleManager - Starting: 'null'. Object is: FileMessageReceiver
2018-01-09 14:07:16,389 [main] INFO  org.mule.transport.file.FileMessageReceiver - Starting clusterizable message receiver
2018-01-09 14:07:16,396 [main] INFO  org.mule.module.management.agent.WrapperManagerAgent - This JVM hasn't been launched by the wrapper, the agent will not run.
2018-01-09 14:07:16,412 [main] INFO  org.mule.module.management.agent.AbstractJmxAgent - Attempting to register service with name: Mule.filetf:type=Endpoint,service="filetfFlow",connector=connector.file.mule.default,name="endpoint..C.Users.EAI.Desktop.source"
2018-01-09 14:07:16,412 [main] INFO  org.mule.module.management.agent.AbstractJmxAgent - Registered Endpoint Service with name: Mule.filetf:type=Endpoint,service="filetfFlow",connector=connector.file.mule.default,name="endpoint..C.Users.EAI.Desktop.source"
2018-01-09 14:07:16,413 [main] INFO  org.mule.module.management.agent.AbstractJmxAgent - Registered Connector Service with name Mule.filetf:type=Connector,name="connector.file.mule.default"
2018-01-09 14:07:16,416 [main] INFO  org.mule.DefaultMuleContext - 
**********************************************************************
* Application: filetf                                                *
* OS encoding: \, Mule encoding: UTF-8                               *
*                                                                    *
* Agents Running:                                                    *
*   DevKit Extension Information                                     *
*   JMX Agent                                                        *
*   Batch module default engine                                      *
*   Wrapper Manager                                                  *
**********************************************************************
2018-01-09 14:07:17,461 [[filetf].connector.file.mule.default.receiver.01] INFO  org.mule.transport.file.FileMessageReceiver - Lock obtained on file: C:\Users\EAI\Desktop\source\text.txt
2018-01-09 14:07:17,548 [[filetf].filetfFlow.stage1.02] INFO  org.mule.api.processor.LoggerMessageProcessor - file transfered successfullyyyyy
2018-01-09 14:07:17,572 [[filetf].connector.file.mule.default.dispatcher.01] INFO  org.mule.lifecycle.AbstractLifecycleManager - Initialising: 'connector.file.mule.default.dispatcher.472345936'. Object is: FileMessageDispatcher
2018-01-09 14:07:17,572 [[filetf].connector.file.mule.default.dispatcher.01] INFO  org.mule.lifecycle.AbstractLifecycleManager - Starting: 'connector.file.mule.default.dispatcher.472345936'. Object is: FileMessageDispatcher
2018-01-09 14:07:17,576 [[filetf].connector.file.mule.default.dispatcher.01] INFO  org.mule.transport.file.FileConnector - Writing file to: C:\Users\EAI\Desktop\destination\text.txt
2018-01-09 14:08:01,442 [[filetf].connector.file.mule.default.receiver.01] INFO  org.mule.transport.file.FileMessageReceiver - Lock obtained on file: C:\Users\EAI\Desktop\source\text.txt
2018-01-09 14:08:01,446 [[filetf].filetfFlow.stage1.02] INFO  org.mule.api.processor.LoggerMessageProcessor - file transfered successfullyyyyy
2018-01-09 14:08:01,463 [[filetf].connector.file.mule.default.dispatcher.01] INFO  org.mule.transport.file.FileConnector - Writing file to: C:\Users\EAI\Desktop\destination\text.txt
2018-01-09 14:08:17,457 [[filetf].connector.file.mule.default.receiver.01] INFO  org.mule.transport.file.FileMessageReceiver - Lock obtained on file: C:\Users\EAI\Desktop\source\text.txt
2018-01-09 14:08:17,461 [[filetf].filetfFlow.stage1.02] INFO  org.mule.api.processor.LoggerMessageProcessor - file transfered successfullyyyyy
2018-01-09 14:08:17,472 [[filetf].connector.file.mule.default.dispatcher.01] INFO  org.mule.transport.file.FileConnector - Writing file to: C:\Users\EAI\Desktop\destination\text.txt
2018-01-09 14:08:53,491 [[filetf].connector.file.mule.default.receiver.01] INFO  org.mule.transport.file.FileMessageReceiver - Lock obtained on file: C:\Users\EAI\Desktop\source\one.txt
2018-01-09 14:08:53,495 [[filetf].filetfFlow.stage1.02] INFO  org.mule.api.processor.LoggerMessageProcessor - file transfered successfullyyyyy
2018-01-09 14:08:53,511 [[filetf].connector.file.mule.default.dispatcher.01] INFO  org.mule.transport.file.FileConnector - Writing file to: C:\Users\EAI\Desktop\destination\one.txt
2018-01-09 14:08:54,489 [[filetf].connector.file.mule.default.receiver.01] INFO  org.mule.transport.file.FileMessageReceiver - Lock obtained on file: C:\Users\EAI\Desktop\source\one.txt
2018-01-09 14:08:54,492 [[filetf].filetfFlow.stage1.02] INFO  org.mule.api.processor.LoggerMessageProcessor - file transfered successfullyyyyy
2018-01-09 14:08:54,499 [[filetf].connector.file.mule.default.dispatcher.01] INFO  org.mule.transport.file.FileConnector - Writing file to: C:\Users\EAI\Desktop\destination\one.txt
