2018-01-10 10:27:16,140 [main] INFO  org.mule.module.launcher.application.DefaultMuleApplication - 
++++++++++++++++++++++++++++++++++++++++++++++++++++++++++++
+ Initializing app 'javacomponent'                         +
++++++++++++++++++++++++++++++++++++++++++++++++++++++++++++
2018-01-10 10:27:16,288 [main] INFO  org.mule.lifecycle.AbstractLifecycleManager - Initialising RegistryBroker
2018-01-10 10:27:16,398 [main] INFO  org.mule.module.extension.internal.manager.DefaultExtensionManager - Starting discovery of extensions
2018-01-10 10:27:16,492 [main] INFO  org.mule.module.extension.internal.manager.DefaultExtensionManager - Discovered 1 extensions
2018-01-10 10:27:16,492 [main] INFO  org.mule.module.extension.internal.manager.DefaultExtensionManager - Registering extension validation (version 3.8)
2018-01-10 10:27:16,564 [main] INFO  org.mule.config.spring.MuleArtifactContext - Refreshing org.mule.config.spring.MuleArtifactContext@1095f122: startup date [Wed Jan 10 10:27:16 IST 2018]; root of context hierarchy
2018-01-10 10:27:17,611 [main] INFO  org.mule.config.spring.processors.NoDevkitInjectorProcessor - JSR-330 'javax.inject.Inject' annotation found and supported for autowiring
2018-01-10 10:27:18,242 [main] WARN  org.mule.module.ognl.expression.OgnlExpressionEvaluator - OGNL module is deprecated and will be removed in Mule 4.0. Use MEL expressions instead.
2018-01-10 10:27:18,870 [main] INFO  org.mule.util.journal.TransactionJournal - Using files for tx logs C:\Users\EAI\AnypointStudio\workspace\final-master\.mule\.\.mule\javacomponent\queue-tx-log\tx1.log and C:\Users\EAI\AnypointStudio\workspace\final-master\.mule\.\.mule\javacomponent\queue-tx-log\tx2.log
2018-01-10 10:27:18,900 [main] INFO  org.mule.util.journal.TransactionJournal - Using files for tx logs C:\Users\EAI\AnypointStudio\workspace\final-master\.mule\.\.mule\javacomponent\queue-xa-tx-log\tx1.log and C:\Users\EAI\AnypointStudio\workspace\final-master\.mule\.\.mule\javacomponent\queue-xa-tx-log\tx2.log
2018-01-10 10:27:18,992 [main] INFO  org.mule.lifecycle.AbstractLifecycleManager - Initialising model: _muleSystemModel
2018-01-10 10:27:18,992 [main] INFO  org.mule.construct.FlowConstructLifecycleManager - Initialising flow: javacomponentFlow
2018-01-10 10:27:18,992 [main] INFO  org.mule.exception.DefaultMessagingExceptionStrategy - Initialising exception listener: org.mule.exception.DefaultMessagingExceptionStrategy@798dad3d
2018-01-10 10:27:19,023 [main] INFO  org.mule.processor.SedaStageLifecycleManager - Initialising service: javacomponentFlow.stage1
2018-01-10 10:27:19,023 [main] INFO  org.mule.component.ComponentLifecycleManager - Initialising component: component.585803886
2018-01-10 10:27:19,023 [main] INFO  org.mule.component.ComponentLifecycleManager - Initialising component: component.1623761043
2018-01-10 10:27:19,265 [main] INFO  org.mule.config.spring.SpringXmlConfigurationBuilder - Configured Mule using "org.mule.config.spring.SpringXmlConfigurationBuilder" with configuration resource(s): "[ConfigResource{resourceName='C:\Users\EAI\AnypointStudio\workspace\final-master\.mule\apps\javacomponent\javacomponent.xml'}]"
2018-01-10 10:27:19,265 [main] INFO  org.mule.config.builders.AutoConfigurationBuilder - Configured Mule using "org.mule.config.builders.AutoConfigurationBuilder" with configuration resource(s): "[ConfigResource{resourceName='C:\Users\EAI\AnypointStudio\workspace\final-master\.mule\apps\javacomponent\javacomponent.xml'}]"
2018-01-10 10:27:22,306 [main] INFO  org.mule.module.launcher.application.DefaultMuleApplication - 
++++++++++++++++++++++++++++++++++++++++++++++++++++++++++++
+ Starting app 'javacomponent'                             +
++++++++++++++++++++++++++++++++++++++++++++++++++++++++++++
2018-01-10 10:27:22,314 [main] INFO  org.mule.util.queue.QueueXaResourceManager - Starting ResourceManager
2018-01-10 10:27:22,314 [main] INFO  org.mule.util.queue.QueueXaResourceManager - Started ResourceManager
2018-01-10 10:27:22,370 [main] INFO  org.mule.module.http.internal.listener.DefaultHttpListenerConfig - Listening for requests on http://0.0.0.0:8081
2018-01-10 10:27:22,370 [main] INFO  org.mule.modules.oauth2.provider.agents.DefaultSplashScreenAgent - 
++++++++++++++++++++++++++++++++++++++++++++++++++++++++++++++++++++++++++++++++
+ DevKit Extensions (0) used in this application 
                             +
++++++++++++++++++++++++++++++++++++++++++++++++++++++++++++++++++++++++++++++++
2018-01-10 10:27:22,370 [main] INFO  org.mule.lifecycle.AbstractLifecycleManager - Starting model: _muleSystemModel
2018-01-10 10:27:22,370 [main] INFO  org.mule.construct.FlowConstructLifecycleManager - Starting flow: javacomponentFlow
2018-01-10 10:27:22,370 [main] INFO  org.mule.processor.SedaStageLifecycleManager - Starting service: javacomponentFlow.stage1
2018-01-10 10:27:22,386 [main] INFO  org.mule.component.ComponentLifecycleManager - Starting component: component.585803886
2018-01-10 10:27:22,397 [main] INFO  org.mule.component.ComponentLifecycleManager - Starting component: component.1623761043
2018-01-10 10:27:22,414 [main] INFO  org.mule.module.management.agent.WrapperManagerAgent - This JVM hasn't been launched by the wrapper, the agent will not run.
2018-01-10 10:27:22,446 [main] INFO  org.mule.DefaultMuleContext - 
**********************************************************************
* Application: javacomponent                                         *
* OS encoding: \, Mule encoding: UTF-8                               *
*                                                                    *
* Agents Running:                                                    *
*   DevKit Extension Information                                     *
*   JMX Agent                                                        *
*   Batch module default engine                                      *
*   Wrapper Manager                                                  *
**********************************************************************
2018-01-10 10:27:59,414 [[javacomponent].HTTP_Listener_Configuration.worker.01] INFO  org.mule.component.simple.LogComponent - 
********************************************************************************
* Message received in service: javacomponentFlow. Content is: '15'             *
********************************************************************************
2018-01-10 10:27:59,429 [[javacomponent].HTTP_Listener_Configuration.worker.01] INFO  org.mule.component.simple.LogComponent - 
********************************************************************************
* Message received in service: javacomponentFlow. Content is: '5'              *
********************************************************************************
2018-01-10 10:28:37,635 [Mule.app.deployer.monitor.1.thread.1] INFO  org.mule.module.launcher.application.DefaultMuleApplication - 
++++++++++++++++++++++++++++++++++++++++++++++++++++++++++++
+ Stopping app 'javacomponent'                             +
++++++++++++++++++++++++++++++++++++++++++++++++++++++++++++
2018-01-10 10:28:37,636 [Mule.app.deployer.monitor.1.thread.1] INFO  org.mule.construct.FlowConstructLifecycleManager - Stopping flow: javacomponentFlow
2018-01-10 10:28:37,636 [Mule.app.deployer.monitor.1.thread.1] INFO  org.mule.processor.SedaStageLifecycleManager - Stopping service: javacomponentFlow.stage1
2018-01-10 10:28:37,839 [Mule.app.deployer.monitor.1.thread.1] INFO  org.mule.component.ComponentLifecycleManager - Stopping component: component.585803886
2018-01-10 10:28:37,839 [Mule.app.deployer.monitor.1.thread.1] INFO  org.mule.component.ComponentLifecycleManager - Stopping component: component.1623761043
2018-01-10 10:28:37,839 [Mule.app.deployer.monitor.1.thread.1] INFO  org.mule.lifecycle.AbstractLifecycleManager - Stopping model: _muleSystemModel
2018-01-10 10:28:37,854 [Mule.app.deployer.monitor.1.thread.1] INFO  org.mule.module.http.internal.listener.DefaultHttpListenerConfig - Stopped listener on http://0.0.0.0:8081
2018-01-10 10:28:37,854 [Mule.app.deployer.monitor.1.thread.1] INFO  org.mule.util.queue.QueueXaResourceManager - Stopping ResourceManager
2018-01-10 10:28:37,854 [Mule.app.deployer.monitor.1.thread.1] INFO  org.mule.util.queue.QueueXaResourceManager - Stopped ResourceManager
2018-01-10 10:28:37,870 [Mule.app.deployer.monitor.1.thread.1] INFO  org.mule.module.launcher.application.DefaultMuleApplication - 
++++++++++++++++++++++++++++++++++++++++++++++++++++++++++++
+ Disposing app 'javacomponent'                            +
++++++++++++++++++++++++++++++++++++++++++++++++++++++++++++
2018-01-10 10:28:37,870 [Mule.app.deployer.monitor.1.thread.1] INFO  org.mule.lifecycle.AbstractLifecycleManager - Disposing RegistryBroker
2018-01-10 10:28:37,870 [Mule.app.deployer.monitor.1.thread.1] INFO  org.mule.construct.FlowConstructLifecycleManager - Disposing flow: javacomponentFlow
2018-01-10 10:28:37,870 [Mule.app.deployer.monitor.1.thread.1] INFO  org.mule.processor.SedaStageLifecycleManager - Disposing service: javacomponentFlow.stage1
2018-01-10 10:28:37,870 [Mule.app.deployer.monitor.1.thread.1] INFO  org.mule.component.ComponentLifecycleManager - Disposing component: component.585803886
2018-01-10 10:28:37,870 [Mule.app.deployer.monitor.1.thread.1] INFO  org.mule.component.ComponentLifecycleManager - Disposing component: component.1623761043
2018-01-10 10:28:37,870 [Mule.app.deployer.monitor.1.thread.1] INFO  org.mule.lifecycle.AbstractLifecycleManager - Disposing model: _muleSystemModel
2018-01-10 10:28:37,991 [Mule.app.deployer.monitor.1.thread.1] INFO  org.mule.config.spring.MuleArtifactContext - Closing org.mule.config.spring.MuleArtifactContext@1095f122: startup date [Wed Jan 10 10:27:16 IST 2018]; root of context hierarchy
2018-01-10 10:28:38,148 [Mule.app.deployer.monitor.1.thread.1] INFO  org.mule.DefaultMuleContext - 
**********************************************************************
* Application "javacomponent" shut down normally on: 1/10/18 10:28   *
* AM                                                                 *
* Up for: 0 days, 0 hours, 1 mins, 15.839 sec                        *
**********************************************************************
2018-01-10 10:28:38,256 [Mule.app.deployer.monitor.1.thread.1] INFO  org.mule.module.launcher.application.DefaultMuleApplication - 
++++++++++++++++++++++++++++++++++++++++++++++++++++++++++++
+ Initializing app 'javacomponent'                         +
++++++++++++++++++++++++++++++++++++++++++++++++++++++++++++
2018-01-10 10:28:38,256 [Mule.app.deployer.monitor.1.thread.1] WARN  com.mulesoft.module.client.APIPlatformClientCoreExtension - Client ID or Client Secret were not provided. API Manager client is DISABLED for app javacomponent
2018-01-10 10:28:38,256 [Mule.app.deployer.monitor.1.thread.1] INFO  org.mule.lifecycle.AbstractLifecycleManager - Initialising RegistryBroker
2018-01-10 10:28:38,256 [Mule.app.deployer.monitor.1.thread.1] INFO  org.mule.module.extension.internal.manager.DefaultExtensionManager - Starting discovery of extensions
2018-01-10 10:28:38,272 [Mule.app.deployer.monitor.1.thread.1] INFO  org.mule.module.extension.internal.manager.DefaultExtensionManager - Discovered 1 extensions
2018-01-10 10:28:38,272 [Mule.app.deployer.monitor.1.thread.1] INFO  org.mule.module.extension.internal.manager.DefaultExtensionManager - Registering extension validation (version 3.8)
2018-01-10 10:28:38,272 [Mule.app.deployer.monitor.1.thread.1] INFO  org.mule.config.spring.MuleArtifactContext - Refreshing org.mule.config.spring.MuleArtifactContext@6dac1fa5: startup date [Wed Jan 10 10:28:38 IST 2018]; root of context hierarchy
2018-01-10 10:28:38,539 [Mule.app.deployer.monitor.1.thread.1] INFO  org.mule.config.spring.processors.NoDevkitInjectorProcessor - JSR-330 'javax.inject.Inject' annotation found and supported for autowiring
2018-01-10 10:28:38,627 [Mule.app.deployer.monitor.1.thread.1] INFO  org.mule.util.journal.TransactionJournal - Using files for tx logs C:\Users\EAI\AnypointStudio\workspace\final-master\.mule\.\.mule\javacomponent\queue-tx-log\tx1.log and C:\Users\EAI\AnypointStudio\workspace\final-master\.mule\.\.mule\javacomponent\queue-tx-log\tx2.log
2018-01-10 10:28:38,630 [Mule.app.deployer.monitor.1.thread.1] INFO  org.mule.util.journal.TransactionJournal - Using files for tx logs C:\Users\EAI\AnypointStudio\workspace\final-master\.mule\.\.mule\javacomponent\queue-xa-tx-log\tx1.log and C:\Users\EAI\AnypointStudio\workspace\final-master\.mule\.\.mule\javacomponent\queue-xa-tx-log\tx2.log
2018-01-10 10:28:38,639 [Mule.app.deployer.monitor.1.thread.1] INFO  org.mule.lifecycle.AbstractLifecycleManager - Initialising model: _muleSystemModel
2018-01-10 10:28:38,639 [Mule.app.deployer.monitor.1.thread.1] INFO  org.mule.construct.FlowConstructLifecycleManager - Initialising flow: javacomponentFlow
2018-01-10 10:28:38,640 [Mule.app.deployer.monitor.1.thread.1] INFO  org.mule.exception.DefaultMessagingExceptionStrategy - Initialising exception listener: org.mule.exception.DefaultMessagingExceptionStrategy@1c0fb76e
2018-01-10 10:28:38,644 [Mule.app.deployer.monitor.1.thread.1] INFO  org.mule.processor.SedaStageLifecycleManager - Initialising service: javacomponentFlow.stage1
2018-01-10 10:28:38,644 [Mule.app.deployer.monitor.1.thread.1] INFO  org.mule.component.ComponentLifecycleManager - Initialising component: component.1999455934
2018-01-10 10:28:38,644 [Mule.app.deployer.monitor.1.thread.1] INFO  org.mule.component.ComponentLifecycleManager - Initialising component: component.748645901
2018-01-10 10:28:38,644 [Mule.app.deployer.monitor.1.thread.1] INFO  org.mule.component.ComponentLifecycleManager - Initialising component: component.1400629578
2018-01-10 10:28:38,662 [Mule.app.deployer.monitor.1.thread.1] INFO  org.mule.config.spring.SpringXmlConfigurationBuilder - Configured Mule using "org.mule.config.spring.SpringXmlConfigurationBuilder" with configuration resource(s): "[ConfigResource{resourceName='C:\Users\EAI\AnypointStudio\workspace\final-master\.mule\apps\javacomponent\javacomponent.xml'}]"
2018-01-10 10:28:38,662 [Mule.app.deployer.monitor.1.thread.1] INFO  org.mule.config.builders.AutoConfigurationBuilder - Configured Mule using "org.mule.config.builders.AutoConfigurationBuilder" with configuration resource(s): "[ConfigResource{resourceName='C:\Users\EAI\AnypointStudio\workspace\final-master\.mule\apps\javacomponent\javacomponent.xml'}]"
2018-01-10 10:28:41,678 [Mule.app.deployer.monitor.1.thread.1] INFO  org.mule.module.launcher.application.DefaultMuleApplication - 
++++++++++++++++++++++++++++++++++++++++++++++++++++++++++++
+ Starting app 'javacomponent'                             +
++++++++++++++++++++++++++++++++++++++++++++++++++++++++++++
2018-01-10 10:28:41,684 [Mule.app.deployer.monitor.1.thread.1] INFO  org.mule.util.queue.QueueXaResourceManager - Starting ResourceManager
2018-01-10 10:28:41,684 [Mule.app.deployer.monitor.1.thread.1] INFO  org.mule.util.queue.QueueXaResourceManager - Started ResourceManager
2018-01-10 10:28:41,733 [Mule.app.deployer.monitor.1.thread.1] INFO  org.mule.module.http.internal.listener.DefaultHttpListenerConfig - Listening for requests on http://0.0.0.0:8081
2018-01-10 10:28:41,734 [Mule.app.deployer.monitor.1.thread.1] INFO  org.mule.modules.oauth2.provider.agents.DefaultSplashScreenAgent - 
++++++++++++++++++++++++++++++++++++++++++++++++++++++++++++++++++++++++++++++++
+ DevKit Extensions (0) used in this application 
                             +
++++++++++++++++++++++++++++++++++++++++++++++++++++++++++++++++++++++++++++++++
2018-01-10 10:28:41,735 [Mule.app.deployer.monitor.1.thread.1] INFO  org.mule.lifecycle.AbstractLifecycleManager - Starting model: _muleSystemModel
2018-01-10 10:28:41,736 [Mule.app.deployer.monitor.1.thread.1] INFO  org.mule.construct.FlowConstructLifecycleManager - Starting flow: javacomponentFlow
2018-01-10 10:28:41,736 [Mule.app.deployer.monitor.1.thread.1] INFO  org.mule.processor.SedaStageLifecycleManager - Starting service: javacomponentFlow.stage1
2018-01-10 10:28:41,738 [Mule.app.deployer.monitor.1.thread.1] INFO  org.mule.component.ComponentLifecycleManager - Starting component: component.1999455934
2018-01-10 10:28:41,739 [Mule.app.deployer.monitor.1.thread.1] INFO  org.mule.component.ComponentLifecycleManager - Starting component: component.748645901
2018-01-10 10:28:41,739 [Mule.app.deployer.monitor.1.thread.1] INFO  org.mule.component.ComponentLifecycleManager - Starting component: component.1400629578
2018-01-10 10:28:41,748 [Mule.app.deployer.monitor.1.thread.1] INFO  org.mule.module.management.agent.WrapperManagerAgent - This JVM hasn't been launched by the wrapper, the agent will not run.
2018-01-10 10:28:41,751 [Mule.app.deployer.monitor.1.thread.1] INFO  org.mule.DefaultMuleContext - 
**********************************************************************
* Application: javacomponent                                         *
* OS encoding: \, Mule encoding: UTF-8                               *
*                                                                    *
* Agents Running:                                                    *
*   DevKit Extension Information                                     *
*   JMX Agent                                                        *
*   Batch module default engine                                      *
*   Wrapper Manager                                                  *
**********************************************************************
2018-01-10 10:28:51,390 [[javacomponent].HTTP_Listener_Configuration.worker.01] INFO  org.mule.component.simple.LogComponent - 
********************************************************************************
* Message received in service: javacomponentFlow. Content is: '15'             *
********************************************************************************
2018-01-10 10:28:51,391 [[javacomponent].HTTP_Listener_Configuration.worker.01] INFO  org.mule.component.simple.LogComponent - 
********************************************************************************
* Message received in service: javacomponentFlow. Content is: '5'              *
********************************************************************************
2018-01-10 10:28:51,391 [[javacomponent].HTTP_Listener_Configuration.worker.01] INFO  org.mule.component.simple.LogComponent - 
********************************************************************************
* Message received in service: javacomponentFlow. Content is: '50'             *
********************************************************************************
