2018-01-09 09:57:54,289 [main] INFO  org.mule.module.launcher.application.DefaultMuleApplication - 
++++++++++++++++++++++++++++++++++++++++++++++++++++++++++++
+ Initializing app 'ramlconsume'                           +
++++++++++++++++++++++++++++++++++++++++++++++++++++++++++++
2018-01-09 09:57:54,477 [main] INFO  org.mule.lifecycle.AbstractLifecycleManager - Initialising RegistryBroker
2018-01-09 09:57:54,578 [main] INFO  org.mule.module.extension.internal.manager.DefaultExtensionManager - Starting discovery of extensions
2018-01-09 09:57:54,678 [main] INFO  org.mule.module.extension.internal.manager.DefaultExtensionManager - Discovered 1 extensions
2018-01-09 09:57:54,678 [main] INFO  org.mule.module.extension.internal.manager.DefaultExtensionManager - Registering extension validation (version 3.8)
2018-01-09 09:57:54,750 [main] INFO  org.mule.config.spring.MuleArtifactContext - Refreshing org.mule.config.spring.MuleArtifactContext@73511076: startup date [Tue Jan 09 09:57:54 IST 2018]; root of context hierarchy
2018-01-09 09:57:55,930 [main] INFO  org.mule.config.spring.processors.NoDevkitInjectorProcessor - JSR-330 'javax.inject.Inject' annotation found and supported for autowiring
2018-01-09 09:57:56,625 [main] WARN  org.mule.module.ognl.expression.OgnlExpressionEvaluator - OGNL module is deprecated and will be removed in Mule 4.0. Use MEL expressions instead.
2018-01-09 09:57:57,206 [main] INFO  org.mule.util.journal.TransactionJournal - Using files for tx logs C:\Users\EAI\AnypointStudio\workspace\final-master\.mule\.\.mule\ramlconsume\queue-tx-log\tx1.log and C:\Users\EAI\AnypointStudio\workspace\final-master\.mule\.\.mule\ramlconsume\queue-tx-log\tx2.log
2018-01-09 09:57:57,216 [main] INFO  org.mule.util.journal.TransactionJournal - Using files for tx logs C:\Users\EAI\AnypointStudio\workspace\final-master\.mule\.\.mule\ramlconsume\queue-xa-tx-log\tx1.log and C:\Users\EAI\AnypointStudio\workspace\final-master\.mule\.\.mule\ramlconsume\queue-xa-tx-log\tx2.log
2018-01-09 09:57:57,295 [main] INFO  org.mule.lifecycle.AbstractLifecycleManager - Initialising model: _muleSystemModel
2018-01-09 09:57:57,300 [main] INFO  org.mule.construct.FlowConstructLifecycleManager - Initialising flow: employee-main
2018-01-09 09:57:57,301 [main] INFO  org.mule.module.apikit.MappingExceptionListener - Initialising exception listener: MappingExceptionListener{statusCode=404, exceptions=[org.mule.module.apikit.exception.NotFoundException]}
2018-01-09 09:57:57,305 [main] INFO  org.mule.module.apikit.MappingExceptionListener - Initialising exception listener: MappingExceptionListener{statusCode=405, exceptions=[org.mule.module.apikit.exception.MethodNotAllowedException]}
2018-01-09 09:57:57,305 [main] INFO  org.mule.module.apikit.MappingExceptionListener - Initialising exception listener: MappingExceptionListener{statusCode=415, exceptions=[org.mule.module.apikit.exception.UnsupportedMediaTypeException]}
2018-01-09 09:57:57,305 [main] INFO  org.mule.module.apikit.MappingExceptionListener - Initialising exception listener: MappingExceptionListener{statusCode=406, exceptions=[org.mule.module.apikit.exception.NotAcceptableException]}
2018-01-09 09:57:57,306 [main] INFO  org.mule.module.apikit.MappingExceptionListener - Initialising exception listener: MappingExceptionListener{statusCode=400, exceptions=[org.mule.module.apikit.exception.BadRequestException]}
2018-01-09 09:57:57,325 [main] INFO  org.mule.processor.SedaStageLifecycleManager - Initialising service: employee-main.stage1
2018-01-09 09:57:57,333 [main] INFO  org.mule.construct.FlowConstructLifecycleManager - Initialising flow: employee-console
2018-01-09 09:57:57,333 [main] INFO  org.mule.exception.DefaultMessagingExceptionStrategy - Initialising exception listener: org.mule.exception.DefaultMessagingExceptionStrategy@629984eb
2018-01-09 09:57:57,337 [main] INFO  org.mule.processor.SedaStageLifecycleManager - Initialising service: employee-console.stage1
2018-01-09 09:57:57,340 [main] INFO  org.mule.construct.FlowConstructLifecycleManager - Initialising flow: get:/employee:employee-config
2018-01-09 09:57:57,340 [main] INFO  org.mule.exception.DefaultMessagingExceptionStrategy - Initialising exception listener: org.mule.exception.DefaultMessagingExceptionStrategy@20ead579
2018-01-09 09:57:57,343 [main] INFO  org.mule.processor.SedaStageLifecycleManager - Initialising service: get:/employee:employee-config.stage1
2018-01-09 09:57:57,343 [main] INFO  org.mule.construct.FlowConstructLifecycleManager - Initialising flow: get:/employee/{ID}:employee-config
2018-01-09 09:57:57,343 [main] INFO  org.mule.exception.DefaultMessagingExceptionStrategy - Initialising exception listener: org.mule.exception.DefaultMessagingExceptionStrategy@2e1b374c
2018-01-09 09:57:57,346 [main] INFO  org.mule.processor.SedaStageLifecycleManager - Initialising service: get:/employee/{ID}:employee-config.stage1
2018-01-09 09:57:57,346 [main] INFO  org.mule.construct.FlowConstructLifecycleManager - Initialising flow: post:/employee:employee-config
2018-01-09 09:57:57,346 [main] INFO  org.mule.exception.DefaultMessagingExceptionStrategy - Initialising exception listener: org.mule.exception.DefaultMessagingExceptionStrategy@77d4ac52
2018-01-09 09:57:57,349 [main] INFO  org.mule.processor.SedaStageLifecycleManager - Initialising service: post:/employee:employee-config.stage1
2018-01-09 09:57:57,349 [main] INFO  org.mule.construct.FlowConstructLifecycleManager - Initialising flow: ramlconsumeFlow
2018-01-09 09:57:57,350 [main] INFO  org.mule.exception.DefaultMessagingExceptionStrategy - Initialising exception listener: org.mule.exception.DefaultMessagingExceptionStrategy@6963b88c
2018-01-09 09:57:57,354 [main] INFO  org.mule.processor.SedaStageLifecycleManager - Initialising service: ramlconsumeFlow.stage1
2018-01-09 09:57:57,993 [main] INFO  org.mule.module.apikit.Configuration - Building resource URI cache...
2018-01-09 09:57:58,211 [main] INFO  org.mule.api.security.tls.TlsProperties - Loading configuration file: tls-default.conf
2018-01-09 09:57:58,232 [main] INFO  org.mule.config.spring.SpringXmlConfigurationBuilder - Configured Mule using "org.mule.config.spring.SpringXmlConfigurationBuilder" with configuration resource(s): "[ConfigResource{resourceName='C:\Users\EAI\AnypointStudio\workspace\final-master\.mule\apps\ramlconsume\employee.xml'}, ConfigResource{resourceName='C:\Users\EAI\AnypointStudio\workspace\final-master\.mule\apps\ramlconsume\ramlconsume.xml'}]"
2018-01-09 09:57:58,232 [main] INFO  org.mule.config.builders.AutoConfigurationBuilder - Configured Mule using "org.mule.config.builders.AutoConfigurationBuilder" with configuration resource(s): "[ConfigResource{resourceName='C:\Users\EAI\AnypointStudio\workspace\final-master\.mule\apps\ramlconsume\employee.xml'}, ConfigResource{resourceName='C:\Users\EAI\AnypointStudio\workspace\final-master\.mule\apps\ramlconsume\ramlconsume.xml'}]"
2018-01-09 09:58:01,264 [main] INFO  org.mule.module.launcher.application.DefaultMuleApplication - 
++++++++++++++++++++++++++++++++++++++++++++++++++++++++++++
+ Starting app 'ramlconsume'                               +
++++++++++++++++++++++++++++++++++++++++++++++++++++++++++++
2018-01-09 09:58:01,273 [main] INFO  org.mule.util.queue.QueueXaResourceManager - Starting ResourceManager
2018-01-09 09:58:01,273 [main] INFO  org.mule.util.queue.QueueXaResourceManager - Started ResourceManager
2018-01-09 09:58:01,346 [main] INFO  org.mule.module.http.internal.listener.DefaultHttpListenerConfig - Listening for requests on http://0.0.0.0:8081
2018-01-09 09:58:01,348 [main] INFO  org.mule.modules.oauth2.provider.agents.DefaultSplashScreenAgent - 
++++++++++++++++++++++++++++++++++++++++++++++++++++++++++++++++++++++++++++++++
+ DevKit Extensions (0) used in this application 
                             +
++++++++++++++++++++++++++++++++++++++++++++++++++++++++++++++++++++++++++++++++
2018-01-09 09:58:01,351 [main] INFO  org.mule.lifecycle.AbstractLifecycleManager - Starting model: _muleSystemModel
2018-01-09 09:58:01,353 [main] INFO  org.mule.construct.FlowConstructLifecycleManager - Starting flow: employee-main
2018-01-09 09:58:01,354 [main] INFO  org.mule.processor.SedaStageLifecycleManager - Starting service: employee-main.stage1
2018-01-09 09:58:01,364 [main] INFO  org.mule.module.apikit.Configuration - 
********************************************************************************
* APIKit Console URL: http://127.0.0.1:8081/console                            *
********************************************************************************
2018-01-09 09:58:01,364 [main] INFO  org.mule.construct.FlowConstructLifecycleManager - Starting flow: employee-console
2018-01-09 09:58:01,364 [main] INFO  org.mule.processor.SedaStageLifecycleManager - Starting service: employee-console.stage1
2018-01-09 09:58:01,383 [main] INFO  org.mule.construct.FlowConstructLifecycleManager - Starting flow: get:/employee:employee-config
2018-01-09 09:58:01,383 [main] INFO  org.mule.processor.SedaStageLifecycleManager - Starting service: get:/employee:employee-config.stage1
2018-01-09 09:58:01,386 [main] INFO  org.mule.construct.FlowConstructLifecycleManager - Starting flow: get:/employee/{ID}:employee-config
2018-01-09 09:58:01,386 [main] INFO  org.mule.processor.SedaStageLifecycleManager - Starting service: get:/employee/{ID}:employee-config.stage1
2018-01-09 09:58:01,389 [main] INFO  org.mule.construct.FlowConstructLifecycleManager - Starting flow: post:/employee:employee-config
2018-01-09 09:58:01,389 [main] INFO  org.mule.processor.SedaStageLifecycleManager - Starting service: post:/employee:employee-config.stage1
2018-01-09 09:58:01,392 [main] INFO  org.mule.construct.FlowConstructLifecycleManager - Starting flow: ramlconsumeFlow
2018-01-09 09:58:01,392 [main] INFO  org.mule.processor.SedaStageLifecycleManager - Starting service: ramlconsumeFlow.stage1
2018-01-09 09:58:01,570 [main] INFO  org.mule.module.management.agent.WrapperManagerAgent - This JVM hasn't been launched by the wrapper, the agent will not run.
2018-01-09 09:58:01,588 [main] INFO  org.mule.DefaultMuleContext - 
**********************************************************************
* Application: ramlconsume                                           *
* OS encoding: \, Mule encoding: UTF-8                               *
*                                                                    *
* Agents Running:                                                    *
*   DevKit Extension Information                                     *
*   JMX Agent                                                        *
*   Batch module default engine                                      *
*   Wrapper Manager                                                  *
**********************************************************************
2018-01-12 09:53:39,473 [main] INFO  org.mule.module.launcher.application.DefaultMuleApplication - 
++++++++++++++++++++++++++++++++++++++++++++++++++++++++++++
+ Initializing app 'ramlconsume'                           +
++++++++++++++++++++++++++++++++++++++++++++++++++++++++++++
2018-01-12 09:53:39,645 [main] INFO  org.mule.lifecycle.AbstractLifecycleManager - Initialising RegistryBroker
2018-01-12 09:53:39,739 [main] INFO  org.mule.module.extension.internal.manager.DefaultExtensionManager - Starting discovery of extensions
2018-01-12 09:53:39,848 [main] INFO  org.mule.module.extension.internal.manager.DefaultExtensionManager - Discovered 1 extensions
2018-01-12 09:53:39,848 [main] INFO  org.mule.module.extension.internal.manager.DefaultExtensionManager - Registering extension validation (version 3.8)
2018-01-12 09:53:39,911 [main] INFO  org.mule.config.spring.MuleArtifactContext - Refreshing org.mule.config.spring.MuleArtifactContext@73511076: startup date [Fri Jan 12 09:53:39 IST 2018]; root of context hierarchy
2018-01-12 09:53:41,036 [main] INFO  org.mule.config.spring.processors.NoDevkitInjectorProcessor - JSR-330 'javax.inject.Inject' annotation found and supported for autowiring
2018-01-12 09:53:41,769 [main] WARN  org.mule.module.ognl.expression.OgnlExpressionEvaluator - OGNL module is deprecated and will be removed in Mule 4.0. Use MEL expressions instead.
2018-01-12 09:53:42,363 [main] INFO  org.mule.util.journal.TransactionJournal - Using files for tx logs C:\Users\EAI\AnypointStudio\workspace\final-master\.mule\.\.mule\ramlconsume\queue-tx-log\tx1.log and C:\Users\EAI\AnypointStudio\workspace\final-master\.mule\.\.mule\ramlconsume\queue-tx-log\tx2.log
2018-01-12 09:53:42,387 [main] INFO  org.mule.util.journal.TransactionJournal - Using files for tx logs C:\Users\EAI\AnypointStudio\workspace\final-master\.mule\.\.mule\ramlconsume\queue-xa-tx-log\tx1.log and C:\Users\EAI\AnypointStudio\workspace\final-master\.mule\.\.mule\ramlconsume\queue-xa-tx-log\tx2.log
2018-01-12 09:53:42,466 [main] INFO  org.mule.lifecycle.AbstractLifecycleManager - Initialising model: _muleSystemModel
2018-01-12 09:53:42,466 [main] INFO  org.mule.construct.FlowConstructLifecycleManager - Initialising flow: employee-main
2018-01-12 09:53:42,466 [main] INFO  org.mule.module.apikit.MappingExceptionListener - Initialising exception listener: MappingExceptionListener{statusCode=404, exceptions=[org.mule.module.apikit.exception.NotFoundException]}
2018-01-12 09:53:42,466 [main] INFO  org.mule.module.apikit.MappingExceptionListener - Initialising exception listener: MappingExceptionListener{statusCode=405, exceptions=[org.mule.module.apikit.exception.MethodNotAllowedException]}
2018-01-12 09:53:42,466 [main] INFO  org.mule.module.apikit.MappingExceptionListener - Initialising exception listener: MappingExceptionListener{statusCode=415, exceptions=[org.mule.module.apikit.exception.UnsupportedMediaTypeException]}
2018-01-12 09:53:42,466 [main] INFO  org.mule.module.apikit.MappingExceptionListener - Initialising exception listener: MappingExceptionListener{statusCode=406, exceptions=[org.mule.module.apikit.exception.NotAcceptableException]}
2018-01-12 09:53:42,466 [main] INFO  org.mule.module.apikit.MappingExceptionListener - Initialising exception listener: MappingExceptionListener{statusCode=400, exceptions=[org.mule.module.apikit.exception.BadRequestException]}
2018-01-12 09:53:42,497 [main] INFO  org.mule.processor.SedaStageLifecycleManager - Initialising service: employee-main.stage1
2018-01-12 09:53:42,512 [main] INFO  org.mule.construct.FlowConstructLifecycleManager - Initialising flow: employee-console
2018-01-12 09:53:42,512 [main] INFO  org.mule.exception.DefaultMessagingExceptionStrategy - Initialising exception listener: org.mule.exception.DefaultMessagingExceptionStrategy@6ec63f8
2018-01-12 09:53:42,512 [main] INFO  org.mule.processor.SedaStageLifecycleManager - Initialising service: employee-console.stage1
2018-01-12 09:53:42,512 [main] INFO  org.mule.construct.FlowConstructLifecycleManager - Initialising flow: get:/employee:employee-config
2018-01-12 09:53:42,512 [main] INFO  org.mule.exception.DefaultMessagingExceptionStrategy - Initialising exception listener: org.mule.exception.DefaultMessagingExceptionStrategy@2b4d4327
2018-01-12 09:53:42,512 [main] INFO  org.mule.processor.SedaStageLifecycleManager - Initialising service: get:/employee:employee-config.stage1
2018-01-12 09:53:42,512 [main] INFO  org.mule.construct.FlowConstructLifecycleManager - Initialising flow: get:/employee/{ID}:employee-config
2018-01-12 09:53:42,512 [main] INFO  org.mule.exception.DefaultMessagingExceptionStrategy - Initialising exception listener: org.mule.exception.DefaultMessagingExceptionStrategy@9ab310b
2018-01-12 09:53:42,512 [main] INFO  org.mule.processor.SedaStageLifecycleManager - Initialising service: get:/employee/{ID}:employee-config.stage1
2018-01-12 09:53:42,512 [main] INFO  org.mule.construct.FlowConstructLifecycleManager - Initialising flow: post:/employee:employee-config
2018-01-12 09:53:42,512 [main] INFO  org.mule.exception.DefaultMessagingExceptionStrategy - Initialising exception listener: org.mule.exception.DefaultMessagingExceptionStrategy@68c9e023
2018-01-12 09:53:42,528 [main] INFO  org.mule.processor.SedaStageLifecycleManager - Initialising service: post:/employee:employee-config.stage1
2018-01-12 09:53:42,528 [main] INFO  org.mule.construct.FlowConstructLifecycleManager - Initialising flow: ramlconsumeFlow
2018-01-12 09:53:42,528 [main] INFO  org.mule.exception.DefaultMessagingExceptionStrategy - Initialising exception listener: org.mule.exception.DefaultMessagingExceptionStrategy@9f86dc3
2018-01-12 09:53:42,528 [main] INFO  org.mule.processor.SedaStageLifecycleManager - Initialising service: ramlconsumeFlow.stage1
2018-01-12 09:53:43,278 [main] INFO  org.mule.module.apikit.Configuration - Building resource URI cache...
2018-01-12 09:53:43,512 [main] INFO  org.mule.api.security.tls.TlsProperties - Loading configuration file: tls-default.conf
2018-01-12 09:53:43,516 [main] INFO  org.mule.config.spring.SpringXmlConfigurationBuilder - Configured Mule using "org.mule.config.spring.SpringXmlConfigurationBuilder" with configuration resource(s): "[ConfigResource{resourceName='C:\Users\EAI\AnypointStudio\workspace\final-master\.mule\apps\ramlconsume\employee.xml'}, ConfigResource{resourceName='C:\Users\EAI\AnypointStudio\workspace\final-master\.mule\apps\ramlconsume\ramlconsume.xml'}]"
2018-01-12 09:53:43,516 [main] INFO  org.mule.config.builders.AutoConfigurationBuilder - Configured Mule using "org.mule.config.builders.AutoConfigurationBuilder" with configuration resource(s): "[ConfigResource{resourceName='C:\Users\EAI\AnypointStudio\workspace\final-master\.mule\apps\ramlconsume\employee.xml'}, ConfigResource{resourceName='C:\Users\EAI\AnypointStudio\workspace\final-master\.mule\apps\ramlconsume\ramlconsume.xml'}]"
2018-01-12 09:53:46,547 [main] INFO  org.mule.module.launcher.application.DefaultMuleApplication - 
++++++++++++++++++++++++++++++++++++++++++++++++++++++++++++
+ Starting app 'ramlconsume'                               +
++++++++++++++++++++++++++++++++++++++++++++++++++++++++++++
2018-01-12 09:53:46,556 [main] INFO  org.mule.util.queue.QueueXaResourceManager - Starting ResourceManager
2018-01-12 09:53:46,556 [main] INFO  org.mule.util.queue.QueueXaResourceManager - Started ResourceManager
2018-01-12 09:53:46,650 [main] INFO  org.mule.module.http.internal.listener.DefaultHttpListenerConfig - Listening for requests on http://0.0.0.0:8081
2018-01-12 09:53:46,650 [main] INFO  org.mule.modules.oauth2.provider.agents.DefaultSplashScreenAgent - 
++++++++++++++++++++++++++++++++++++++++++++++++++++++++++++++++++++++++++++++++
+ DevKit Extensions (0) used in this application 
                             +
++++++++++++++++++++++++++++++++++++++++++++++++++++++++++++++++++++++++++++++++
2018-01-12 09:53:46,650 [main] INFO  org.mule.lifecycle.AbstractLifecycleManager - Starting model: _muleSystemModel
2018-01-12 09:53:46,650 [main] INFO  org.mule.construct.FlowConstructLifecycleManager - Starting flow: employee-main
2018-01-12 09:53:46,650 [main] INFO  org.mule.processor.SedaStageLifecycleManager - Starting service: employee-main.stage1
2018-01-12 09:53:46,665 [main] INFO  org.mule.module.apikit.Configuration - 
********************************************************************************
* APIKit Console URL: http://127.0.0.1:8081/console                            *
********************************************************************************
2018-01-12 09:53:46,665 [main] INFO  org.mule.construct.FlowConstructLifecycleManager - Starting flow: employee-console
2018-01-12 09:53:46,665 [main] INFO  org.mule.processor.SedaStageLifecycleManager - Starting service: employee-console.stage1
2018-01-12 09:53:46,665 [main] INFO  org.mule.construct.FlowConstructLifecycleManager - Starting flow: get:/employee:employee-config
2018-01-12 09:53:46,665 [main] INFO  org.mule.processor.SedaStageLifecycleManager - Starting service: get:/employee:employee-config.stage1
2018-01-12 09:53:46,665 [main] INFO  org.mule.construct.FlowConstructLifecycleManager - Starting flow: get:/employee/{ID}:employee-config
2018-01-12 09:53:46,665 [main] INFO  org.mule.processor.SedaStageLifecycleManager - Starting service: get:/employee/{ID}:employee-config.stage1
2018-01-12 09:53:46,665 [main] INFO  org.mule.construct.FlowConstructLifecycleManager - Starting flow: post:/employee:employee-config
2018-01-12 09:53:46,665 [main] INFO  org.mule.processor.SedaStageLifecycleManager - Starting service: post:/employee:employee-config.stage1
2018-01-12 09:53:46,665 [main] INFO  org.mule.construct.FlowConstructLifecycleManager - Starting flow: ramlconsumeFlow
2018-01-12 09:53:46,665 [main] INFO  org.mule.processor.SedaStageLifecycleManager - Starting service: ramlconsumeFlow.stage1
2018-01-12 09:53:46,837 [main] INFO  org.mule.module.management.agent.WrapperManagerAgent - This JVM hasn't been launched by the wrapper, the agent will not run.
2018-01-12 09:53:46,853 [main] INFO  org.mule.DefaultMuleContext - 
**********************************************************************
* Application: ramlconsume                                           *
* OS encoding: \, Mule encoding: UTF-8                               *
*                                                                    *
* Agents Running:                                                    *
*   DevKit Extension Information                                     *
*   JMX Agent                                                        *
*   Batch module default engine                                      *
*   Wrapper Manager                                                  *
**********************************************************************
