2018-01-04 17:43:16,283 [main] INFO  org.mule.module.launcher.application.DefaultMuleApplication - 
++++++++++++++++++++++++++++++++++++++++++++++++++++++++++++
+ Initializing app 'soap1'                                 +
++++++++++++++++++++++++++++++++++++++++++++++++++++++++++++
2018-01-04 17:43:16,595 [main] INFO  org.mule.lifecycle.AbstractLifecycleManager - Initialising RegistryBroker
2018-01-04 17:43:16,821 [main] INFO  org.mule.module.extension.internal.manager.DefaultExtensionManager - Starting discovery of extensions
2018-01-04 17:43:17,059 [main] INFO  org.mule.module.extension.internal.manager.DefaultExtensionManager - Discovered 1 extensions
2018-01-04 17:43:17,059 [main] INFO  org.mule.module.extension.internal.manager.DefaultExtensionManager - Registering extension validation (version 3.8)
2018-01-04 17:43:17,219 [main] INFO  org.mule.config.spring.MuleArtifactContext - Refreshing org.mule.config.spring.MuleArtifactContext@3d6300e8: startup date [Thu Jan 04 17:43:17 IST 2018]; root of context hierarchy
2018-01-04 17:43:19,902 [main] INFO  org.mule.config.spring.processors.NoDevkitInjectorProcessor - JSR-330 'javax.inject.Inject' annotation found and supported for autowiring
2018-01-04 17:43:21,234 [main] WARN  org.mule.module.ognl.expression.OgnlExpressionEvaluator - OGNL module is deprecated and will be removed in Mule 4.0. Use MEL expressions instead.
2018-01-04 17:43:22,508 [main] INFO  org.mule.util.journal.TransactionJournal - Using files for tx logs C:\Users\M1043068\AnypointStudio\workspace\.mule\.\.mule\soap1\queue-tx-log\tx1.log and C:\Users\M1043068\AnypointStudio\workspace\.mule\.\.mule\soap1\queue-tx-log\tx2.log
2018-01-04 17:43:22,546 [main] INFO  org.mule.util.journal.TransactionJournal - Using files for tx logs C:\Users\M1043068\AnypointStudio\workspace\.mule\.\.mule\soap1\queue-xa-tx-log\tx1.log and C:\Users\M1043068\AnypointStudio\workspace\.mule\.\.mule\soap1\queue-xa-tx-log\tx2.log
2018-01-04 17:43:22,764 [main] INFO  org.mule.lifecycle.AbstractLifecycleManager - Initialising model: _muleSystemModel
2018-01-04 17:43:22,770 [main] INFO  org.mule.construct.FlowConstructLifecycleManager - Initialising flow: soap1Flow
2018-01-04 17:43:22,770 [main] INFO  org.mule.exception.DefaultMessagingExceptionStrategy - Initialising exception listener: org.mule.exception.DefaultMessagingExceptionStrategy@2eda072
2018-01-04 17:43:22,835 [main] INFO  org.mule.processor.SedaStageLifecycleManager - Initialising service: soap1Flow.stage1
2018-01-04 17:43:23,701 [main] INFO  org.mule.module.cxf.config.WebServiceFactoryBean - Built CXF Inbound MessageProcessor for service class com.main.inter
2018-01-04 17:43:25,487 [main] INFO  org.mule.component.ComponentLifecycleManager - Initialising component: component.356539350
2018-01-04 17:43:26,244 [main] INFO  org.mule.config.spring.SpringXmlConfigurationBuilder - Configured Mule using "org.mule.config.spring.SpringXmlConfigurationBuilder" with configuration resource(s): "[ConfigResource{resourceName='C:\Users\M1043068\AnypointStudio\workspace\.mule\apps\soap1\soap1.xml'}]"
2018-01-04 17:43:26,245 [main] INFO  org.mule.config.builders.AutoConfigurationBuilder - Configured Mule using "org.mule.config.builders.AutoConfigurationBuilder" with configuration resource(s): "[ConfigResource{resourceName='C:\Users\M1043068\AnypointStudio\workspace\.mule\apps\soap1\soap1.xml'}]"
2018-01-04 17:43:29,295 [main] INFO  org.mule.module.launcher.application.DefaultMuleApplication - 
++++++++++++++++++++++++++++++++++++++++++++++++++++++++++++
+ Starting app 'soap1'                                     +
++++++++++++++++++++++++++++++++++++++++++++++++++++++++++++
2018-01-04 17:43:29,299 [main] INFO  org.mule.util.queue.QueueXaResourceManager - Starting ResourceManager
2018-01-04 17:43:29,300 [main] INFO  org.mule.util.queue.QueueXaResourceManager - Started ResourceManager
2018-01-04 17:43:29,420 [main] INFO  org.mule.module.http.internal.listener.DefaultHttpListenerConfig - Listening for requests on http://0.0.0.0:8081
2018-01-04 17:43:29,424 [main] INFO  org.mule.modules.oauth2.provider.agents.DefaultSplashScreenAgent - 
++++++++++++++++++++++++++++++++++++++++++++++++++++++++++++++++++++++++++++++++
+ DevKit Extensions (0) used in this application 
                             +
++++++++++++++++++++++++++++++++++++++++++++++++++++++++++++++++++++++++++++++++
2018-01-04 17:43:29,430 [main] INFO  org.mule.lifecycle.AbstractLifecycleManager - Starting model: _muleSystemModel
2018-01-04 17:43:29,432 [main] INFO  org.mule.construct.FlowConstructLifecycleManager - Starting flow: soap1Flow
2018-01-04 17:43:29,433 [main] INFO  org.mule.processor.SedaStageLifecycleManager - Starting service: soap1Flow.stage1
2018-01-04 17:43:29,442 [main] INFO  org.mule.component.ComponentLifecycleManager - Starting component: component.356539350
2018-01-04 17:43:29,537 [main] INFO  org.mule.module.management.agent.WrapperManagerAgent - This JVM hasn't been launched by the wrapper, the agent will not run.
2018-01-04 17:43:29,574 [main] INFO  org.mule.DefaultMuleContext - 
**********************************************************************
* Application: soap1                                                 *
* OS encoding: \, Mule encoding: UTF-8                               *
*                                                                    *
* Agents Running:                                                    *
*   DevKit Extension Information                                     *
*   JMX Agent                                                        *
*   Batch module default engine                                      *
*   Wrapper Manager                                                  *
**********************************************************************
2018-01-04 17:48:15,937 [main] INFO  org.mule.module.launcher.application.DefaultMuleApplication - 
++++++++++++++++++++++++++++++++++++++++++++++++++++++++++++
+ Initializing app 'soap1'                                 +
++++++++++++++++++++++++++++++++++++++++++++++++++++++++++++
2018-01-04 17:48:15,944 [main] WARN  com.mulesoft.module.client.APIPlatformClientCoreExtension - Client ID or Client Secret were not provided. API Manager client is DISABLED for app implementationsoap
2018-01-04 17:48:15,950 [main] INFO  org.mule.lifecycle.AbstractLifecycleManager - Initialising RegistryBroker
2018-01-04 17:48:15,958 [main] INFO  org.mule.module.extension.internal.manager.DefaultExtensionManager - Starting discovery of extensions
2018-01-04 17:48:15,989 [main] INFO  org.mule.module.extension.internal.manager.DefaultExtensionManager - Discovered 1 extensions
2018-01-04 17:48:15,989 [main] INFO  org.mule.module.extension.internal.manager.DefaultExtensionManager - Registering extension validation (version 3.8)
2018-01-04 17:48:16,021 [main] INFO  org.mule.config.spring.MuleArtifactContext - Refreshing org.mule.config.spring.MuleArtifactContext@1ccc1026: startup date [Thu Jan 04 17:48:16 IST 2018]; root of context hierarchy
2018-01-04 17:48:16,886 [main] INFO  org.mule.config.spring.processors.NoDevkitInjectorProcessor - JSR-330 'javax.inject.Inject' annotation found and supported for autowiring
2018-01-04 17:48:17,361 [main] INFO  org.mule.util.journal.TransactionJournal - Using files for tx logs C:\Users\M1043068\AnypointStudio\workspace\.mule\.\.mule\soap1\queue-tx-log\tx1.log and C:\Users\M1043068\AnypointStudio\workspace\.mule\.\.mule\soap1\queue-tx-log\tx2.log
2018-01-04 17:48:17,368 [main] INFO  org.mule.util.journal.TransactionJournal - Using files for tx logs C:\Users\M1043068\AnypointStudio\workspace\.mule\.\.mule\soap1\queue-xa-tx-log\tx1.log and C:\Users\M1043068\AnypointStudio\workspace\.mule\.\.mule\soap1\queue-xa-tx-log\tx2.log
2018-01-04 17:48:17,411 [main] INFO  org.mule.lifecycle.AbstractLifecycleManager - Initialising model: _muleSystemModel
2018-01-04 17:48:17,422 [main] INFO  org.mule.construct.FlowConstructLifecycleManager - Initialising flow: soap1Flow
2018-01-04 17:48:17,424 [main] INFO  org.mule.exception.DefaultMessagingExceptionStrategy - Initialising exception listener: org.mule.exception.DefaultMessagingExceptionStrategy@6313b441
2018-01-04 17:48:17,442 [main] INFO  org.mule.processor.SedaStageLifecycleManager - Initialising service: soap1Flow.stage1
2018-01-04 17:48:17,514 [main] INFO  org.mule.module.cxf.config.WebServiceFactoryBean - Built CXF Inbound MessageProcessor for service class com.main.inter
2018-01-04 17:48:18,445 [main] INFO  org.mule.component.ComponentLifecycleManager - Initialising component: component.1552127607
2018-01-04 17:48:18,574 [main] INFO  org.mule.config.spring.SpringXmlConfigurationBuilder - Configured Mule using "org.mule.config.spring.SpringXmlConfigurationBuilder" with configuration resource(s): "[ConfigResource{resourceName='C:\Users\M1043068\AnypointStudio\workspace\.mule\apps\soap1\soap1.xml'}]"
2018-01-04 17:48:18,574 [main] INFO  org.mule.config.builders.AutoConfigurationBuilder - Configured Mule using "org.mule.config.builders.AutoConfigurationBuilder" with configuration resource(s): "[ConfigResource{resourceName='C:\Users\M1043068\AnypointStudio\workspace\.mule\apps\soap1\soap1.xml'}]"
2018-01-04 17:48:21,583 [main] INFO  org.mule.module.launcher.application.DefaultMuleApplication - 
++++++++++++++++++++++++++++++++++++++++++++++++++++++++++++
+ Starting app 'soap1'                                     +
++++++++++++++++++++++++++++++++++++++++++++++++++++++++++++
2018-01-04 17:48:21,591 [main] INFO  org.mule.util.queue.QueueXaResourceManager - Starting ResourceManager
2018-01-04 17:48:21,591 [main] INFO  org.mule.util.queue.QueueXaResourceManager - Started ResourceManager
2018-01-04 17:48:21,674 [main] INFO  org.mule.module.http.internal.listener.DefaultHttpListenerConfig - Listening for requests on http://0.0.0.0:8081
2018-01-04 17:48:21,684 [main] INFO  org.mule.modules.oauth2.provider.agents.DefaultSplashScreenAgent - 
++++++++++++++++++++++++++++++++++++++++++++++++++++++++++++++++++++++++++++++++
+ DevKit Extensions (0) used in this application 
                             +
++++++++++++++++++++++++++++++++++++++++++++++++++++++++++++++++++++++++++++++++
2018-01-04 17:48:21,691 [main] INFO  org.mule.lifecycle.AbstractLifecycleManager - Starting model: _muleSystemModel
2018-01-04 17:48:21,694 [main] INFO  org.mule.construct.FlowConstructLifecycleManager - Starting flow: soap1Flow
2018-01-04 17:48:21,694 [main] INFO  org.mule.processor.SedaStageLifecycleManager - Starting service: soap1Flow.stage1
2018-01-04 17:48:21,705 [main] INFO  org.mule.component.ComponentLifecycleManager - Starting component: component.1552127607
2018-01-04 17:48:21,736 [main] INFO  org.mule.module.management.agent.WrapperManagerAgent - This JVM hasn't been launched by the wrapper, the agent will not run.
2018-01-04 17:48:21,747 [main] INFO  org.mule.DefaultMuleContext - 
**********************************************************************
* Application: soap1                                                 *
* OS encoding: \, Mule encoding: UTF-8                               *
*                                                                    *
* Agents Running:                                                    *
*   DevKit Extension Information                                     *
*   JMX Agent                                                        *
*   Batch module default engine                                      *
*   Wrapper Manager                                                  *
**********************************************************************
2018-01-08 11:55:12,324 [main] INFO  org.mule.module.launcher.application.DefaultMuleApplication - 
++++++++++++++++++++++++++++++++++++++++++++++++++++++++++++
+ Initializing app 'soap1'                                 +
++++++++++++++++++++++++++++++++++++++++++++++++++++++++++++
2018-01-08 11:55:12,328 [main] WARN  com.mulesoft.module.client.APIPlatformClientCoreExtension - Client ID or Client Secret were not provided. API Manager client is DISABLED for app implementationsoap
2018-01-08 11:55:12,330 [main] INFO  org.mule.lifecycle.AbstractLifecycleManager - Initialising RegistryBroker
2018-01-08 11:55:12,334 [main] INFO  org.mule.module.extension.internal.manager.DefaultExtensionManager - Starting discovery of extensions
2018-01-08 11:55:12,352 [main] INFO  org.mule.module.extension.internal.manager.DefaultExtensionManager - Discovered 1 extensions
2018-01-08 11:55:12,352 [main] INFO  org.mule.module.extension.internal.manager.DefaultExtensionManager - Registering extension validation (version 3.8)
2018-01-08 11:55:12,358 [main] INFO  org.mule.config.spring.MuleArtifactContext - Refreshing org.mule.config.spring.MuleArtifactContext@7c901203: startup date [Mon Jan 08 11:55:12 IST 2018]; root of context hierarchy
2018-01-08 11:55:12,639 [main] INFO  org.mule.config.spring.processors.NoDevkitInjectorProcessor - JSR-330 'javax.inject.Inject' annotation found and supported for autowiring
2018-01-08 11:55:12,765 [main] INFO  org.mule.util.journal.TransactionJournal - Using files for tx logs C:\Users\EAI\AnypointStudio\workspace\final-master\.mule\.\.mule\soap1\queue-tx-log\tx1.log and C:\Users\EAI\AnypointStudio\workspace\final-master\.mule\.\.mule\soap1\queue-tx-log\tx2.log
2018-01-08 11:55:12,767 [main] INFO  org.mule.util.journal.TransactionJournal - Using files for tx logs C:\Users\EAI\AnypointStudio\workspace\final-master\.mule\.\.mule\soap1\queue-xa-tx-log\tx1.log and C:\Users\EAI\AnypointStudio\workspace\final-master\.mule\.\.mule\soap1\queue-xa-tx-log\tx2.log
2018-01-08 11:55:12,775 [main] INFO  org.mule.lifecycle.AbstractLifecycleManager - Initialising model: _muleSystemModel
2018-01-08 11:55:12,776 [main] INFO  org.mule.construct.FlowConstructLifecycleManager - Initialising flow: soap1Flow
2018-01-08 11:55:12,776 [main] INFO  org.mule.exception.DefaultMessagingExceptionStrategy - Initialising exception listener: org.mule.exception.DefaultMessagingExceptionStrategy@915d7c4
2018-01-08 11:55:12,781 [main] INFO  org.mule.processor.SedaStageLifecycleManager - Initialising service: soap1Flow.stage1
2018-01-08 11:55:12,800 [main] INFO  org.mule.module.cxf.config.WebServiceFactoryBean - Built CXF Inbound MessageProcessor for service class com.main.inter
2018-01-08 11:55:13,160 [main] INFO  org.mule.component.ComponentLifecycleManager - Initialising component: component.727868092
2018-01-08 11:55:13,193 [main] INFO  org.mule.config.spring.SpringXmlConfigurationBuilder - Configured Mule using "org.mule.config.spring.SpringXmlConfigurationBuilder" with configuration resource(s): "[ConfigResource{resourceName='C:\Users\EAI\AnypointStudio\workspace\final-master\.mule\apps\soap1\soap1.xml'}]"
2018-01-08 11:55:13,193 [main] INFO  org.mule.config.builders.AutoConfigurationBuilder - Configured Mule using "org.mule.config.builders.AutoConfigurationBuilder" with configuration resource(s): "[ConfigResource{resourceName='C:\Users\EAI\AnypointStudio\workspace\final-master\.mule\apps\soap1\soap1.xml'}]"
2018-01-08 11:55:16,199 [main] INFO  org.mule.module.launcher.application.DefaultMuleApplication - 
++++++++++++++++++++++++++++++++++++++++++++++++++++++++++++
+ Starting app 'soap1'                                     +
++++++++++++++++++++++++++++++++++++++++++++++++++++++++++++
2018-01-08 11:55:16,206 [main] INFO  org.mule.util.queue.QueueXaResourceManager - Starting ResourceManager
2018-01-08 11:55:16,206 [main] INFO  org.mule.util.queue.QueueXaResourceManager - Started ResourceManager
2018-01-08 11:55:16,253 [main] INFO  org.mule.module.http.internal.listener.DefaultHttpListenerConfig - Listening for requests on http://0.0.0.0:8081
2018-01-08 11:55:16,256 [main] INFO  org.mule.modules.oauth2.provider.agents.DefaultSplashScreenAgent - 
++++++++++++++++++++++++++++++++++++++++++++++++++++++++++++++++++++++++++++++++
+ DevKit Extensions (0) used in this application 
                             +
++++++++++++++++++++++++++++++++++++++++++++++++++++++++++++++++++++++++++++++++
2018-01-08 11:55:16,260 [main] INFO  org.mule.lifecycle.AbstractLifecycleManager - Starting model: _muleSystemModel
2018-01-08 11:55:16,260 [main] INFO  org.mule.construct.FlowConstructLifecycleManager - Starting flow: soap1Flow
2018-01-08 11:55:16,260 [main] INFO  org.mule.processor.SedaStageLifecycleManager - Starting service: soap1Flow.stage1
2018-01-08 11:55:16,267 [main] INFO  org.mule.component.ComponentLifecycleManager - Starting component: component.727868092
2018-01-08 11:55:16,281 [main] INFO  org.mule.module.management.agent.WrapperManagerAgent - This JVM hasn't been launched by the wrapper, the agent will not run.
2018-01-08 11:55:16,284 [main] INFO  org.mule.DefaultMuleContext - 
**********************************************************************
* Application: soap1                                                 *
* OS encoding: \, Mule encoding: UTF-8                               *
*                                                                    *
* Agents Running:                                                    *
*   DevKit Extension Information                                     *
*   JMX Agent                                                        *
*   Batch module default engine                                      *
*   Wrapper Manager                                                  *
**********************************************************************
2018-01-08 11:56:16,175 [main] INFO  org.mule.module.launcher.application.DefaultMuleApplication - 
++++++++++++++++++++++++++++++++++++++++++++++++++++++++++++
+ Initializing app 'soap1'                                 +
++++++++++++++++++++++++++++++++++++++++++++++++++++++++++++
2018-01-08 11:56:16,179 [main] WARN  com.mulesoft.module.client.APIPlatformClientCoreExtension - Client ID or Client Secret were not provided. API Manager client is DISABLED for app implementationsoap
2018-01-08 11:56:16,180 [main] INFO  org.mule.lifecycle.AbstractLifecycleManager - Initialising RegistryBroker
2018-01-08 11:56:16,183 [main] INFO  org.mule.module.extension.internal.manager.DefaultExtensionManager - Starting discovery of extensions
2018-01-08 11:56:16,195 [main] INFO  org.mule.module.extension.internal.manager.DefaultExtensionManager - Discovered 1 extensions
2018-01-08 11:56:16,195 [main] INFO  org.mule.module.extension.internal.manager.DefaultExtensionManager - Registering extension validation (version 3.8)
2018-01-08 11:56:16,200 [main] INFO  org.mule.config.spring.MuleArtifactContext - Refreshing org.mule.config.spring.MuleArtifactContext@7c901203: startup date [Mon Jan 08 11:56:16 IST 2018]; root of context hierarchy
2018-01-08 11:56:16,425 [main] INFO  org.mule.config.spring.processors.NoDevkitInjectorProcessor - JSR-330 'javax.inject.Inject' annotation found and supported for autowiring
2018-01-08 11:56:16,547 [main] INFO  org.mule.util.journal.TransactionJournal - Using files for tx logs C:\Users\EAI\AnypointStudio\workspace\final-master\.mule\.\.mule\soap1\queue-tx-log\tx1.log and C:\Users\EAI\AnypointStudio\workspace\final-master\.mule\.\.mule\soap1\queue-tx-log\tx2.log
2018-01-08 11:56:16,550 [main] INFO  org.mule.util.journal.TransactionJournal - Using files for tx logs C:\Users\EAI\AnypointStudio\workspace\final-master\.mule\.\.mule\soap1\queue-xa-tx-log\tx1.log and C:\Users\EAI\AnypointStudio\workspace\final-master\.mule\.\.mule\soap1\queue-xa-tx-log\tx2.log
2018-01-08 11:56:16,559 [main] INFO  org.mule.lifecycle.AbstractLifecycleManager - Initialising model: _muleSystemModel
2018-01-08 11:56:16,560 [main] INFO  org.mule.construct.FlowConstructLifecycleManager - Initialising flow: soap1Flow
2018-01-08 11:56:16,560 [main] INFO  org.mule.exception.DefaultMessagingExceptionStrategy - Initialising exception listener: org.mule.exception.DefaultMessagingExceptionStrategy@915d7c4
2018-01-08 11:56:16,565 [main] INFO  org.mule.processor.SedaStageLifecycleManager - Initialising service: soap1Flow.stage1
2018-01-08 11:56:16,586 [main] INFO  org.mule.module.cxf.config.WebServiceFactoryBean - Built CXF Inbound MessageProcessor for service class com.main.inter
2018-01-08 11:56:16,954 [main] INFO  org.mule.component.ComponentLifecycleManager - Initialising component: component.727868092
2018-01-08 11:56:17,021 [main] INFO  org.mule.config.spring.SpringXmlConfigurationBuilder - Configured Mule using "org.mule.config.spring.SpringXmlConfigurationBuilder" with configuration resource(s): "[ConfigResource{resourceName='C:\Users\EAI\AnypointStudio\workspace\final-master\.mule\apps\soap1\soap1.xml'}]"
2018-01-08 11:56:17,021 [main] INFO  org.mule.config.builders.AutoConfigurationBuilder - Configured Mule using "org.mule.config.builders.AutoConfigurationBuilder" with configuration resource(s): "[ConfigResource{resourceName='C:\Users\EAI\AnypointStudio\workspace\final-master\.mule\apps\soap1\soap1.xml'}]"
2018-01-08 11:56:20,026 [main] INFO  org.mule.module.launcher.application.DefaultMuleApplication - 
++++++++++++++++++++++++++++++++++++++++++++++++++++++++++++
+ Starting app 'soap1'                                     +
++++++++++++++++++++++++++++++++++++++++++++++++++++++++++++
2018-01-08 11:56:20,033 [main] INFO  org.mule.util.queue.QueueXaResourceManager - Starting ResourceManager
2018-01-08 11:56:20,033 [main] INFO  org.mule.util.queue.QueueXaResourceManager - Started ResourceManager
2018-01-08 11:56:20,070 [main] INFO  org.mule.module.http.internal.listener.DefaultHttpListenerConfig - Listening for requests on http://0.0.0.0:8081
2018-01-08 11:56:20,072 [main] INFO  org.mule.modules.oauth2.provider.agents.DefaultSplashScreenAgent - 
++++++++++++++++++++++++++++++++++++++++++++++++++++++++++++++++++++++++++++++++
+ DevKit Extensions (0) used in this application 
                             +
++++++++++++++++++++++++++++++++++++++++++++++++++++++++++++++++++++++++++++++++
2018-01-08 11:56:20,076 [main] INFO  org.mule.lifecycle.AbstractLifecycleManager - Starting model: _muleSystemModel
2018-01-08 11:56:20,077 [main] INFO  org.mule.construct.FlowConstructLifecycleManager - Starting flow: soap1Flow
2018-01-08 11:56:20,077 [main] INFO  org.mule.processor.SedaStageLifecycleManager - Starting service: soap1Flow.stage1
2018-01-08 11:56:20,083 [main] INFO  org.mule.component.ComponentLifecycleManager - Starting component: component.727868092
2018-01-08 11:56:20,093 [main] INFO  org.mule.module.management.agent.WrapperManagerAgent - This JVM hasn't been launched by the wrapper, the agent will not run.
2018-01-08 11:56:20,096 [main] INFO  org.mule.DefaultMuleContext - 
**********************************************************************
* Application: soap1                                                 *
* OS encoding: \, Mule encoding: UTF-8                               *
*                                                                    *
* Agents Running:                                                    *
*   DevKit Extension Information                                     *
*   JMX Agent                                                        *
*   Batch module default engine                                      *
*   Wrapper Manager                                                  *
**********************************************************************
2018-01-10 14:43:44,394 [main] INFO  org.mule.module.launcher.application.DefaultMuleApplication - 
++++++++++++++++++++++++++++++++++++++++++++++++++++++++++++
+ Initializing app 'soap1'                                 +
++++++++++++++++++++++++++++++++++++++++++++++++++++++++++++
2018-01-10 14:43:44,394 [main] WARN  com.mulesoft.module.client.APIPlatformClientCoreExtension - Client ID or Client Secret were not provided. API Manager client is DISABLED for app implementationsoap
2018-01-10 14:43:44,394 [main] INFO  org.mule.lifecycle.AbstractLifecycleManager - Initialising RegistryBroker
2018-01-10 14:43:44,410 [main] INFO  org.mule.module.extension.internal.manager.DefaultExtensionManager - Starting discovery of extensions
2018-01-10 14:43:44,410 [main] INFO  org.mule.module.extension.internal.manager.DefaultExtensionManager - Discovered 1 extensions
2018-01-10 14:43:44,410 [main] INFO  org.mule.module.extension.internal.manager.DefaultExtensionManager - Registering extension validation (version 3.8)
2018-01-10 14:43:44,426 [main] INFO  org.mule.config.spring.MuleArtifactContext - Refreshing org.mule.config.spring.MuleArtifactContext@7c901203: startup date [Wed Jan 10 14:43:44 IST 2018]; root of context hierarchy
2018-01-10 14:43:44,722 [main] INFO  org.mule.config.spring.processors.NoDevkitInjectorProcessor - JSR-330 'javax.inject.Inject' annotation found and supported for autowiring
2018-01-10 14:43:44,832 [main] INFO  org.mule.util.journal.TransactionJournal - Using files for tx logs C:\Users\EAI\AnypointStudio\workspace\final-master\.mule\.\.mule\soap1\queue-tx-log\tx1.log and C:\Users\EAI\AnypointStudio\workspace\final-master\.mule\.\.mule\soap1\queue-tx-log\tx2.log
2018-01-10 14:43:44,832 [main] INFO  org.mule.util.journal.TransactionJournal - Using files for tx logs C:\Users\EAI\AnypointStudio\workspace\final-master\.mule\.\.mule\soap1\queue-xa-tx-log\tx1.log and C:\Users\EAI\AnypointStudio\workspace\final-master\.mule\.\.mule\soap1\queue-xa-tx-log\tx2.log
2018-01-10 14:43:44,832 [main] INFO  org.mule.lifecycle.AbstractLifecycleManager - Initialising model: _muleSystemModel
2018-01-10 14:43:44,847 [main] INFO  org.mule.construct.FlowConstructLifecycleManager - Initialising flow: soap1Flow
2018-01-10 14:43:44,847 [main] INFO  org.mule.exception.DefaultMessagingExceptionStrategy - Initialising exception listener: org.mule.exception.DefaultMessagingExceptionStrategy@915d7c4
2018-01-10 14:43:44,847 [main] INFO  org.mule.processor.SedaStageLifecycleManager - Initialising service: soap1Flow.stage1
2018-01-10 14:43:44,863 [main] INFO  org.mule.module.cxf.config.WebServiceFactoryBean - Built CXF Inbound MessageProcessor for service class com.main.inter
2018-01-10 14:43:45,238 [main] INFO  org.mule.component.ComponentLifecycleManager - Initialising component: component.727868092
2018-01-10 14:43:45,265 [main] INFO  org.mule.config.spring.SpringXmlConfigurationBuilder - Configured Mule using "org.mule.config.spring.SpringXmlConfigurationBuilder" with configuration resource(s): "[ConfigResource{resourceName='C:\Users\EAI\AnypointStudio\workspace\final-master\.mule\apps\soap1\soap1.xml'}]"
2018-01-10 14:43:45,265 [main] INFO  org.mule.config.builders.AutoConfigurationBuilder - Configured Mule using "org.mule.config.builders.AutoConfigurationBuilder" with configuration resource(s): "[ConfigResource{resourceName='C:\Users\EAI\AnypointStudio\workspace\final-master\.mule\apps\soap1\soap1.xml'}]"
2018-01-10 14:43:48,285 [main] INFO  org.mule.module.launcher.application.DefaultMuleApplication - 
++++++++++++++++++++++++++++++++++++++++++++++++++++++++++++
+ Starting app 'soap1'                                     +
++++++++++++++++++++++++++++++++++++++++++++++++++++++++++++
2018-01-10 14:43:48,290 [main] INFO  org.mule.util.queue.QueueXaResourceManager - Starting ResourceManager
2018-01-10 14:43:48,290 [main] INFO  org.mule.util.queue.QueueXaResourceManager - Started ResourceManager
2018-01-10 14:43:48,337 [main] INFO  org.mule.module.http.internal.listener.DefaultHttpListenerConfig - Listening for requests on http://0.0.0.0:8081
2018-01-10 14:43:48,337 [main] INFO  org.mule.modules.oauth2.provider.agents.DefaultSplashScreenAgent - 
++++++++++++++++++++++++++++++++++++++++++++++++++++++++++++++++++++++++++++++++
+ DevKit Extensions (0) used in this application 
                             +
++++++++++++++++++++++++++++++++++++++++++++++++++++++++++++++++++++++++++++++++
2018-01-10 14:43:48,337 [main] INFO  org.mule.lifecycle.AbstractLifecycleManager - Starting model: _muleSystemModel
2018-01-10 14:43:48,337 [main] INFO  org.mule.construct.FlowConstructLifecycleManager - Starting flow: soap1Flow
2018-01-10 14:43:48,337 [main] INFO  org.mule.processor.SedaStageLifecycleManager - Starting service: soap1Flow.stage1
2018-01-10 14:43:48,353 [main] INFO  org.mule.component.ComponentLifecycleManager - Starting component: component.727868092
2018-01-10 14:43:48,368 [main] INFO  org.mule.module.management.agent.WrapperManagerAgent - This JVM hasn't been launched by the wrapper, the agent will not run.
2018-01-10 14:43:48,368 [main] INFO  org.mule.DefaultMuleContext - 
**********************************************************************
* Application: soap1                                                 *
* OS encoding: \, Mule encoding: UTF-8                               *
*                                                                    *
* Agents Running:                                                    *
*   DevKit Extension Information                                     *
*   JMX Agent                                                        *
*   Batch module default engine                                      *
*   Wrapper Manager                                                  *
**********************************************************************
2018-01-10 14:44:16,467 [[soap1].HTTP_Listener_Configuration.worker.01] INFO  org.mule.module.http.internal.listener.HttpListenerRegistry - No listener found for request: (GET)/favicon.ico
2018-01-10 14:44:16,467 [[soap1].HTTP_Listener_Configuration.worker.01] INFO  org.mule.module.http.internal.listener.HttpListenerRegistry - Available listeners are: [(*)/add/]
2018-01-10 14:45:27,183 [main] INFO  org.mule.module.launcher.application.DefaultMuleApplication - 
++++++++++++++++++++++++++++++++++++++++++++++++++++++++++++
+ Initializing app 'soap1'                                 +
++++++++++++++++++++++++++++++++++++++++++++++++++++++++++++
2018-01-10 14:45:27,183 [main] WARN  com.mulesoft.module.client.APIPlatformClientCoreExtension - Client ID or Client Secret were not provided. API Manager client is DISABLED for app implementationsoap
2018-01-10 14:45:27,199 [main] INFO  org.mule.lifecycle.AbstractLifecycleManager - Initialising RegistryBroker
2018-01-10 14:45:27,199 [main] INFO  org.mule.module.extension.internal.manager.DefaultExtensionManager - Starting discovery of extensions
2018-01-10 14:45:27,199 [main] INFO  org.mule.module.extension.internal.manager.DefaultExtensionManager - Discovered 1 extensions
2018-01-10 14:45:27,199 [main] INFO  org.mule.module.extension.internal.manager.DefaultExtensionManager - Registering extension validation (version 3.8)
2018-01-10 14:45:27,214 [main] INFO  org.mule.config.spring.MuleArtifactContext - Refreshing org.mule.config.spring.MuleArtifactContext@79f5a6ed: startup date [Wed Jan 10 14:45:27 IST 2018]; root of context hierarchy
2018-01-10 14:45:27,417 [main] INFO  org.mule.config.spring.processors.NoDevkitInjectorProcessor - JSR-330 'javax.inject.Inject' annotation found and supported for autowiring
2018-01-10 14:45:27,527 [main] INFO  org.mule.util.journal.TransactionJournal - Using files for tx logs C:\Users\EAI\AnypointStudio\workspace\final-master\.mule\.\.mule\soap1\queue-tx-log\tx1.log and C:\Users\EAI\AnypointStudio\workspace\final-master\.mule\.\.mule\soap1\queue-tx-log\tx2.log
2018-01-10 14:45:27,527 [main] INFO  org.mule.util.journal.TransactionJournal - Using files for tx logs C:\Users\EAI\AnypointStudio\workspace\final-master\.mule\.\.mule\soap1\queue-xa-tx-log\tx1.log and C:\Users\EAI\AnypointStudio\workspace\final-master\.mule\.\.mule\soap1\queue-xa-tx-log\tx2.log
2018-01-10 14:45:27,542 [main] INFO  org.mule.lifecycle.AbstractLifecycleManager - Initialising model: _muleSystemModel
2018-01-10 14:45:27,542 [main] INFO  org.mule.construct.FlowConstructLifecycleManager - Initialising flow: soap1Flow
2018-01-10 14:45:27,542 [main] INFO  org.mule.exception.DefaultMessagingExceptionStrategy - Initialising exception listener: org.mule.exception.DefaultMessagingExceptionStrategy@6313b441
2018-01-10 14:45:27,542 [main] INFO  org.mule.processor.SedaStageLifecycleManager - Initialising service: soap1Flow.stage1
2018-01-10 14:45:27,558 [main] INFO  org.mule.module.cxf.config.WebServiceFactoryBean - Built CXF Inbound MessageProcessor for service class com.main.inter
2018-01-10 14:45:27,949 [main] INFO  org.mule.component.ComponentLifecycleManager - Initialising component: component.2122408314
2018-01-10 14:45:27,980 [main] INFO  org.mule.config.spring.SpringXmlConfigurationBuilder - Configured Mule using "org.mule.config.spring.SpringXmlConfigurationBuilder" with configuration resource(s): "[ConfigResource{resourceName='C:\Users\EAI\AnypointStudio\workspace\final-master\.mule\apps\soap1\soap1.xml'}]"
2018-01-10 14:45:27,980 [main] INFO  org.mule.config.builders.AutoConfigurationBuilder - Configured Mule using "org.mule.config.builders.AutoConfigurationBuilder" with configuration resource(s): "[ConfigResource{resourceName='C:\Users\EAI\AnypointStudio\workspace\final-master\.mule\apps\soap1\soap1.xml'}]"
2018-01-10 14:45:30,983 [main] INFO  org.mule.module.launcher.application.DefaultMuleApplication - 
++++++++++++++++++++++++++++++++++++++++++++++++++++++++++++
+ Starting app 'soap1'                                     +
++++++++++++++++++++++++++++++++++++++++++++++++++++++++++++
2018-01-10 14:45:30,989 [main] INFO  org.mule.util.queue.QueueXaResourceManager - Starting ResourceManager
2018-01-10 14:45:30,989 [main] INFO  org.mule.util.queue.QueueXaResourceManager - Started ResourceManager
2018-01-10 14:45:31,021 [main] INFO  org.mule.module.http.internal.listener.DefaultHttpListenerConfig - Listening for requests on http://0.0.0.0:8081
2018-01-10 14:45:31,021 [main] INFO  org.mule.modules.oauth2.provider.agents.DefaultSplashScreenAgent - 
++++++++++++++++++++++++++++++++++++++++++++++++++++++++++++++++++++++++++++++++
+ DevKit Extensions (0) used in this application 
                             +
++++++++++++++++++++++++++++++++++++++++++++++++++++++++++++++++++++++++++++++++
2018-01-10 14:45:31,021 [main] INFO  org.mule.lifecycle.AbstractLifecycleManager - Starting model: _muleSystemModel
2018-01-10 14:45:31,021 [main] INFO  org.mule.construct.FlowConstructLifecycleManager - Starting flow: soap1Flow
2018-01-10 14:45:31,021 [main] INFO  org.mule.processor.SedaStageLifecycleManager - Starting service: soap1Flow.stage1
2018-01-10 14:45:31,036 [main] INFO  org.mule.component.ComponentLifecycleManager - Starting component: component.2122408314
2018-01-10 14:45:31,036 [main] INFO  org.mule.module.management.agent.WrapperManagerAgent - This JVM hasn't been launched by the wrapper, the agent will not run.
2018-01-10 14:45:31,052 [main] INFO  org.mule.DefaultMuleContext - 
**********************************************************************
* Application: soap1                                                 *
* OS encoding: \, Mule encoding: UTF-8                               *
*                                                                    *
* Agents Running:                                                    *
*   DevKit Extension Information                                     *
*   JMX Agent                                                        *
*   Batch module default engine                                      *
*   Wrapper Manager                                                  *
**********************************************************************
2018-01-10 14:45:49,050 [[soap1].HTTP_Listener_Configuration.worker.01] INFO  org.mule.module.http.internal.listener.HttpListenerRegistry - No listener found for request: (GET)/SOAP
2018-01-10 14:45:49,050 [[soap1].HTTP_Listener_Configuration.worker.01] INFO  org.mule.module.http.internal.listener.HttpListenerRegistry - Available listeners are: [(*)/add/]
2018-01-11 10:09:08,445 [main] INFO  org.mule.module.launcher.application.DefaultMuleApplication - 
++++++++++++++++++++++++++++++++++++++++++++++++++++++++++++
+ Initializing app 'soap1'                                 +
++++++++++++++++++++++++++++++++++++++++++++++++++++++++++++
2018-01-11 10:09:08,445 [main] WARN  com.mulesoft.module.client.APIPlatformClientCoreExtension - Client ID or Client Secret were not provided. API Manager client is DISABLED for app implementationsoap
2018-01-11 10:09:08,445 [main] INFO  org.mule.lifecycle.AbstractLifecycleManager - Initialising RegistryBroker
2018-01-11 10:09:08,445 [main] INFO  org.mule.module.extension.internal.manager.DefaultExtensionManager - Starting discovery of extensions
2018-01-11 10:09:08,460 [main] INFO  org.mule.module.extension.internal.manager.DefaultExtensionManager - Discovered 1 extensions
2018-01-11 10:09:08,460 [main] INFO  org.mule.module.extension.internal.manager.DefaultExtensionManager - Registering extension validation (version 3.8)
2018-01-11 10:09:08,460 [main] INFO  org.mule.config.spring.MuleArtifactContext - Refreshing org.mule.config.spring.MuleArtifactContext@7c901203: startup date [Thu Jan 11 10:09:08 IST 2018]; root of context hierarchy
2018-01-11 10:09:08,710 [main] INFO  org.mule.config.spring.processors.NoDevkitInjectorProcessor - JSR-330 'javax.inject.Inject' annotation found and supported for autowiring
2018-01-11 10:09:08,820 [main] INFO  org.mule.util.journal.TransactionJournal - Using files for tx logs C:\Users\EAI\AnypointStudio\workspace\final-master\.mule\.\.mule\soap1\queue-tx-log\tx1.log and C:\Users\EAI\AnypointStudio\workspace\final-master\.mule\.\.mule\soap1\queue-tx-log\tx2.log
2018-01-11 10:09:08,820 [main] INFO  org.mule.util.journal.TransactionJournal - Using files for tx logs C:\Users\EAI\AnypointStudio\workspace\final-master\.mule\.\.mule\soap1\queue-xa-tx-log\tx1.log and C:\Users\EAI\AnypointStudio\workspace\final-master\.mule\.\.mule\soap1\queue-xa-tx-log\tx2.log
2018-01-11 10:09:08,820 [main] INFO  org.mule.lifecycle.AbstractLifecycleManager - Initialising model: _muleSystemModel
2018-01-11 10:09:08,820 [main] INFO  org.mule.construct.FlowConstructLifecycleManager - Initialising flow: soap1Flow
2018-01-11 10:09:08,820 [main] INFO  org.mule.exception.DefaultMessagingExceptionStrategy - Initialising exception listener: org.mule.exception.DefaultMessagingExceptionStrategy@915d7c4
2018-01-11 10:09:08,835 [main] INFO  org.mule.processor.SedaStageLifecycleManager - Initialising service: soap1Flow.stage1
2018-01-11 10:09:08,851 [main] INFO  org.mule.module.cxf.config.WebServiceFactoryBean - Built CXF Inbound MessageProcessor for service class com.main.inter
2018-01-11 10:09:09,257 [main] INFO  org.mule.component.ComponentLifecycleManager - Initialising component: component.727868092
2018-01-11 10:09:09,306 [main] INFO  org.mule.config.spring.SpringXmlConfigurationBuilder - Configured Mule using "org.mule.config.spring.SpringXmlConfigurationBuilder" with configuration resource(s): "[ConfigResource{resourceName='C:\Users\EAI\AnypointStudio\workspace\final-master\.mule\apps\soap1\soap1.xml'}]"
2018-01-11 10:09:09,306 [main] INFO  org.mule.config.builders.AutoConfigurationBuilder - Configured Mule using "org.mule.config.builders.AutoConfigurationBuilder" with configuration resource(s): "[ConfigResource{resourceName='C:\Users\EAI\AnypointStudio\workspace\final-master\.mule\apps\soap1\soap1.xml'}]"
2018-01-11 10:09:12,310 [main] INFO  org.mule.module.launcher.application.DefaultMuleApplication - 
++++++++++++++++++++++++++++++++++++++++++++++++++++++++++++
+ Starting app 'soap1'                                     +
++++++++++++++++++++++++++++++++++++++++++++++++++++++++++++
2018-01-11 10:09:12,316 [main] INFO  org.mule.util.queue.QueueXaResourceManager - Starting ResourceManager
2018-01-11 10:09:12,316 [main] INFO  org.mule.util.queue.QueueXaResourceManager - Started ResourceManager
2018-01-11 10:09:12,347 [main] INFO  org.mule.module.http.internal.listener.DefaultHttpListenerConfig - Listening for requests on http://0.0.0.0:8081
2018-01-11 10:09:12,347 [main] INFO  org.mule.modules.oauth2.provider.agents.DefaultSplashScreenAgent - 
++++++++++++++++++++++++++++++++++++++++++++++++++++++++++++++++++++++++++++++++
+ DevKit Extensions (0) used in this application 
                             +
++++++++++++++++++++++++++++++++++++++++++++++++++++++++++++++++++++++++++++++++
2018-01-11 10:09:12,347 [main] INFO  org.mule.lifecycle.AbstractLifecycleManager - Starting model: _muleSystemModel
2018-01-11 10:09:12,347 [main] INFO  org.mule.construct.FlowConstructLifecycleManager - Starting flow: soap1Flow
2018-01-11 10:09:12,347 [main] INFO  org.mule.processor.SedaStageLifecycleManager - Starting service: soap1Flow.stage1
2018-01-11 10:09:12,363 [main] INFO  org.mule.component.ComponentLifecycleManager - Starting component: component.727868092
2018-01-11 10:09:12,363 [main] INFO  org.mule.module.management.agent.WrapperManagerAgent - This JVM hasn't been launched by the wrapper, the agent will not run.
2018-01-11 10:09:12,379 [main] INFO  org.mule.DefaultMuleContext - 
**********************************************************************
* Application: soap1                                                 *
* OS encoding: \, Mule encoding: UTF-8                               *
*                                                                    *
* Agents Running:                                                    *
*   DevKit Extension Information                                     *
*   JMX Agent                                                        *
*   Batch module default engine                                      *
*   Wrapper Manager                                                  *
**********************************************************************
2018-01-11 10:30:15,006 [Mule.app.deployer.monitor.1.thread.1] INFO  org.mule.module.launcher.application.DefaultMuleApplication - 
++++++++++++++++++++++++++++++++++++++++++++++++++++++++++++
+ Stopping app 'soap1'                                     +
++++++++++++++++++++++++++++++++++++++++++++++++++++++++++++
2018-01-11 10:30:15,006 [Mule.app.deployer.monitor.1.thread.1] INFO  org.mule.construct.FlowConstructLifecycleManager - Stopping flow: soap1Flow
2018-01-11 10:30:15,006 [Mule.app.deployer.monitor.1.thread.1] INFO  org.mule.processor.SedaStageLifecycleManager - Stopping service: soap1Flow.stage1
2018-01-11 10:30:15,116 [Mule.app.deployer.monitor.1.thread.1] INFO  org.mule.component.ComponentLifecycleManager - Stopping component: component.727868092
2018-01-11 10:30:15,116 [Mule.app.deployer.monitor.1.thread.1] INFO  org.mule.lifecycle.AbstractLifecycleManager - Stopping model: _muleSystemModel
2018-01-11 10:30:15,116 [Mule.app.deployer.monitor.1.thread.1] INFO  org.mule.module.http.internal.listener.DefaultHttpListenerConfig - Stopped listener on http://0.0.0.0:8081
2018-01-11 10:30:15,116 [Mule.app.deployer.monitor.1.thread.1] INFO  org.mule.util.queue.QueueXaResourceManager - Stopping ResourceManager
2018-01-11 10:30:15,116 [Mule.app.deployer.monitor.1.thread.1] INFO  org.mule.util.queue.QueueXaResourceManager - Stopped ResourceManager
2018-01-11 10:30:15,116 [Mule.app.deployer.monitor.1.thread.1] INFO  org.mule.module.launcher.application.DefaultMuleApplication - 
++++++++++++++++++++++++++++++++++++++++++++++++++++++++++++
+ Disposing app 'soap1'                                    +
++++++++++++++++++++++++++++++++++++++++++++++++++++++++++++
2018-01-11 10:30:15,116 [Mule.app.deployer.monitor.1.thread.1] INFO  org.mule.lifecycle.AbstractLifecycleManager - Disposing RegistryBroker
2018-01-11 10:30:15,116 [Mule.app.deployer.monitor.1.thread.1] INFO  org.mule.construct.FlowConstructLifecycleManager - Disposing flow: soap1Flow
2018-01-11 10:30:15,116 [Mule.app.deployer.monitor.1.thread.1] INFO  org.mule.processor.SedaStageLifecycleManager - Disposing service: soap1Flow.stage1
2018-01-11 10:30:15,116 [Mule.app.deployer.monitor.1.thread.1] INFO  org.mule.component.ComponentLifecycleManager - Disposing component: component.727868092
2018-01-11 10:30:15,116 [Mule.app.deployer.monitor.1.thread.1] INFO  org.mule.lifecycle.AbstractLifecycleManager - Disposing model: _muleSystemModel
2018-01-11 10:30:15,131 [Mule.app.deployer.monitor.1.thread.1] INFO  org.mule.config.spring.MuleArtifactContext - Closing org.mule.config.spring.MuleArtifactContext@7c901203: startup date [Thu Jan 11 10:09:08 IST 2018]; root of context hierarchy
2018-01-11 10:30:15,319 [Mule.app.deployer.monitor.1.thread.1] INFO  org.mule.DefaultMuleContext - 
**********************************************************************
* Application "soap1" shut down normally on: 1/11/18 10:30 AM        *
* Up for: 0 days, 0 hours, 21 mins, 3.9 sec                          *
**********************************************************************
2018-01-11 10:30:15,428 [Mule.app.deployer.monitor.1.thread.1] INFO  org.mule.module.launcher.application.DefaultMuleApplication - 
++++++++++++++++++++++++++++++++++++++++++++++++++++++++++++
+ Initializing app 'soap1'                                 +
++++++++++++++++++++++++++++++++++++++++++++++++++++++++++++
2018-01-11 10:30:15,428 [Mule.app.deployer.monitor.1.thread.1] WARN  com.mulesoft.module.client.APIPlatformClientCoreExtension - Client ID or Client Secret were not provided. API Manager client is DISABLED for app implementationsoap
2018-01-11 10:30:15,428 [Mule.app.deployer.monitor.1.thread.1] WARN  com.mulesoft.module.client.APIPlatformClientCoreExtension - Client ID or Client Secret were not provided. API Manager client is DISABLED for app soap1
2018-01-11 10:30:15,428 [Mule.app.deployer.monitor.1.thread.1] WARN  com.mulesoft.module.client.APIPlatformClientCoreExtension - Client ID or Client Secret were not provided. API Manager client is DISABLED for app implementationsoap
2018-01-11 10:30:15,428 [Mule.app.deployer.monitor.1.thread.1] INFO  org.mule.lifecycle.AbstractLifecycleManager - Initialising RegistryBroker
2018-01-11 10:30:15,444 [Mule.app.deployer.monitor.1.thread.1] INFO  org.mule.module.extension.internal.manager.DefaultExtensionManager - Starting discovery of extensions
2018-01-11 10:30:15,444 [Mule.app.deployer.monitor.1.thread.1] INFO  org.mule.module.extension.internal.manager.DefaultExtensionManager - Discovered 1 extensions
2018-01-11 10:30:15,444 [Mule.app.deployer.monitor.1.thread.1] INFO  org.mule.module.extension.internal.manager.DefaultExtensionManager - Registering extension validation (version 3.8)
2018-01-11 10:30:15,460 [Mule.app.deployer.monitor.1.thread.1] INFO  org.mule.config.spring.MuleArtifactContext - Refreshing org.mule.config.spring.MuleArtifactContext@1a08ff23: startup date [Thu Jan 11 10:30:15 IST 2018]; root of context hierarchy
2018-01-11 10:30:15,635 [Mule.app.deployer.monitor.1.thread.1] INFO  org.mule.config.spring.processors.NoDevkitInjectorProcessor - JSR-330 'javax.inject.Inject' annotation found and supported for autowiring
2018-01-11 10:30:15,713 [Mule.app.deployer.monitor.1.thread.1] INFO  org.mule.util.journal.TransactionJournal - Using files for tx logs C:\Users\EAI\AnypointStudio\workspace\final-master\.mule\.\.mule\soap1\queue-tx-log\tx1.log and C:\Users\EAI\AnypointStudio\workspace\final-master\.mule\.\.mule\soap1\queue-tx-log\tx2.log
2018-01-11 10:30:15,713 [Mule.app.deployer.monitor.1.thread.1] INFO  org.mule.util.journal.TransactionJournal - Using files for tx logs C:\Users\EAI\AnypointStudio\workspace\final-master\.mule\.\.mule\soap1\queue-xa-tx-log\tx1.log and C:\Users\EAI\AnypointStudio\workspace\final-master\.mule\.\.mule\soap1\queue-xa-tx-log\tx2.log
2018-01-11 10:30:15,729 [Mule.app.deployer.monitor.1.thread.1] INFO  org.mule.lifecycle.AbstractLifecycleManager - Initialising model: _muleSystemModel
2018-01-11 10:30:15,729 [Mule.app.deployer.monitor.1.thread.1] INFO  org.mule.construct.FlowConstructLifecycleManager - Initialising flow: soap1Flow
2018-01-11 10:30:15,729 [Mule.app.deployer.monitor.1.thread.1] INFO  org.mule.exception.DefaultMessagingExceptionStrategy - Initialising exception listener: org.mule.exception.DefaultMessagingExceptionStrategy@5c3f66e4
2018-01-11 10:30:15,729 [Mule.app.deployer.monitor.1.thread.1] INFO  org.mule.processor.SedaStageLifecycleManager - Initialising service: soap1Flow.stage1
2018-01-11 10:30:15,744 [Mule.app.deployer.monitor.1.thread.1] INFO  org.mule.module.cxf.config.WebServiceFactoryBean - Built CXF Inbound MessageProcessor for service class com.main.inter
2018-01-11 10:30:15,760 [Mule.app.deployer.monitor.1.thread.1] INFO  org.mule.component.ComponentLifecycleManager - Initialising component: component.555058660
2018-01-11 10:30:15,791 [Mule.app.deployer.monitor.1.thread.1] INFO  org.mule.config.spring.SpringXmlConfigurationBuilder - Configured Mule using "org.mule.config.spring.SpringXmlConfigurationBuilder" with configuration resource(s): "[ConfigResource{resourceName='C:\Users\EAI\AnypointStudio\workspace\final-master\.mule\apps\soap1\soap1.xml'}]"
2018-01-11 10:30:15,791 [Mule.app.deployer.monitor.1.thread.1] INFO  org.mule.config.builders.AutoConfigurationBuilder - Configured Mule using "org.mule.config.builders.AutoConfigurationBuilder" with configuration resource(s): "[ConfigResource{resourceName='C:\Users\EAI\AnypointStudio\workspace\final-master\.mule\apps\soap1\soap1.xml'}]"
2018-01-11 10:30:18,806 [Mule.app.deployer.monitor.1.thread.1] INFO  org.mule.module.launcher.application.DefaultMuleApplication - 
++++++++++++++++++++++++++++++++++++++++++++++++++++++++++++
+ Starting app 'soap1'                                     +
++++++++++++++++++++++++++++++++++++++++++++++++++++++++++++
2018-01-11 10:30:18,812 [Mule.app.deployer.monitor.1.thread.1] INFO  org.mule.util.queue.QueueXaResourceManager - Starting ResourceManager
2018-01-11 10:30:18,812 [Mule.app.deployer.monitor.1.thread.1] INFO  org.mule.util.queue.QueueXaResourceManager - Started ResourceManager
2018-01-11 10:30:18,843 [Mule.app.deployer.monitor.1.thread.1] INFO  org.mule.module.http.internal.listener.DefaultHttpListenerConfig - Listening for requests on http://0.0.0.0:8081
2018-01-11 10:30:18,859 [Mule.app.deployer.monitor.1.thread.1] INFO  org.mule.modules.oauth2.provider.agents.DefaultSplashScreenAgent - 
++++++++++++++++++++++++++++++++++++++++++++++++++++++++++++++++++++++++++++++++
+ DevKit Extensions (0) used in this application 
                             +
++++++++++++++++++++++++++++++++++++++++++++++++++++++++++++++++++++++++++++++++
2018-01-11 10:30:18,859 [Mule.app.deployer.monitor.1.thread.1] INFO  org.mule.lifecycle.AbstractLifecycleManager - Starting model: _muleSystemModel
2018-01-11 10:30:18,859 [Mule.app.deployer.monitor.1.thread.1] INFO  org.mule.construct.FlowConstructLifecycleManager - Starting flow: soap1Flow
2018-01-11 10:30:18,859 [Mule.app.deployer.monitor.1.thread.1] INFO  org.mule.processor.SedaStageLifecycleManager - Starting service: soap1Flow.stage1
2018-01-11 10:30:18,859 [Mule.app.deployer.monitor.1.thread.1] INFO  org.mule.component.ComponentLifecycleManager - Starting component: component.555058660
2018-01-11 10:30:18,859 [Mule.app.deployer.monitor.1.thread.1] INFO  org.mule.module.management.agent.WrapperManagerAgent - This JVM hasn't been launched by the wrapper, the agent will not run.
2018-01-11 10:30:18,859 [Mule.app.deployer.monitor.1.thread.1] INFO  org.mule.DefaultMuleContext - 
**********************************************************************
* Application: soap1                                                 *
* OS encoding: \, Mule encoding: UTF-8                               *
*                                                                    *
* Agents Running:                                                    *
*   DevKit Extension Information                                     *
*   JMX Agent                                                        *
*   Batch module default engine                                      *
*   Wrapper Manager                                                  *
**********************************************************************
2018-01-18 11:56:03,494 [main] INFO  org.mule.module.launcher.application.DefaultMuleApplication - 
++++++++++++++++++++++++++++++++++++++++++++++++++++++++++++
+ Initializing app 'soap1'                                 +
++++++++++++++++++++++++++++++++++++++++++++++++++++++++++++
2018-01-18 11:56:03,510 [main] WARN  com.mulesoft.module.client.APIPlatformClientCoreExtension - Client ID or Client Secret were not provided. API Manager client is DISABLED for app implementationsoap
2018-01-18 11:56:03,510 [main] INFO  org.mule.lifecycle.AbstractLifecycleManager - Initialising RegistryBroker
2018-01-18 11:56:03,510 [main] INFO  org.mule.module.extension.internal.manager.DefaultExtensionManager - Starting discovery of extensions
2018-01-18 11:56:03,525 [main] INFO  org.mule.module.extension.internal.manager.DefaultExtensionManager - Discovered 1 extensions
2018-01-18 11:56:03,525 [main] INFO  org.mule.module.extension.internal.manager.DefaultExtensionManager - Registering extension validation (version 3.8)
2018-01-18 11:56:03,525 [main] INFO  org.mule.config.spring.MuleArtifactContext - Refreshing org.mule.config.spring.MuleArtifactContext@4567fb2b: startup date [Thu Jan 18 11:56:03 IST 2018]; root of context hierarchy
2018-01-18 11:56:03,848 [main] INFO  org.mule.config.spring.processors.NoDevkitInjectorProcessor - JSR-330 'javax.inject.Inject' annotation found and supported for autowiring
2018-01-18 11:56:03,957 [main] INFO  org.mule.util.journal.TransactionJournal - Using files for tx logs C:\Users\EAI\AnypointStudio\workspace\final-master\.mule\.\.mule\soap1\queue-tx-log\tx1.log and C:\Users\EAI\AnypointStudio\workspace\final-master\.mule\.\.mule\soap1\queue-tx-log\tx2.log
2018-01-18 11:56:03,957 [main] INFO  org.mule.util.journal.TransactionJournal - Using files for tx logs C:\Users\EAI\AnypointStudio\workspace\final-master\.mule\.\.mule\soap1\queue-xa-tx-log\tx1.log and C:\Users\EAI\AnypointStudio\workspace\final-master\.mule\.\.mule\soap1\queue-xa-tx-log\tx2.log
2018-01-18 11:56:03,978 [main] INFO  org.mule.lifecycle.AbstractLifecycleManager - Initialising model: _muleSystemModel
2018-01-18 11:56:03,978 [main] INFO  org.mule.construct.FlowConstructLifecycleManager - Initialising flow: soap1Flow
2018-01-18 11:56:03,978 [main] INFO  org.mule.exception.DefaultMessagingExceptionStrategy - Initialising exception listener: org.mule.exception.DefaultMessagingExceptionStrategy@79308a2
2018-01-18 11:56:03,978 [main] INFO  org.mule.processor.SedaStageLifecycleManager - Initialising service: soap1Flow.stage1
2018-01-18 11:56:04,025 [main] INFO  org.mule.module.cxf.config.WebServiceFactoryBean - Built CXF Inbound MessageProcessor for service class com.main.inter
2018-01-18 11:56:04,661 [main] INFO  org.mule.component.ComponentLifecycleManager - Initialising component: component.1273048940
2018-01-18 11:56:04,753 [main] INFO  org.mule.config.spring.SpringXmlConfigurationBuilder - Configured Mule using "org.mule.config.spring.SpringXmlConfigurationBuilder" with configuration resource(s): "[ConfigResource{resourceName='C:\Users\EAI\AnypointStudio\workspace\final-master\.mule\apps\soap1\soap1.xml'}]"
2018-01-18 11:56:04,753 [main] INFO  org.mule.config.builders.AutoConfigurationBuilder - Configured Mule using "org.mule.config.builders.AutoConfigurationBuilder" with configuration resource(s): "[ConfigResource{resourceName='C:\Users\EAI\AnypointStudio\workspace\final-master\.mule\apps\soap1\soap1.xml'}]"
2018-01-18 11:56:07,772 [main] INFO  org.mule.module.launcher.application.DefaultMuleApplication - 
++++++++++++++++++++++++++++++++++++++++++++++++++++++++++++
+ Starting app 'soap1'                                     +
++++++++++++++++++++++++++++++++++++++++++++++++++++++++++++
2018-01-18 11:56:07,775 [main] INFO  org.mule.util.queue.QueueXaResourceManager - Starting ResourceManager
2018-01-18 11:56:07,775 [main] INFO  org.mule.util.queue.QueueXaResourceManager - Started ResourceManager
2018-01-18 11:56:07,811 [main] INFO  org.mule.module.http.internal.listener.DefaultHttpListenerConfig - Listening for requests on http://0.0.0.0:8081
2018-01-18 11:56:07,811 [main] INFO  org.mule.modules.oauth2.provider.agents.DefaultSplashScreenAgent - 
++++++++++++++++++++++++++++++++++++++++++++++++++++++++++++++++++++++++++++++++
+ DevKit Extensions (0) used in this application 
                             +
++++++++++++++++++++++++++++++++++++++++++++++++++++++++++++++++++++++++++++++++
2018-01-18 11:56:07,811 [main] INFO  org.mule.lifecycle.AbstractLifecycleManager - Starting model: _muleSystemModel
2018-01-18 11:56:07,811 [main] INFO  org.mule.construct.FlowConstructLifecycleManager - Starting flow: soap1Flow
2018-01-18 11:56:07,811 [main] INFO  org.mule.processor.SedaStageLifecycleManager - Starting service: soap1Flow.stage1
2018-01-18 11:56:07,811 [main] INFO  org.mule.component.ComponentLifecycleManager - Starting component: component.1273048940
2018-01-18 11:56:07,827 [main] INFO  org.mule.module.management.agent.WrapperManagerAgent - This JVM hasn't been launched by the wrapper, the agent will not run.
2018-01-18 11:56:07,827 [main] INFO  org.mule.DefaultMuleContext - 
**********************************************************************
* Application: soap1                                                 *
* OS encoding: \, Mule encoding: UTF-8                               *
*                                                                    *
* Agents Running:                                                    *
*   Batch module default engine                                      *
*   JMX Agent                                                        *
*   DevKit Extension Information                                     *
*   Wrapper Manager                                                  *
**********************************************************************
2018-01-18 11:57:27,298 [Mule.app.deployer.monitor.1.thread.1] INFO  org.mule.module.launcher.application.DefaultMuleApplication - 
++++++++++++++++++++++++++++++++++++++++++++++++++++++++++++
+ Stopping app 'soap1'                                     +
++++++++++++++++++++++++++++++++++++++++++++++++++++++++++++
2018-01-18 11:57:27,298 [Mule.app.deployer.monitor.1.thread.1] INFO  org.mule.construct.FlowConstructLifecycleManager - Stopping flow: soap1Flow
2018-01-18 11:57:27,298 [Mule.app.deployer.monitor.1.thread.1] INFO  org.mule.processor.SedaStageLifecycleManager - Stopping service: soap1Flow.stage1
2018-01-18 11:57:27,360 [Mule.app.deployer.monitor.1.thread.1] INFO  org.mule.component.ComponentLifecycleManager - Stopping component: component.1273048940
2018-01-18 11:57:27,360 [Mule.app.deployer.monitor.1.thread.1] INFO  org.mule.lifecycle.AbstractLifecycleManager - Stopping model: _muleSystemModel
2018-01-18 11:57:27,360 [Mule.app.deployer.monitor.1.thread.1] INFO  org.mule.module.http.internal.listener.DefaultHttpListenerConfig - Stopped listener on http://0.0.0.0:8081
2018-01-18 11:57:27,360 [Mule.app.deployer.monitor.1.thread.1] INFO  org.mule.util.queue.QueueXaResourceManager - Stopping ResourceManager
2018-01-18 11:57:27,360 [Mule.app.deployer.monitor.1.thread.1] INFO  org.mule.util.queue.QueueXaResourceManager - Stopped ResourceManager
2018-01-18 11:57:27,360 [Mule.app.deployer.monitor.1.thread.1] INFO  org.mule.module.launcher.application.DefaultMuleApplication - 
++++++++++++++++++++++++++++++++++++++++++++++++++++++++++++
+ Disposing app 'soap1'                                    +
++++++++++++++++++++++++++++++++++++++++++++++++++++++++++++
2018-01-18 11:57:27,360 [Mule.app.deployer.monitor.1.thread.1] INFO  org.mule.lifecycle.AbstractLifecycleManager - Disposing RegistryBroker
2018-01-18 11:57:27,360 [Mule.app.deployer.monitor.1.thread.1] INFO  org.mule.construct.FlowConstructLifecycleManager - Disposing flow: soap1Flow
2018-01-18 11:57:27,360 [Mule.app.deployer.monitor.1.thread.1] INFO  org.mule.processor.SedaStageLifecycleManager - Disposing service: soap1Flow.stage1
2018-01-18 11:57:27,360 [Mule.app.deployer.monitor.1.thread.1] INFO  org.mule.component.ComponentLifecycleManager - Disposing component: component.1273048940
2018-01-18 11:57:27,360 [Mule.app.deployer.monitor.1.thread.1] INFO  org.mule.lifecycle.AbstractLifecycleManager - Disposing model: _muleSystemModel
2018-01-18 11:57:27,376 [Mule.app.deployer.monitor.1.thread.1] INFO  org.mule.config.spring.MuleArtifactContext - Closing org.mule.config.spring.MuleArtifactContext@4567fb2b: startup date [Thu Jan 18 11:56:03 IST 2018]; root of context hierarchy
2018-01-18 11:57:27,469 [Mule.app.deployer.monitor.1.thread.1] INFO  org.mule.DefaultMuleContext - 
**********************************************************************
* Application "soap1" shut down normally on: 1/18/18 11:57 AM        *
* Up for: 0 days, 0 hours, 1 mins, 19.696 sec                        *
**********************************************************************
2018-01-18 11:57:27,579 [Mule.app.deployer.monitor.1.thread.1] INFO  org.mule.module.launcher.application.DefaultMuleApplication - 
++++++++++++++++++++++++++++++++++++++++++++++++++++++++++++
+ Initializing app 'soap1'                                 +
++++++++++++++++++++++++++++++++++++++++++++++++++++++++++++
2018-01-18 11:57:27,594 [Mule.app.deployer.monitor.1.thread.1] WARN  com.mulesoft.module.client.APIPlatformClientCoreExtension - Client ID or Client Secret were not provided. API Manager client is DISABLED for app implementationsoap
2018-01-18 11:57:27,594 [Mule.app.deployer.monitor.1.thread.1] WARN  com.mulesoft.module.client.APIPlatformClientCoreExtension - Client ID or Client Secret were not provided. API Manager client is DISABLED for app soap1
2018-01-18 11:57:27,594 [Mule.app.deployer.monitor.1.thread.1] WARN  com.mulesoft.module.client.APIPlatformClientCoreExtension - Client ID or Client Secret were not provided. API Manager client is DISABLED for app implementationsoap
2018-01-18 11:57:27,594 [Mule.app.deployer.monitor.1.thread.1] INFO  org.mule.lifecycle.AbstractLifecycleManager - Initialising RegistryBroker
2018-01-18 11:57:27,594 [Mule.app.deployer.monitor.1.thread.1] INFO  org.mule.module.extension.internal.manager.DefaultExtensionManager - Starting discovery of extensions
2018-01-18 11:57:27,626 [Mule.app.deployer.monitor.1.thread.1] INFO  org.mule.module.extension.internal.manager.DefaultExtensionManager - Discovered 1 extensions
2018-01-18 11:57:27,626 [Mule.app.deployer.monitor.1.thread.1] INFO  org.mule.module.extension.internal.manager.DefaultExtensionManager - Registering extension validation (version 3.8)
2018-01-18 11:57:27,626 [Mule.app.deployer.monitor.1.thread.1] INFO  org.mule.config.spring.MuleArtifactContext - Refreshing org.mule.config.spring.MuleArtifactContext@7ea665df: startup date [Thu Jan 18 11:57:27 IST 2018]; root of context hierarchy
2018-01-18 11:57:28,026 [Mule.app.deployer.monitor.1.thread.1] INFO  org.mule.config.spring.processors.NoDevkitInjectorProcessor - JSR-330 'javax.inject.Inject' annotation found and supported for autowiring
2018-01-18 11:57:28,252 [Mule.app.deployer.monitor.1.thread.1] INFO  org.mule.util.journal.TransactionJournal - Using files for tx logs C:\Users\EAI\AnypointStudio\workspace\final-master\.mule\.\.mule\soap1\queue-tx-log\tx1.log and C:\Users\EAI\AnypointStudio\workspace\final-master\.mule\.\.mule\soap1\queue-tx-log\tx2.log
2018-01-18 11:57:28,257 [Mule.app.deployer.monitor.1.thread.1] INFO  org.mule.util.journal.TransactionJournal - Using files for tx logs C:\Users\EAI\AnypointStudio\workspace\final-master\.mule\.\.mule\soap1\queue-xa-tx-log\tx1.log and C:\Users\EAI\AnypointStudio\workspace\final-master\.mule\.\.mule\soap1\queue-xa-tx-log\tx2.log
2018-01-18 11:57:28,269 [Mule.app.deployer.monitor.1.thread.1] INFO  org.mule.lifecycle.AbstractLifecycleManager - Initialising model: _muleSystemModel
2018-01-18 11:57:28,270 [Mule.app.deployer.monitor.1.thread.1] INFO  org.mule.construct.FlowConstructLifecycleManager - Initialising flow: soap1Flow
2018-01-18 11:57:28,270 [Mule.app.deployer.monitor.1.thread.1] INFO  org.mule.exception.DefaultMessagingExceptionStrategy - Initialising exception listener: org.mule.exception.DefaultMessagingExceptionStrategy@72db449
2018-01-18 11:57:28,277 [Mule.app.deployer.monitor.1.thread.1] INFO  org.mule.processor.SedaStageLifecycleManager - Initialising service: soap1Flow.stage1
2018-01-18 11:57:28,291 [Mule.app.deployer.monitor.1.thread.1] INFO  org.mule.module.cxf.config.WebServiceFactoryBean - Built CXF Inbound MessageProcessor for service class com.main.inter
2018-01-18 11:57:28,311 [Mule.app.deployer.monitor.1.thread.1] INFO  org.mule.component.ComponentLifecycleManager - Initialising component: component.1956189893
2018-01-18 11:57:28,342 [Mule.app.deployer.monitor.1.thread.1] INFO  org.mule.config.spring.SpringXmlConfigurationBuilder - Configured Mule using "org.mule.config.spring.SpringXmlConfigurationBuilder" with configuration resource(s): "[ConfigResource{resourceName='C:\Users\EAI\AnypointStudio\workspace\final-master\.mule\apps\soap1\soap1.xml'}]"
2018-01-18 11:57:28,342 [Mule.app.deployer.monitor.1.thread.1] INFO  org.mule.config.builders.AutoConfigurationBuilder - Configured Mule using "org.mule.config.builders.AutoConfigurationBuilder" with configuration resource(s): "[ConfigResource{resourceName='C:\Users\EAI\AnypointStudio\workspace\final-master\.mule\apps\soap1\soap1.xml'}]"
2018-01-18 11:57:31,343 [Mule.app.deployer.monitor.1.thread.1] INFO  org.mule.module.launcher.application.DefaultMuleApplication - 
++++++++++++++++++++++++++++++++++++++++++++++++++++++++++++
+ Starting app 'soap1'                                     +
++++++++++++++++++++++++++++++++++++++++++++++++++++++++++++
2018-01-18 11:57:31,349 [Mule.app.deployer.monitor.1.thread.1] INFO  org.mule.util.queue.QueueXaResourceManager - Starting ResourceManager
2018-01-18 11:57:31,349 [Mule.app.deployer.monitor.1.thread.1] INFO  org.mule.util.queue.QueueXaResourceManager - Started ResourceManager
2018-01-18 11:57:31,380 [Mule.app.deployer.monitor.1.thread.1] INFO  org.mule.module.http.internal.listener.DefaultHttpListenerConfig - Listening for requests on http://0.0.0.0:8081
2018-01-18 11:57:31,380 [Mule.app.deployer.monitor.1.thread.1] INFO  org.mule.modules.oauth2.provider.agents.DefaultSplashScreenAgent - 
++++++++++++++++++++++++++++++++++++++++++++++++++++++++++++++++++++++++++++++++
+ DevKit Extensions (0) used in this application 
                             +
++++++++++++++++++++++++++++++++++++++++++++++++++++++++++++++++++++++++++++++++
2018-01-18 11:57:31,380 [Mule.app.deployer.monitor.1.thread.1] INFO  org.mule.lifecycle.AbstractLifecycleManager - Starting model: _muleSystemModel
2018-01-18 11:57:31,380 [Mule.app.deployer.monitor.1.thread.1] INFO  org.mule.construct.FlowConstructLifecycleManager - Starting flow: soap1Flow
2018-01-18 11:57:31,380 [Mule.app.deployer.monitor.1.thread.1] INFO  org.mule.processor.SedaStageLifecycleManager - Starting service: soap1Flow.stage1
2018-01-18 11:57:31,396 [Mule.app.deployer.monitor.1.thread.1] INFO  org.mule.component.ComponentLifecycleManager - Starting component: component.1956189893
2018-01-18 11:57:31,396 [Mule.app.deployer.monitor.1.thread.1] INFO  org.mule.module.management.agent.WrapperManagerAgent - This JVM hasn't been launched by the wrapper, the agent will not run.
2018-01-18 11:57:31,396 [Mule.app.deployer.monitor.1.thread.1] INFO  org.mule.DefaultMuleContext - 
**********************************************************************
* Application: soap1                                                 *
* OS encoding: \, Mule encoding: UTF-8                               *
*                                                                    *
* Agents Running:                                                    *
*   Batch module default engine                                      *
*   JMX Agent                                                        *
*   DevKit Extension Information                                     *
*   Wrapper Manager                                                  *
**********************************************************************
