2018-01-08 12:05:07,159 [main] INFO  org.mule.module.launcher.application.DefaultMuleApplication - 
++++++++++++++++++++++++++++++++++++++++++++++++++++++++++++
+ Initializing app 'variabledemo'                          +
++++++++++++++++++++++++++++++++++++++++++++++++++++++++++++
2018-01-08 12:05:07,332 [main] INFO  org.mule.lifecycle.AbstractLifecycleManager - Initialising RegistryBroker
2018-01-08 12:05:07,432 [main] INFO  org.mule.module.extension.internal.manager.DefaultExtensionManager - Starting discovery of extensions
2018-01-08 12:05:07,531 [main] INFO  org.mule.module.extension.internal.manager.DefaultExtensionManager - Discovered 1 extensions
2018-01-08 12:05:07,532 [main] INFO  org.mule.module.extension.internal.manager.DefaultExtensionManager - Registering extension validation (version 3.8)
2018-01-08 12:05:07,598 [main] INFO  org.mule.config.spring.MuleArtifactContext - Refreshing org.mule.config.spring.MuleArtifactContext@544630b7: startup date [Mon Jan 08 12:05:07 IST 2018]; root of context hierarchy
2018-01-08 12:05:08,685 [main] INFO  org.mule.config.spring.processors.NoDevkitInjectorProcessor - JSR-330 'javax.inject.Inject' annotation found and supported for autowiring
2018-01-08 12:05:09,370 [main] WARN  org.mule.module.ognl.expression.OgnlExpressionEvaluator - OGNL module is deprecated and will be removed in Mule 4.0. Use MEL expressions instead.
2018-01-08 12:05:09,979 [main] INFO  org.mule.util.journal.TransactionJournal - Using files for tx logs C:\Users\EAI\AnypointStudio\workspace\final-master\.mule\.\.mule\variabledemo\queue-tx-log\tx1.log and C:\Users\EAI\AnypointStudio\workspace\final-master\.mule\.\.mule\variabledemo\queue-tx-log\tx2.log
2018-01-08 12:05:09,994 [main] INFO  org.mule.util.journal.TransactionJournal - Using files for tx logs C:\Users\EAI\AnypointStudio\workspace\final-master\.mule\.\.mule\variabledemo\queue-xa-tx-log\tx1.log and C:\Users\EAI\AnypointStudio\workspace\final-master\.mule\.\.mule\variabledemo\queue-xa-tx-log\tx2.log
2018-01-08 12:05:10,001 [main] INFO  org.mule.lifecycle.AbstractLifecycleManager - Initialising connector: connector.VM.mule.default
2018-01-08 12:05:10,101 [main] INFO  org.mule.lifecycle.AbstractLifecycleManager - Initialising model: _muleSystemModel
2018-01-08 12:05:10,103 [main] INFO  org.mule.construct.FlowConstructLifecycleManager - Initialising flow: variabledemoFlow
2018-01-08 12:05:10,103 [main] INFO  org.mule.exception.DefaultMessagingExceptionStrategy - Initialising exception listener: org.mule.exception.DefaultMessagingExceptionStrategy@16a2ed51
2018-01-08 12:05:10,127 [main] INFO  org.mule.processor.SedaStageLifecycleManager - Initialising service: variabledemoFlow.stage1
2018-01-08 12:05:10,136 [main] INFO  org.mule.construct.FlowConstructLifecycleManager - Initialising flow: variabledemoFlow1
2018-01-08 12:05:10,136 [main] INFO  org.mule.exception.DefaultMessagingExceptionStrategy - Initialising exception listener: org.mule.exception.DefaultMessagingExceptionStrategy@438c9aa7
2018-01-08 12:05:10,140 [main] INFO  org.mule.processor.SedaStageLifecycleManager - Initialising service: variabledemoFlow1.stage1
2018-01-08 12:05:10,383 [main] INFO  org.mule.config.spring.SpringXmlConfigurationBuilder - Configured Mule using "org.mule.config.spring.SpringXmlConfigurationBuilder" with configuration resource(s): "[ConfigResource{resourceName='C:\Users\EAI\AnypointStudio\workspace\final-master\.mule\apps\variabledemo\variabledemo.xml'}]"
2018-01-08 12:05:10,384 [main] INFO  org.mule.config.builders.AutoConfigurationBuilder - Configured Mule using "org.mule.config.builders.AutoConfigurationBuilder" with configuration resource(s): "[ConfigResource{resourceName='C:\Users\EAI\AnypointStudio\workspace\final-master\.mule\apps\variabledemo\variabledemo.xml'}]"
2018-01-08 12:05:13,417 [main] INFO  org.mule.module.launcher.application.DefaultMuleApplication - 
++++++++++++++++++++++++++++++++++++++++++++++++++++++++++++
+ Starting app 'variabledemo'                              +
++++++++++++++++++++++++++++++++++++++++++++++++++++++++++++
2018-01-08 12:05:13,425 [main] INFO  org.mule.util.queue.QueueXaResourceManager - Starting ResourceManager
2018-01-08 12:05:13,425 [main] INFO  org.mule.util.queue.QueueXaResourceManager - Started ResourceManager
2018-01-08 12:05:13,479 [main] INFO  org.mule.module.http.internal.listener.DefaultHttpListenerConfig - Listening for requests on http://0.0.0.0:8081
2018-01-08 12:05:13,482 [main] INFO  org.mule.transport.vm.VMConnector - Connected: VMConnector
{
  name=connector.VM.mule.default
  lifecycle=initialise
  this=558b4942
  numberOfConcurrentTransactedReceivers=4
  createMultipleTransactedReceivers=true
  connected=true
  supportedProtocols=[vm]
  serviceOverrides=<none>
}

2018-01-08 12:05:13,482 [main] INFO  org.mule.transport.vm.VMConnector - Starting: VMConnector
{
  name=connector.VM.mule.default
  lifecycle=initialise
  this=558b4942
  numberOfConcurrentTransactedReceivers=4
  createMultipleTransactedReceivers=true
  connected=true
  supportedProtocols=[vm]
  serviceOverrides=<none>
}

2018-01-08 12:05:13,483 [main] INFO  org.mule.lifecycle.AbstractLifecycleManager - Starting connector: connector.VM.mule.default
2018-01-08 12:05:13,484 [main] INFO  org.mule.modules.oauth2.provider.agents.DefaultSplashScreenAgent - 
++++++++++++++++++++++++++++++++++++++++++++++++++++++++++++++++++++++++++++++++
+ DevKit Extensions (0) used in this application 
                             +
++++++++++++++++++++++++++++++++++++++++++++++++++++++++++++++++++++++++++++++++
2018-01-08 12:05:13,487 [main] INFO  org.mule.lifecycle.AbstractLifecycleManager - Starting model: _muleSystemModel
2018-01-08 12:05:13,488 [main] INFO  org.mule.construct.FlowConstructLifecycleManager - Starting flow: variabledemoFlow
2018-01-08 12:05:13,488 [main] INFO  org.mule.processor.SedaStageLifecycleManager - Starting service: variabledemoFlow.stage1
2018-01-08 12:05:13,491 [main] INFO  org.mule.construct.FlowConstructLifecycleManager - Starting flow: variabledemoFlow1
2018-01-08 12:05:13,491 [main] INFO  org.mule.processor.SedaStageLifecycleManager - Starting service: variabledemoFlow1.stage1
2018-01-08 12:05:13,517 [main] INFO  org.mule.transport.vm.VMConnector - Registering listener: variabledemoFlow1 on endpointUri: vm://vmqpath
2018-01-08 12:05:13,526 [main] INFO  org.mule.lifecycle.AbstractLifecycleManager - Initialising: 'null'. Object is: VMMessageReceiver
2018-01-08 12:05:13,527 [main] INFO  org.mule.transport.vm.VMMessageReceiver - Connecting clusterizable message receiver
2018-01-08 12:05:13,528 [main] INFO  org.mule.lifecycle.AbstractLifecycleManager - Starting: 'null'. Object is: VMMessageReceiver
2018-01-08 12:05:13,528 [main] INFO  org.mule.transport.vm.VMMessageReceiver - Starting clusterizable message receiver
2018-01-08 12:05:13,535 [main] INFO  org.mule.module.management.agent.WrapperManagerAgent - This JVM hasn't been launched by the wrapper, the agent will not run.
2018-01-08 12:05:13,550 [main] INFO  org.mule.module.management.agent.AbstractJmxAgent - Attempting to register service with name: Mule.variabledemo:type=Endpoint,service="variabledemoFlow1",connector=connector.VM.mule.default,name="endpoint.vm.vmqpath"
2018-01-08 12:05:13,551 [main] INFO  org.mule.module.management.agent.AbstractJmxAgent - Registered Endpoint Service with name: Mule.variabledemo:type=Endpoint,service="variabledemoFlow1",connector=connector.VM.mule.default,name="endpoint.vm.vmqpath"
2018-01-08 12:05:13,552 [main] INFO  org.mule.module.management.agent.AbstractJmxAgent - Registered Connector Service with name Mule.variabledemo:type=Connector,name="connector.VM.mule.default"
2018-01-08 12:05:13,555 [main] INFO  org.mule.DefaultMuleContext - 
**********************************************************************
* Application: variabledemo                                          *
* OS encoding: \, Mule encoding: UTF-8                               *
*                                                                    *
* Agents Running:                                                    *
*   DevKit Extension Information                                     *
*   JMX Agent                                                        *
*   Batch module default engine                                      *
*   Wrapper Manager                                                  *
**********************************************************************
2018-01-08 12:05:28,587 [Mule.app.deployer.monitor.1.thread.1] INFO  org.mule.module.launcher.application.DefaultMuleApplication - 
++++++++++++++++++++++++++++++++++++++++++++++++++++++++++++
+ Stopping app 'variabledemo'                              +
++++++++++++++++++++++++++++++++++++++++++++++++++++++++++++
2018-01-08 12:05:28,592 [Mule.app.deployer.monitor.1.thread.1] INFO  org.mule.construct.FlowConstructLifecycleManager - Stopping flow: variabledemoFlow
2018-01-08 12:05:28,594 [Mule.app.deployer.monitor.1.thread.1] INFO  org.mule.processor.SedaStageLifecycleManager - Stopping service: variabledemoFlow.stage1
2018-01-08 12:05:28,719 [Mule.app.deployer.monitor.1.thread.1] INFO  org.mule.construct.FlowConstructLifecycleManager - Stopping flow: variabledemoFlow1
2018-01-08 12:05:28,719 [Mule.app.deployer.monitor.1.thread.1] INFO  org.mule.transport.vm.VMConnector - Removing listener on endpointUri: vm://vmqpath
2018-01-08 12:05:28,720 [Mule.app.deployer.monitor.1.thread.1] INFO  org.mule.lifecycle.AbstractLifecycleManager - Stopping: 'null'. Object is: VMMessageReceiver
2018-01-08 12:05:28,823 [Mule.app.deployer.monitor.1.thread.1] INFO  org.mule.lifecycle.AbstractLifecycleManager - Disposing: 'null'. Object is: VMMessageReceiver
2018-01-08 12:05:28,823 [Mule.app.deployer.monitor.1.thread.1] INFO  org.mule.processor.SedaStageLifecycleManager - Stopping service: variabledemoFlow1.stage1
2018-01-08 12:05:28,925 [Mule.app.deployer.monitor.1.thread.1] INFO  org.mule.lifecycle.AbstractLifecycleManager - Stopping model: _muleSystemModel
2018-01-08 12:05:28,928 [Mule.app.deployer.monitor.1.thread.1] INFO  org.mule.lifecycle.AbstractLifecycleManager - Stopping connector: connector.VM.mule.default
2018-01-08 12:05:28,962 [Mule.app.deployer.monitor.1.thread.1] INFO  org.mule.module.http.internal.listener.DefaultHttpListenerConfig - Stopped listener on http://0.0.0.0:8081
2018-01-08 12:05:28,963 [Mule.app.deployer.monitor.1.thread.1] INFO  org.mule.util.queue.QueueXaResourceManager - Stopping ResourceManager
2018-01-08 12:05:28,963 [Mule.app.deployer.monitor.1.thread.1] INFO  org.mule.util.queue.QueueXaResourceManager - Stopped ResourceManager
2018-01-08 12:05:28,967 [Mule.app.deployer.monitor.1.thread.1] INFO  org.mule.module.launcher.application.DefaultMuleApplication - 
++++++++++++++++++++++++++++++++++++++++++++++++++++++++++++
+ Disposing app 'variabledemo'                             +
++++++++++++++++++++++++++++++++++++++++++++++++++++++++++++
2018-01-08 12:05:28,968 [Mule.app.deployer.monitor.1.thread.1] INFO  org.mule.lifecycle.AbstractLifecycleManager - Disposing RegistryBroker
2018-01-08 12:05:28,969 [Mule.app.deployer.monitor.1.thread.1] INFO  org.mule.construct.FlowConstructLifecycleManager - Disposing flow: variabledemoFlow
2018-01-08 12:05:28,970 [Mule.app.deployer.monitor.1.thread.1] INFO  org.mule.processor.SedaStageLifecycleManager - Disposing service: variabledemoFlow.stage1
2018-01-08 12:05:28,970 [Mule.app.deployer.monitor.1.thread.1] INFO  org.mule.construct.FlowConstructLifecycleManager - Disposing flow: variabledemoFlow1
2018-01-08 12:05:28,970 [Mule.app.deployer.monitor.1.thread.1] INFO  org.mule.processor.SedaStageLifecycleManager - Disposing service: variabledemoFlow1.stage1
2018-01-08 12:05:28,972 [Mule.app.deployer.monitor.1.thread.1] INFO  org.mule.lifecycle.AbstractLifecycleManager - Disposing model: _muleSystemModel
2018-01-08 12:05:28,977 [Mule.app.deployer.monitor.1.thread.1] INFO  org.mule.transport.vm.VMConnector - Disconnected: VMConnector
{
  name=connector.VM.mule.default
  lifecycle=stop
  this=558b4942
  numberOfConcurrentTransactedReceivers=4
  createMultipleTransactedReceivers=true
  connected=true
  supportedProtocols=[vm]
  serviceOverrides=<none>
}

2018-01-08 12:05:28,977 [Mule.app.deployer.monitor.1.thread.1] INFO  org.mule.lifecycle.AbstractLifecycleManager - Disposing connector: connector.VM.mule.default
2018-01-08 12:05:29,091 [Mule.app.deployer.monitor.1.thread.1] INFO  org.mule.config.spring.MuleArtifactContext - Closing org.mule.config.spring.MuleArtifactContext@544630b7: startup date [Mon Jan 08 12:05:07 IST 2018]; root of context hierarchy
2018-01-08 12:05:29,122 [Mule.app.deployer.monitor.1.thread.1] INFO  org.mule.DefaultMuleContext - 
**********************************************************************
* Application "variabledemo" shut down normally on: 1/8/18 12:05 PM  *
* Up for: 0 days, 0 hours, 0 mins, 15.703 sec                        *
**********************************************************************
2018-01-08 12:05:29,215 [Mule.app.deployer.monitor.1.thread.1] INFO  org.mule.module.launcher.application.DefaultMuleApplication - 
++++++++++++++++++++++++++++++++++++++++++++++++++++++++++++
+ Initializing app 'variabledemo'                          +
++++++++++++++++++++++++++++++++++++++++++++++++++++++++++++
2018-01-08 12:05:29,219 [Mule.app.deployer.monitor.1.thread.1] WARN  com.mulesoft.module.client.APIPlatformClientCoreExtension - Client ID or Client Secret were not provided. API Manager client is DISABLED for app variabledemo
2018-01-08 12:05:29,223 [Mule.app.deployer.monitor.1.thread.1] INFO  org.mule.lifecycle.AbstractLifecycleManager - Initialising RegistryBroker
2018-01-08 12:05:29,227 [Mule.app.deployer.monitor.1.thread.1] INFO  org.mule.module.extension.internal.manager.DefaultExtensionManager - Starting discovery of extensions
2018-01-08 12:05:29,237 [Mule.app.deployer.monitor.1.thread.1] INFO  org.mule.module.extension.internal.manager.DefaultExtensionManager - Discovered 1 extensions
2018-01-08 12:05:29,238 [Mule.app.deployer.monitor.1.thread.1] INFO  org.mule.module.extension.internal.manager.DefaultExtensionManager - Registering extension validation (version 3.8)
2018-01-08 12:05:29,246 [Mule.app.deployer.monitor.1.thread.1] INFO  org.mule.config.spring.MuleArtifactContext - Refreshing org.mule.config.spring.MuleArtifactContext@2a0fec26: startup date [Mon Jan 08 12:05:29 IST 2018]; root of context hierarchy
2018-01-08 12:05:29,539 [Mule.app.deployer.monitor.1.thread.1] INFO  org.mule.config.spring.processors.NoDevkitInjectorProcessor - JSR-330 'javax.inject.Inject' annotation found and supported for autowiring
2018-01-08 12:05:29,667 [Mule.app.deployer.monitor.1.thread.1] INFO  org.mule.util.journal.TransactionJournal - Using files for tx logs C:\Users\EAI\AnypointStudio\workspace\final-master\.mule\.\.mule\variabledemo\queue-tx-log\tx1.log and C:\Users\EAI\AnypointStudio\workspace\final-master\.mule\.\.mule\variabledemo\queue-tx-log\tx2.log
2018-01-08 12:05:29,669 [Mule.app.deployer.monitor.1.thread.1] INFO  org.mule.util.journal.TransactionJournal - Using files for tx logs C:\Users\EAI\AnypointStudio\workspace\final-master\.mule\.\.mule\variabledemo\queue-xa-tx-log\tx1.log and C:\Users\EAI\AnypointStudio\workspace\final-master\.mule\.\.mule\variabledemo\queue-xa-tx-log\tx2.log
2018-01-08 12:05:29,671 [Mule.app.deployer.monitor.1.thread.1] INFO  org.mule.lifecycle.AbstractLifecycleManager - Initialising connector: connector.VM.mule.default
2018-01-08 12:05:29,688 [Mule.app.deployer.monitor.1.thread.1] INFO  org.mule.lifecycle.AbstractLifecycleManager - Initialising model: _muleSystemModel
2018-01-08 12:05:29,689 [Mule.app.deployer.monitor.1.thread.1] INFO  org.mule.construct.FlowConstructLifecycleManager - Initialising flow: variabledemoFlow
2018-01-08 12:05:29,689 [Mule.app.deployer.monitor.1.thread.1] INFO  org.mule.exception.DefaultMessagingExceptionStrategy - Initialising exception listener: org.mule.exception.DefaultMessagingExceptionStrategy@14b7b73
2018-01-08 12:05:29,693 [Mule.app.deployer.monitor.1.thread.1] INFO  org.mule.processor.SedaStageLifecycleManager - Initialising service: variabledemoFlow.stage1
2018-01-08 12:05:29,694 [Mule.app.deployer.monitor.1.thread.1] INFO  org.mule.construct.FlowConstructLifecycleManager - Initialising flow: variabledemoFlow1
2018-01-08 12:05:29,694 [Mule.app.deployer.monitor.1.thread.1] INFO  org.mule.exception.DefaultMessagingExceptionStrategy - Initialising exception listener: org.mule.exception.DefaultMessagingExceptionStrategy@5aee98c2
2018-01-08 12:05:29,697 [Mule.app.deployer.monitor.1.thread.1] INFO  org.mule.processor.SedaStageLifecycleManager - Initialising service: variabledemoFlow1.stage1
2018-01-08 12:05:29,717 [Mule.app.deployer.monitor.1.thread.1] INFO  org.mule.config.spring.SpringXmlConfigurationBuilder - Configured Mule using "org.mule.config.spring.SpringXmlConfigurationBuilder" with configuration resource(s): "[ConfigResource{resourceName='C:\Users\EAI\AnypointStudio\workspace\final-master\.mule\apps\variabledemo\variabledemo.xml'}]"
2018-01-08 12:05:29,717 [Mule.app.deployer.monitor.1.thread.1] INFO  org.mule.config.builders.AutoConfigurationBuilder - Configured Mule using "org.mule.config.builders.AutoConfigurationBuilder" with configuration resource(s): "[ConfigResource{resourceName='C:\Users\EAI\AnypointStudio\workspace\final-master\.mule\apps\variabledemo\variabledemo.xml'}]"
2018-01-08 12:05:32,725 [Mule.app.deployer.monitor.1.thread.1] INFO  org.mule.module.launcher.application.DefaultMuleApplication - 
++++++++++++++++++++++++++++++++++++++++++++++++++++++++++++
+ Starting app 'variabledemo'                              +
++++++++++++++++++++++++++++++++++++++++++++++++++++++++++++
2018-01-08 12:05:32,734 [Mule.app.deployer.monitor.1.thread.1] INFO  org.mule.util.queue.QueueXaResourceManager - Starting ResourceManager
2018-01-08 12:05:32,734 [Mule.app.deployer.monitor.1.thread.1] INFO  org.mule.util.queue.QueueXaResourceManager - Started ResourceManager
2018-01-08 12:05:32,778 [Mule.app.deployer.monitor.1.thread.1] INFO  org.mule.module.http.internal.listener.DefaultHttpListenerConfig - Listening for requests on http://0.0.0.0:8081
2018-01-08 12:05:32,779 [Mule.app.deployer.monitor.1.thread.1] INFO  org.mule.transport.vm.VMConnector - Connected: VMConnector
{
  name=connector.VM.mule.default
  lifecycle=initialise
  this=245d8451
  numberOfConcurrentTransactedReceivers=4
  createMultipleTransactedReceivers=true
  connected=true
  supportedProtocols=[vm]
  serviceOverrides=<none>
}

2018-01-08 12:05:32,779 [Mule.app.deployer.monitor.1.thread.1] INFO  org.mule.transport.vm.VMConnector - Starting: VMConnector
{
  name=connector.VM.mule.default
  lifecycle=initialise
  this=245d8451
  numberOfConcurrentTransactedReceivers=4
  createMultipleTransactedReceivers=true
  connected=true
  supportedProtocols=[vm]
  serviceOverrides=<none>
}

2018-01-08 12:05:32,780 [Mule.app.deployer.monitor.1.thread.1] INFO  org.mule.lifecycle.AbstractLifecycleManager - Starting connector: connector.VM.mule.default
2018-01-08 12:05:32,782 [Mule.app.deployer.monitor.1.thread.1] INFO  org.mule.modules.oauth2.provider.agents.DefaultSplashScreenAgent - 
++++++++++++++++++++++++++++++++++++++++++++++++++++++++++++++++++++++++++++++++
+ DevKit Extensions (0) used in this application 
                             +
++++++++++++++++++++++++++++++++++++++++++++++++++++++++++++++++++++++++++++++++
2018-01-08 12:05:32,785 [Mule.app.deployer.monitor.1.thread.1] INFO  org.mule.lifecycle.AbstractLifecycleManager - Starting model: _muleSystemModel
2018-01-08 12:05:32,786 [Mule.app.deployer.monitor.1.thread.1] INFO  org.mule.construct.FlowConstructLifecycleManager - Starting flow: variabledemoFlow
2018-01-08 12:05:32,786 [Mule.app.deployer.monitor.1.thread.1] INFO  org.mule.processor.SedaStageLifecycleManager - Starting service: variabledemoFlow.stage1
2018-01-08 12:05:32,788 [Mule.app.deployer.monitor.1.thread.1] INFO  org.mule.construct.FlowConstructLifecycleManager - Starting flow: variabledemoFlow1
2018-01-08 12:05:32,789 [Mule.app.deployer.monitor.1.thread.1] INFO  org.mule.processor.SedaStageLifecycleManager - Starting service: variabledemoFlow1.stage1
2018-01-08 12:05:32,803 [Mule.app.deployer.monitor.1.thread.1] INFO  org.mule.transport.vm.VMConnector - Registering listener: variabledemoFlow1 on endpointUri: vm://vmqpath
2018-01-08 12:05:32,803 [Mule.app.deployer.monitor.1.thread.1] INFO  org.mule.lifecycle.AbstractLifecycleManager - Initialising: 'null'. Object is: VMMessageReceiver
2018-01-08 12:05:32,804 [Mule.app.deployer.monitor.1.thread.1] INFO  org.mule.transport.vm.VMMessageReceiver - Connecting clusterizable message receiver
2018-01-08 12:05:32,804 [Mule.app.deployer.monitor.1.thread.1] INFO  org.mule.lifecycle.AbstractLifecycleManager - Starting: 'null'. Object is: VMMessageReceiver
2018-01-08 12:05:32,804 [Mule.app.deployer.monitor.1.thread.1] INFO  org.mule.transport.vm.VMMessageReceiver - Starting clusterizable message receiver
2018-01-08 12:05:32,805 [Mule.app.deployer.monitor.1.thread.1] INFO  org.mule.module.management.agent.WrapperManagerAgent - This JVM hasn't been launched by the wrapper, the agent will not run.
2018-01-08 12:05:32,810 [Mule.app.deployer.monitor.1.thread.1] INFO  org.mule.module.management.agent.AbstractJmxAgent - Attempting to register service with name: Mule.variabledemo:type=Endpoint,service="variabledemoFlow1",connector=connector.VM.mule.default,name="endpoint.vm.vmqpath"
2018-01-08 12:05:32,811 [Mule.app.deployer.monitor.1.thread.1] INFO  org.mule.module.management.agent.AbstractJmxAgent - Registered Endpoint Service with name: Mule.variabledemo:type=Endpoint,service="variabledemoFlow1",connector=connector.VM.mule.default,name="endpoint.vm.vmqpath"
2018-01-08 12:05:32,812 [Mule.app.deployer.monitor.1.thread.1] INFO  org.mule.module.management.agent.AbstractJmxAgent - Registered Connector Service with name Mule.variabledemo:type=Connector,name="connector.VM.mule.default"
2018-01-08 12:05:32,815 [Mule.app.deployer.monitor.1.thread.1] INFO  org.mule.DefaultMuleContext - 
**********************************************************************
* Application: variabledemo                                          *
* OS encoding: \, Mule encoding: UTF-8                               *
*                                                                    *
* Agents Running:                                                    *
*   DevKit Extension Information                                     *
*   JMX Agent                                                        *
*   Batch module default engine                                      *
*   Wrapper Manager                                                  *
**********************************************************************
2018-01-08 12:05:47,215 [[variabledemo].HTTP_Listener_Configuration.worker.01] INFO  org.mule.api.processor.LoggerMessageProcessor - flow variable set
2018-01-08 12:05:47,221 [[variabledemo].HTTP_Listener_Configuration.worker.01] INFO  org.mule.api.processor.LoggerMessageProcessor - null
2018-01-08 12:05:47,243 [[variabledemo].HTTP_Listener_Configuration.worker.01] INFO  org.mule.lifecycle.AbstractLifecycleManager - Initialising: 'connector.VM.mule.default.dispatcher.2036070454'. Object is: VMMessageDispatcher
2018-01-08 12:05:47,243 [[variabledemo].HTTP_Listener_Configuration.worker.01] INFO  org.mule.lifecycle.AbstractLifecycleManager - Starting: 'connector.VM.mule.default.dispatcher.2036070454'. Object is: VMMessageDispatcher
2018-01-08 12:05:47,254 [[variabledemo].variabledemoFlow1.stage1.02] INFO  org.mule.api.processor.LoggerMessageProcessor - null
2018-01-08 12:05:47,259 [[variabledemo].variabledemoFlow1.stage1.02] INFO  org.mule.api.processor.LoggerMessageProcessor - session variable set
2018-01-08 12:06:52,919 [Mule.app.deployer.monitor.1.thread.1] INFO  org.mule.module.launcher.application.DefaultMuleApplication - 
++++++++++++++++++++++++++++++++++++++++++++++++++++++++++++
+ Stopping app 'variabledemo'                              +
++++++++++++++++++++++++++++++++++++++++++++++++++++++++++++
2018-01-08 12:06:52,921 [Mule.app.deployer.monitor.1.thread.1] INFO  org.mule.construct.FlowConstructLifecycleManager - Stopping flow: variabledemoFlow
2018-01-08 12:06:52,921 [Mule.app.deployer.monitor.1.thread.1] INFO  org.mule.processor.SedaStageLifecycleManager - Stopping service: variabledemoFlow.stage1
2018-01-08 12:06:52,967 [Mule.app.deployer.monitor.1.thread.1] INFO  org.mule.construct.FlowConstructLifecycleManager - Stopping flow: variabledemoFlow1
2018-01-08 12:06:52,967 [Mule.app.deployer.monitor.1.thread.1] INFO  org.mule.transport.vm.VMConnector - Removing listener on endpointUri: vm://vmqpath
2018-01-08 12:06:52,967 [Mule.app.deployer.monitor.1.thread.1] INFO  org.mule.lifecycle.AbstractLifecycleManager - Stopping: 'null'. Object is: VMMessageReceiver
2018-01-08 12:06:53,017 [Mule.app.deployer.monitor.1.thread.1] INFO  org.mule.lifecycle.AbstractLifecycleManager - Disposing: 'null'. Object is: VMMessageReceiver
2018-01-08 12:06:53,017 [Mule.app.deployer.monitor.1.thread.1] INFO  org.mule.processor.SedaStageLifecycleManager - Stopping service: variabledemoFlow1.stage1
2018-01-08 12:06:53,200 [Mule.app.deployer.monitor.1.thread.1] INFO  org.mule.lifecycle.AbstractLifecycleManager - Stopping model: _muleSystemModel
2018-01-08 12:06:53,205 [Mule.app.deployer.monitor.1.thread.1] INFO  org.mule.lifecycle.AbstractLifecycleManager - Stopping connector: connector.VM.mule.default
2018-01-08 12:06:53,211 [Mule.app.deployer.monitor.1.thread.1] INFO  org.mule.lifecycle.AbstractLifecycleManager - Stopping: 'connector.VM.mule.default.dispatcher.2036070454'. Object is: VMMessageDispatcher
2018-01-08 12:06:53,211 [Mule.app.deployer.monitor.1.thread.1] INFO  org.mule.lifecycle.AbstractLifecycleManager - Disposing: 'connector.VM.mule.default.dispatcher.2036070454'. Object is: VMMessageDispatcher
2018-01-08 12:06:53,216 [Mule.app.deployer.monitor.1.thread.1] INFO  org.mule.module.http.internal.listener.DefaultHttpListenerConfig - Stopped listener on http://0.0.0.0:8081
2018-01-08 12:06:53,218 [Mule.app.deployer.monitor.1.thread.1] INFO  org.mule.util.queue.QueueXaResourceManager - Stopping ResourceManager
2018-01-08 12:06:53,219 [Mule.app.deployer.monitor.1.thread.1] INFO  org.mule.util.queue.QueueXaResourceManager - Stopped ResourceManager
2018-01-08 12:06:53,225 [Mule.app.deployer.monitor.1.thread.1] INFO  org.mule.module.launcher.application.DefaultMuleApplication - 
++++++++++++++++++++++++++++++++++++++++++++++++++++++++++++
+ Disposing app 'variabledemo'                             +
++++++++++++++++++++++++++++++++++++++++++++++++++++++++++++
2018-01-08 12:06:53,225 [Mule.app.deployer.monitor.1.thread.1] INFO  org.mule.lifecycle.AbstractLifecycleManager - Disposing RegistryBroker
2018-01-08 12:06:53,227 [Mule.app.deployer.monitor.1.thread.1] INFO  org.mule.construct.FlowConstructLifecycleManager - Disposing flow: variabledemoFlow
2018-01-08 12:06:53,228 [Mule.app.deployer.monitor.1.thread.1] INFO  org.mule.processor.SedaStageLifecycleManager - Disposing service: variabledemoFlow.stage1
2018-01-08 12:06:53,229 [Mule.app.deployer.monitor.1.thread.1] INFO  org.mule.construct.FlowConstructLifecycleManager - Disposing flow: variabledemoFlow1
2018-01-08 12:06:53,230 [Mule.app.deployer.monitor.1.thread.1] INFO  org.mule.processor.SedaStageLifecycleManager - Disposing service: variabledemoFlow1.stage1
2018-01-08 12:06:53,232 [Mule.app.deployer.monitor.1.thread.1] INFO  org.mule.lifecycle.AbstractLifecycleManager - Disposing model: _muleSystemModel
2018-01-08 12:06:53,235 [Mule.app.deployer.monitor.1.thread.1] INFO  org.mule.transport.vm.VMConnector - Disconnected: VMConnector
{
  name=connector.VM.mule.default
  lifecycle=stop
  this=245d8451
  numberOfConcurrentTransactedReceivers=4
  createMultipleTransactedReceivers=true
  connected=true
  supportedProtocols=[vm]
  serviceOverrides=<none>
}

2018-01-08 12:06:53,236 [Mule.app.deployer.monitor.1.thread.1] INFO  org.mule.lifecycle.AbstractLifecycleManager - Disposing connector: connector.VM.mule.default
2018-01-08 12:06:53,263 [Mule.app.deployer.monitor.1.thread.1] INFO  org.mule.config.spring.MuleArtifactContext - Closing org.mule.config.spring.MuleArtifactContext@2a0fec26: startup date [Mon Jan 08 12:05:29 IST 2018]; root of context hierarchy
2018-01-08 12:06:53,368 [Mule.app.deployer.monitor.1.thread.1] INFO  org.mule.DefaultMuleContext - 
**********************************************************************
* Application "variabledemo" shut down normally on: 1/8/18 12:06 PM  *
* Up for: 0 days, 0 hours, 1 mins, 20.643 sec                        *
**********************************************************************
2018-01-08 12:06:53,464 [Mule.app.deployer.monitor.1.thread.1] INFO  org.mule.module.launcher.application.DefaultMuleApplication - 
++++++++++++++++++++++++++++++++++++++++++++++++++++++++++++
+ Initializing app 'variabledemo'                          +
++++++++++++++++++++++++++++++++++++++++++++++++++++++++++++
2018-01-08 12:06:53,470 [Mule.app.deployer.monitor.1.thread.1] WARN  com.mulesoft.module.client.APIPlatformClientCoreExtension - Client ID or Client Secret were not provided. API Manager client is DISABLED for app variabledemo
2018-01-08 12:06:53,471 [Mule.app.deployer.monitor.1.thread.1] WARN  com.mulesoft.module.client.APIPlatformClientCoreExtension - Client ID or Client Secret were not provided. API Manager client is DISABLED for app variabledemo
2018-01-08 12:06:53,474 [Mule.app.deployer.monitor.1.thread.1] INFO  org.mule.lifecycle.AbstractLifecycleManager - Initialising RegistryBroker
2018-01-08 12:06:53,480 [Mule.app.deployer.monitor.1.thread.1] INFO  org.mule.module.extension.internal.manager.DefaultExtensionManager - Starting discovery of extensions
2018-01-08 12:06:53,497 [Mule.app.deployer.monitor.1.thread.1] INFO  org.mule.module.extension.internal.manager.DefaultExtensionManager - Discovered 1 extensions
2018-01-08 12:06:53,498 [Mule.app.deployer.monitor.1.thread.1] INFO  org.mule.module.extension.internal.manager.DefaultExtensionManager - Registering extension validation (version 3.8)
2018-01-08 12:06:53,504 [Mule.app.deployer.monitor.1.thread.1] INFO  org.mule.config.spring.MuleArtifactContext - Refreshing org.mule.config.spring.MuleArtifactContext@34913f68: startup date [Mon Jan 08 12:06:53 IST 2018]; root of context hierarchy
2018-01-08 12:06:57,430 [main] INFO  org.mule.module.launcher.application.DefaultMuleApplication - 
++++++++++++++++++++++++++++++++++++++++++++++++++++++++++++
+ Initializing app 'variabledemo'                          +
++++++++++++++++++++++++++++++++++++++++++++++++++++++++++++
2018-01-08 12:06:57,576 [main] INFO  org.mule.lifecycle.AbstractLifecycleManager - Initialising RegistryBroker
2018-01-08 12:06:57,672 [main] INFO  org.mule.module.extension.internal.manager.DefaultExtensionManager - Starting discovery of extensions
2018-01-08 12:06:57,775 [main] INFO  org.mule.module.extension.internal.manager.DefaultExtensionManager - Discovered 1 extensions
2018-01-08 12:06:57,776 [main] INFO  org.mule.module.extension.internal.manager.DefaultExtensionManager - Registering extension validation (version 3.8)
2018-01-08 12:06:57,838 [main] INFO  org.mule.config.spring.MuleArtifactContext - Refreshing org.mule.config.spring.MuleArtifactContext@544630b7: startup date [Mon Jan 08 12:06:57 IST 2018]; root of context hierarchy
2018-01-08 12:06:58,894 [main] INFO  org.mule.config.spring.processors.NoDevkitInjectorProcessor - JSR-330 'javax.inject.Inject' annotation found and supported for autowiring
2018-01-08 12:06:59,595 [main] WARN  org.mule.module.ognl.expression.OgnlExpressionEvaluator - OGNL module is deprecated and will be removed in Mule 4.0. Use MEL expressions instead.
2018-01-08 12:07:00,193 [main] INFO  org.mule.util.journal.TransactionJournal - Using files for tx logs C:\Users\EAI\AnypointStudio\workspace\final-master\.mule\.\.mule\variabledemo\queue-tx-log\tx1.log and C:\Users\EAI\AnypointStudio\workspace\final-master\.mule\.\.mule\variabledemo\queue-tx-log\tx2.log
2018-01-08 12:07:00,205 [main] INFO  org.mule.util.journal.TransactionJournal - Using files for tx logs C:\Users\EAI\AnypointStudio\workspace\final-master\.mule\.\.mule\variabledemo\queue-xa-tx-log\tx1.log and C:\Users\EAI\AnypointStudio\workspace\final-master\.mule\.\.mule\variabledemo\queue-xa-tx-log\tx2.log
2018-01-08 12:07:00,210 [main] INFO  org.mule.lifecycle.AbstractLifecycleManager - Initialising connector: connector.VM.mule.default
2018-01-08 12:07:00,307 [main] INFO  org.mule.lifecycle.AbstractLifecycleManager - Initialising model: _muleSystemModel
2018-01-08 12:07:00,310 [main] INFO  org.mule.construct.FlowConstructLifecycleManager - Initialising flow: variabledemoFlow
2018-01-08 12:07:00,310 [main] INFO  org.mule.exception.DefaultMessagingExceptionStrategy - Initialising exception listener: org.mule.exception.DefaultMessagingExceptionStrategy@342e690b
2018-01-08 12:07:00,334 [main] INFO  org.mule.processor.SedaStageLifecycleManager - Initialising service: variabledemoFlow.stage1
2018-01-08 12:07:00,343 [main] INFO  org.mule.construct.FlowConstructLifecycleManager - Initialising flow: variabledemoFlow1
2018-01-08 12:07:00,343 [main] INFO  org.mule.exception.DefaultMessagingExceptionStrategy - Initialising exception listener: org.mule.exception.DefaultMessagingExceptionStrategy@4fb56bea
2018-01-08 12:07:00,346 [main] INFO  org.mule.processor.SedaStageLifecycleManager - Initialising service: variabledemoFlow1.stage1
2018-01-08 12:07:00,589 [main] INFO  org.mule.config.spring.SpringXmlConfigurationBuilder - Configured Mule using "org.mule.config.spring.SpringXmlConfigurationBuilder" with configuration resource(s): "[ConfigResource{resourceName='C:\Users\EAI\AnypointStudio\workspace\final-master\.mule\apps\variabledemo\variabledemo.xml'}]"
2018-01-08 12:07:00,589 [main] INFO  org.mule.config.builders.AutoConfigurationBuilder - Configured Mule using "org.mule.config.builders.AutoConfigurationBuilder" with configuration resource(s): "[ConfigResource{resourceName='C:\Users\EAI\AnypointStudio\workspace\final-master\.mule\apps\variabledemo\variabledemo.xml'}]"
2018-01-08 12:07:03,622 [main] INFO  org.mule.module.launcher.application.DefaultMuleApplication - 
++++++++++++++++++++++++++++++++++++++++++++++++++++++++++++
+ Starting app 'variabledemo'                              +
++++++++++++++++++++++++++++++++++++++++++++++++++++++++++++
2018-01-08 12:07:03,632 [main] INFO  org.mule.util.queue.QueueXaResourceManager - Starting ResourceManager
2018-01-08 12:07:03,632 [main] INFO  org.mule.util.queue.QueueXaResourceManager - Started ResourceManager
2018-01-08 12:07:03,691 [main] INFO  org.mule.module.http.internal.listener.DefaultHttpListenerConfig - Listening for requests on http://0.0.0.0:8081
2018-01-08 12:07:03,693 [main] INFO  org.mule.transport.vm.VMConnector - Connected: VMConnector
{
  name=connector.VM.mule.default
  lifecycle=initialise
  this=40de8f93
  numberOfConcurrentTransactedReceivers=4
  createMultipleTransactedReceivers=true
  connected=true
  supportedProtocols=[vm]
  serviceOverrides=<none>
}

2018-01-08 12:07:03,693 [main] INFO  org.mule.transport.vm.VMConnector - Starting: VMConnector
{
  name=connector.VM.mule.default
  lifecycle=initialise
  this=40de8f93
  numberOfConcurrentTransactedReceivers=4
  createMultipleTransactedReceivers=true
  connected=true
  supportedProtocols=[vm]
  serviceOverrides=<none>
}

2018-01-08 12:07:03,694 [main] INFO  org.mule.lifecycle.AbstractLifecycleManager - Starting connector: connector.VM.mule.default
2018-01-08 12:07:03,695 [main] INFO  org.mule.modules.oauth2.provider.agents.DefaultSplashScreenAgent - 
++++++++++++++++++++++++++++++++++++++++++++++++++++++++++++++++++++++++++++++++
+ DevKit Extensions (0) used in this application 
                             +
++++++++++++++++++++++++++++++++++++++++++++++++++++++++++++++++++++++++++++++++
2018-01-08 12:07:03,698 [main] INFO  org.mule.lifecycle.AbstractLifecycleManager - Starting model: _muleSystemModel
2018-01-08 12:07:03,699 [main] INFO  org.mule.construct.FlowConstructLifecycleManager - Starting flow: variabledemoFlow
2018-01-08 12:07:03,700 [main] INFO  org.mule.processor.SedaStageLifecycleManager - Starting service: variabledemoFlow.stage1
2018-01-08 12:07:03,703 [main] INFO  org.mule.construct.FlowConstructLifecycleManager - Starting flow: variabledemoFlow1
2018-01-08 12:07:03,703 [main] INFO  org.mule.processor.SedaStageLifecycleManager - Starting service: variabledemoFlow1.stage1
2018-01-08 12:07:03,728 [main] INFO  org.mule.transport.vm.VMConnector - Registering listener: variabledemoFlow1 on endpointUri: vm://vmqpath
2018-01-08 12:07:03,738 [main] INFO  org.mule.lifecycle.AbstractLifecycleManager - Initialising: 'null'. Object is: VMMessageReceiver
2018-01-08 12:07:03,739 [main] INFO  org.mule.transport.vm.VMMessageReceiver - Connecting clusterizable message receiver
2018-01-08 12:07:03,739 [main] INFO  org.mule.lifecycle.AbstractLifecycleManager - Starting: 'null'. Object is: VMMessageReceiver
2018-01-08 12:07:03,739 [main] INFO  org.mule.transport.vm.VMMessageReceiver - Starting clusterizable message receiver
2018-01-08 12:07:03,747 [main] INFO  org.mule.module.management.agent.WrapperManagerAgent - This JVM hasn't been launched by the wrapper, the agent will not run.
2018-01-08 12:07:03,761 [main] INFO  org.mule.module.management.agent.AbstractJmxAgent - Attempting to register service with name: Mule.variabledemo:type=Endpoint,service="variabledemoFlow1",connector=connector.VM.mule.default,name="endpoint.vm.vmqpath"
2018-01-08 12:07:03,761 [main] INFO  org.mule.module.management.agent.AbstractJmxAgent - Registered Endpoint Service with name: Mule.variabledemo:type=Endpoint,service="variabledemoFlow1",connector=connector.VM.mule.default,name="endpoint.vm.vmqpath"
2018-01-08 12:07:03,763 [main] INFO  org.mule.module.management.agent.AbstractJmxAgent - Registered Connector Service with name Mule.variabledemo:type=Connector,name="connector.VM.mule.default"
2018-01-08 12:07:03,765 [main] INFO  org.mule.DefaultMuleContext - 
**********************************************************************
* Application: variabledemo                                          *
* OS encoding: \, Mule encoding: UTF-8                               *
*                                                                    *
* Agents Running:                                                    *
*   DevKit Extension Information                                     *
*   JMX Agent                                                        *
*   Batch module default engine                                      *
*   Wrapper Manager                                                  *
**********************************************************************
2018-01-08 12:07:19,036 [[variabledemo].HTTP_Listener_Configuration.worker.01] INFO  org.mule.api.processor.LoggerMessageProcessor - flow variable set
2018-01-08 12:07:19,043 [[variabledemo].HTTP_Listener_Configuration.worker.01] INFO  org.mule.api.processor.LoggerMessageProcessor - session variable set
2018-01-08 12:07:19,067 [[variabledemo].HTTP_Listener_Configuration.worker.01] INFO  org.mule.lifecycle.AbstractLifecycleManager - Initialising: 'connector.VM.mule.default.dispatcher.1871953592'. Object is: VMMessageDispatcher
2018-01-08 12:07:19,067 [[variabledemo].HTTP_Listener_Configuration.worker.01] INFO  org.mule.lifecycle.AbstractLifecycleManager - Starting: 'connector.VM.mule.default.dispatcher.1871953592'. Object is: VMMessageDispatcher
2018-01-08 12:07:19,080 [[variabledemo].variabledemoFlow1.stage1.02] INFO  org.mule.api.processor.LoggerMessageProcessor - null
2018-01-08 12:07:19,084 [[variabledemo].variabledemoFlow1.stage1.02] INFO  org.mule.api.processor.LoggerMessageProcessor - null
2018-01-08 12:08:09,285 [main] INFO  org.mule.module.launcher.application.DefaultMuleApplication - 
++++++++++++++++++++++++++++++++++++++++++++++++++++++++++++
+ Initializing app 'variabledemo'                          +
++++++++++++++++++++++++++++++++++++++++++++++++++++++++++++
2018-01-08 12:08:09,460 [main] INFO  org.mule.lifecycle.AbstractLifecycleManager - Initialising RegistryBroker
2018-01-08 12:08:09,562 [main] INFO  org.mule.module.extension.internal.manager.DefaultExtensionManager - Starting discovery of extensions
2018-01-08 12:08:09,662 [main] INFO  org.mule.module.extension.internal.manager.DefaultExtensionManager - Discovered 1 extensions
2018-01-08 12:08:09,663 [main] INFO  org.mule.module.extension.internal.manager.DefaultExtensionManager - Registering extension validation (version 3.8)
2018-01-08 12:08:09,723 [main] INFO  org.mule.config.spring.MuleArtifactContext - Refreshing org.mule.config.spring.MuleArtifactContext@544630b7: startup date [Mon Jan 08 12:08:09 IST 2018]; root of context hierarchy
2018-01-08 12:08:10,781 [main] INFO  org.mule.config.spring.processors.NoDevkitInjectorProcessor - JSR-330 'javax.inject.Inject' annotation found and supported for autowiring
2018-01-08 12:08:11,489 [main] WARN  org.mule.module.ognl.expression.OgnlExpressionEvaluator - OGNL module is deprecated and will be removed in Mule 4.0. Use MEL expressions instead.
2018-01-08 12:08:12,087 [main] INFO  org.mule.util.journal.TransactionJournal - Using files for tx logs C:\Users\EAI\AnypointStudio\workspace\final-master\.mule\.\.mule\variabledemo\queue-tx-log\tx1.log and C:\Users\EAI\AnypointStudio\workspace\final-master\.mule\.\.mule\variabledemo\queue-tx-log\tx2.log
2018-01-08 12:08:12,103 [main] INFO  org.mule.util.journal.TransactionJournal - Using files for tx logs C:\Users\EAI\AnypointStudio\workspace\final-master\.mule\.\.mule\variabledemo\queue-xa-tx-log\tx1.log and C:\Users\EAI\AnypointStudio\workspace\final-master\.mule\.\.mule\variabledemo\queue-xa-tx-log\tx2.log
2018-01-08 12:08:12,108 [main] INFO  org.mule.lifecycle.AbstractLifecycleManager - Initialising connector: connector.VM.mule.default
2018-01-08 12:08:12,204 [main] INFO  org.mule.lifecycle.AbstractLifecycleManager - Initialising model: _muleSystemModel
2018-01-08 12:08:12,207 [main] INFO  org.mule.construct.FlowConstructLifecycleManager - Initialising flow: variabledemoFlow
2018-01-08 12:08:12,207 [main] INFO  org.mule.exception.DefaultMessagingExceptionStrategy - Initialising exception listener: org.mule.exception.DefaultMessagingExceptionStrategy@78ec89a6
2018-01-08 12:08:12,230 [main] INFO  org.mule.processor.SedaStageLifecycleManager - Initialising service: variabledemoFlow.stage1
2018-01-08 12:08:12,239 [main] INFO  org.mule.construct.FlowConstructLifecycleManager - Initialising flow: variabledemoFlow1
2018-01-08 12:08:12,239 [main] INFO  org.mule.exception.DefaultMessagingExceptionStrategy - Initialising exception listener: org.mule.exception.DefaultMessagingExceptionStrategy@1f95881a
2018-01-08 12:08:12,243 [main] INFO  org.mule.processor.SedaStageLifecycleManager - Initialising service: variabledemoFlow1.stage1
2018-01-08 12:08:12,492 [main] INFO  org.mule.config.spring.SpringXmlConfigurationBuilder - Configured Mule using "org.mule.config.spring.SpringXmlConfigurationBuilder" with configuration resource(s): "[ConfigResource{resourceName='C:\Users\EAI\AnypointStudio\workspace\final-master\.mule\apps\variabledemo\variabledemo.xml'}]"
2018-01-08 12:08:12,493 [main] INFO  org.mule.config.builders.AutoConfigurationBuilder - Configured Mule using "org.mule.config.builders.AutoConfigurationBuilder" with configuration resource(s): "[ConfigResource{resourceName='C:\Users\EAI\AnypointStudio\workspace\final-master\.mule\apps\variabledemo\variabledemo.xml'}]"
2018-01-08 12:08:15,532 [main] INFO  org.mule.module.launcher.application.DefaultMuleApplication - 
++++++++++++++++++++++++++++++++++++++++++++++++++++++++++++
+ Starting app 'variabledemo'                              +
++++++++++++++++++++++++++++++++++++++++++++++++++++++++++++
2018-01-08 12:08:15,543 [main] INFO  org.mule.util.queue.QueueXaResourceManager - Starting ResourceManager
2018-01-08 12:08:15,543 [main] INFO  org.mule.util.queue.QueueXaResourceManager - Started ResourceManager
2018-01-08 12:08:15,598 [main] INFO  org.mule.module.http.internal.listener.DefaultHttpListenerConfig - Listening for requests on http://0.0.0.0:8081
2018-01-08 12:08:15,601 [main] INFO  org.mule.transport.vm.VMConnector - Connected: VMConnector
{
  name=connector.VM.mule.default
  lifecycle=initialise
  this=3b55dd15
  numberOfConcurrentTransactedReceivers=4
  createMultipleTransactedReceivers=true
  connected=true
  supportedProtocols=[vm]
  serviceOverrides=<none>
}

2018-01-08 12:08:15,601 [main] INFO  org.mule.transport.vm.VMConnector - Starting: VMConnector
{
  name=connector.VM.mule.default
  lifecycle=initialise
  this=3b55dd15
  numberOfConcurrentTransactedReceivers=4
  createMultipleTransactedReceivers=true
  connected=true
  supportedProtocols=[vm]
  serviceOverrides=<none>
}

2018-01-08 12:08:15,601 [main] INFO  org.mule.lifecycle.AbstractLifecycleManager - Starting connector: connector.VM.mule.default
2018-01-08 12:08:15,603 [main] INFO  org.mule.modules.oauth2.provider.agents.DefaultSplashScreenAgent - 
++++++++++++++++++++++++++++++++++++++++++++++++++++++++++++++++++++++++++++++++
+ DevKit Extensions (0) used in this application 
                             +
++++++++++++++++++++++++++++++++++++++++++++++++++++++++++++++++++++++++++++++++
2018-01-08 12:08:15,605 [main] INFO  org.mule.lifecycle.AbstractLifecycleManager - Starting model: _muleSystemModel
2018-01-08 12:08:15,607 [main] INFO  org.mule.construct.FlowConstructLifecycleManager - Starting flow: variabledemoFlow
2018-01-08 12:08:15,607 [main] INFO  org.mule.processor.SedaStageLifecycleManager - Starting service: variabledemoFlow.stage1
2018-01-08 12:08:15,610 [main] INFO  org.mule.construct.FlowConstructLifecycleManager - Starting flow: variabledemoFlow1
2018-01-08 12:08:15,611 [main] INFO  org.mule.processor.SedaStageLifecycleManager - Starting service: variabledemoFlow1.stage1
2018-01-08 12:08:15,636 [main] INFO  org.mule.transport.vm.VMConnector - Registering listener: variabledemoFlow1 on endpointUri: vm://vmqpath
2018-01-08 12:08:15,646 [main] INFO  org.mule.lifecycle.AbstractLifecycleManager - Initialising: 'null'. Object is: VMMessageReceiver
2018-01-08 12:08:15,647 [main] INFO  org.mule.transport.vm.VMMessageReceiver - Connecting clusterizable message receiver
2018-01-08 12:08:15,647 [main] INFO  org.mule.lifecycle.AbstractLifecycleManager - Starting: 'null'. Object is: VMMessageReceiver
2018-01-08 12:08:15,647 [main] INFO  org.mule.transport.vm.VMMessageReceiver - Starting clusterizable message receiver
2018-01-08 12:08:15,654 [main] INFO  org.mule.module.management.agent.WrapperManagerAgent - This JVM hasn't been launched by the wrapper, the agent will not run.
2018-01-08 12:08:15,668 [main] INFO  org.mule.module.management.agent.AbstractJmxAgent - Attempting to register service with name: Mule.variabledemo:type=Endpoint,service="variabledemoFlow1",connector=connector.VM.mule.default,name="endpoint.vm.vmqpath"
2018-01-08 12:08:15,669 [main] INFO  org.mule.module.management.agent.AbstractJmxAgent - Registered Endpoint Service with name: Mule.variabledemo:type=Endpoint,service="variabledemoFlow1",connector=connector.VM.mule.default,name="endpoint.vm.vmqpath"
2018-01-08 12:08:15,670 [main] INFO  org.mule.module.management.agent.AbstractJmxAgent - Registered Connector Service with name Mule.variabledemo:type=Connector,name="connector.VM.mule.default"
2018-01-08 12:08:15,673 [main] INFO  org.mule.DefaultMuleContext - 
**********************************************************************
* Application: variabledemo                                          *
* OS encoding: \, Mule encoding: UTF-8                               *
*                                                                    *
* Agents Running:                                                    *
*   DevKit Extension Information                                     *
*   JMX Agent                                                        *
*   Batch module default engine                                      *
*   Wrapper Manager                                                  *
**********************************************************************
2018-01-08 12:08:21,660 [[variabledemo].HTTP_Listener_Configuration.worker.01] INFO  org.mule.api.processor.LoggerMessageProcessor - flow variable set
2018-01-08 12:08:21,666 [[variabledemo].HTTP_Listener_Configuration.worker.01] INFO  org.mule.api.processor.LoggerMessageProcessor - session variable set
2018-01-08 12:08:21,689 [[variabledemo].HTTP_Listener_Configuration.worker.01] INFO  org.mule.lifecycle.AbstractLifecycleManager - Initialising: 'connector.VM.mule.default.dispatcher.1168872056'. Object is: VMMessageDispatcher
2018-01-08 12:08:21,689 [[variabledemo].HTTP_Listener_Configuration.worker.01] INFO  org.mule.lifecycle.AbstractLifecycleManager - Starting: 'connector.VM.mule.default.dispatcher.1168872056'. Object is: VMMessageDispatcher
2018-01-08 12:08:21,702 [[variabledemo].variabledemoFlow1.stage1.02] INFO  org.mule.api.processor.LoggerMessageProcessor - null
2018-01-08 12:08:21,702 [[variabledemo].variabledemoFlow1.stage1.02] INFO  org.mule.api.processor.LoggerMessageProcessor - session variable set
