2018-01-10 22:14:11,914 [main] INFO  org.mule.module.launcher.application.DefaultMuleApplication - 
++++++++++++++++++++++++++++++++++++++++++++++++++++++++++++
+ Initializing app 'webpage'                               +
++++++++++++++++++++++++++++++++++++++++++++++++++++++++++++
2018-01-10 22:14:12,107 [main] INFO  org.mule.lifecycle.AbstractLifecycleManager - Initialising RegistryBroker
2018-01-10 22:14:12,214 [main] INFO  org.mule.module.extension.internal.manager.DefaultExtensionManager - Starting discovery of extensions
2018-01-10 22:14:12,337 [main] INFO  org.mule.module.extension.internal.manager.DefaultExtensionManager - Discovered 1 extensions
2018-01-10 22:14:12,338 [main] INFO  org.mule.module.extension.internal.manager.DefaultExtensionManager - Registering extension validation (version 3.8)
2018-01-10 22:14:12,434 [main] INFO  org.mule.config.spring.MuleArtifactContext - Refreshing org.mule.config.spring.MuleArtifactContext@51f49060: startup date [Wed Jan 10 22:14:12 IST 2018]; root of context hierarchy
2018-01-10 22:14:13,371 [main] INFO  org.mule.lifecycle.AbstractLifecycleManager - Disposing RegistryBroker
2018-01-10 22:14:13,528 [main] ERROR org.mule.module.launcher.application.DefaultMuleApplication - null
org.xml.sax.SAXParseException: cvc-complex-type.4: Attribute 'ref' must appear on element 'filter'.
	at org.apache.xerces.util.ErrorHandlerWrapper.createSAXParseException(Unknown Source) ~[?:?]
	at org.apache.xerces.util.ErrorHandlerWrapper.error(Unknown Source) ~[?:?]
	at org.apache.xerces.impl.XMLErrorReporter.reportError(Unknown Source) ~[?:?]
	at org.apache.xerces.impl.XMLErrorReporter.reportError(Unknown Source) ~[?:?]
	at org.apache.xerces.impl.XMLErrorReporter.reportError(Unknown Source) ~[?:?]
	at org.apache.xerces.impl.xs.XMLSchemaValidator$XSIErrorReporter.reportError(Unknown Source) ~[?:?]
	at org.apache.xerces.impl.xs.XMLSchemaValidator.reportSchemaError(Unknown Source) ~[?:?]
	at org.apache.xerces.impl.xs.XMLSchemaValidator.addDefaultAttributes(Unknown Source) ~[?:?]
	at org.apache.xerces.impl.xs.XMLSchemaValidator.handleStartElement(Unknown Source) ~[?:?]
	at org.apache.xerces.impl.xs.XMLSchemaValidator.emptyElement(Unknown Source) ~[?:?]
	at org.apache.xerces.impl.XMLNSDocumentScannerImpl.scanStartElement(Unknown Source) ~[?:?]
	at org.apache.xerces.impl.XMLDocumentFragmentScannerImpl$FragmentContentDispatcher.dispatch(Unknown Source) ~[?:?]
	at org.apache.xerces.impl.XMLDocumentFragmentScannerImpl.scanDocument(Unknown Source) ~[?:?]
	at org.apache.xerces.parsers.XML11Configuration.parse(Unknown Source) ~[?:?]
	at org.apache.xerces.parsers.XML11Configuration.parse(Unknown Source) ~[?:?]
	at org.apache.xerces.parsers.XMLParser.parse(Unknown Source) ~[?:?]
	at org.apache.xerces.parsers.DOMParser.parse(Unknown Source) ~[?:?]
	at org.apache.xerces.jaxp.DocumentBuilderImpl.parse(Unknown Source) ~[?:?]
	at org.springframework.beans.factory.xml.DefaultDocumentLoader.loadDocument(DefaultDocumentLoader.java:76) ~[spring-beans-4.1.9.RELEASE.jar:4.1.9.RELEASE]
	at org.mule.config.spring.MuleDocumentLoader.loadDocument(MuleDocumentLoader.java:91) ~[mule-module-spring-config-3.8.5.jar:3.8.5]
	at org.springframework.beans.factory.xml.XmlBeanDefinitionReader.doLoadDocument(XmlBeanDefinitionReader.java:429) ~[spring-beans-4.1.9.RELEASE.jar:4.1.9.RELEASE]
	at org.springframework.beans.factory.xml.XmlBeanDefinitionReader.doLoadBeanDefinitions(XmlBeanDefinitionReader.java:391) ~[spring-beans-4.1.9.RELEASE.jar:4.1.9.RELEASE]
	at org.springframework.beans.factory.xml.XmlBeanDefinitionReader.loadBeanDefinitions(XmlBeanDefinitionReader.java:336) ~[spring-beans-4.1.9.RELEASE.jar:4.1.9.RELEASE]
	at org.springframework.beans.factory.xml.XmlBeanDefinitionReader.loadBeanDefinitions(XmlBeanDefinitionReader.java:304) ~[spring-beans-4.1.9.RELEASE.jar:4.1.9.RELEASE]
	at org.springframework.beans.factory.support.AbstractBeanDefinitionReader.loadBeanDefinitions(AbstractBeanDefinitionReader.java:181) ~[spring-beans-4.1.9.RELEASE.jar:4.1.9.RELEASE]
	at org.mule.config.spring.MuleArtifactContext.loadBeanDefinitions(MuleArtifactContext.java:192) ~[mule-module-spring-config-3.8.5.jar:3.8.5]
	at org.springframework.context.support.AbstractRefreshableApplicationContext.refreshBeanFactory(AbstractRefreshableApplicationContext.java:129) ~[spring-context-4.1.9.RELEASE.jar:4.1.9.RELEASE]
	at org.springframework.context.support.AbstractApplicationContext.obtainFreshBeanFactory(AbstractApplicationContext.java:541) ~[spring-context-4.1.9.RELEASE.jar:4.1.9.RELEASE]
	at org.springframework.context.support.AbstractApplicationContext.refresh(AbstractApplicationContext.java:452) ~[spring-context-4.1.9.RELEASE.jar:4.1.9.RELEASE]
	at org.mule.config.spring.SpringRegistry.doInitialise(SpringRegistry.java:108) ~[mule-module-spring-config-3.8.5.jar:3.8.5]
	at org.mule.registry.AbstractRegistry.initialise(AbstractRegistry.java:104) ~[mule-core-3.8.5.jar:3.8.5]
	at org.mule.config.spring.SpringXmlConfigurationBuilder.createSpringRegistry(SpringXmlConfigurationBuilder.java:177) ~[mule-module-spring-config-3.8.5.jar:3.8.5]
	at org.mule.config.spring.SpringXmlConfigurationBuilder.doConfigure(SpringXmlConfigurationBuilder.java:100) ~[mule-module-spring-config-3.8.5.jar:3.8.5]
	at org.mule.config.builders.AbstractConfigurationBuilder.configure(AbstractConfigurationBuilder.java:43) ~[mule-core-3.8.5.jar:3.8.5]
	at org.mule.config.builders.AbstractResourceConfigurationBuilder.configure(AbstractResourceConfigurationBuilder.java:69) ~[mule-core-3.8.5.jar:3.8.5]
	at org.mule.config.builders.AutoConfigurationBuilder.autoConfigure(AutoConfigurationBuilder.java:102) ~[mule-core-3.8.5.jar:3.8.5]
	at org.mule.config.builders.AutoConfigurationBuilder.doConfigure(AutoConfigurationBuilder.java:54) ~[mule-core-3.8.5.jar:3.8.5]
	at org.mule.config.builders.AbstractConfigurationBuilder.configure(AbstractConfigurationBuilder.java:43) ~[mule-core-3.8.5.jar:3.8.5]
	at org.mule.config.builders.AbstractResourceConfigurationBuilder.configure(AbstractResourceConfigurationBuilder.java:69) ~[mule-core-3.8.5.jar:3.8.5]
	at org.mule.context.DefaultMuleContextFactory$1.configure(DefaultMuleContextFactory.java:89) ~[mule-core-3.8.5.jar:3.8.5]
	at org.mule.context.DefaultMuleContextFactory.doCreateMuleContext(DefaultMuleContextFactory.java:222) ~[mule-core-3.8.5.jar:3.8.5]
	at org.mule.context.DefaultMuleContextFactory.createMuleContext(DefaultMuleContextFactory.java:81) ~[mule-core-3.8.5.jar:3.8.5]
	at org.mule.module.launcher.application.DefaultMuleApplication.init(DefaultMuleApplication.java:203) ~[mule-module-launcher-3.8.5.jar:3.8.5]
	at org.mule.module.launcher.artifact.ArtifactWrapper$2.execute(ArtifactWrapper.java:63) ~[mule-module-launcher-3.8.5.jar:3.8.5]
	at org.mule.module.launcher.artifact.ArtifactWrapper.executeWithinArtifactClassLoader(ArtifactWrapper.java:136) ~[mule-module-launcher-3.8.5.jar:3.8.5]
	at org.mule.module.launcher.artifact.ArtifactWrapper.init(ArtifactWrapper.java:58) ~[mule-module-launcher-3.8.5.jar:3.8.5]
	at org.mule.module.launcher.DefaultArtifactDeployer.deploy(DefaultArtifactDeployer.java:25) ~[mule-module-launcher-3.8.5.jar:3.8.5]
	at org.mule.module.launcher.DefaultArchiveDeployer.deployArtifact(DefaultArchiveDeployer.java:317) ~[mule-module-launcher-3.8.5.jar:3.8.5]
	at org.mule.module.launcher.DefaultArchiveDeployer.deployPackagedArtifact(DefaultArchiveDeployer.java:172) ~[mule-module-launcher-3.8.5.jar:3.8.5]
	at org.mule.module.launcher.DefaultArchiveDeployer.deployPackagedArtifact(DefaultArchiveDeployer.java:261) ~[mule-module-launcher-3.8.5.jar:3.8.5]
	at org.mule.module.launcher.DefaultArchiveDeployer.deployPackagedArtifact(DefaultArchiveDeployer.java:76) ~[mule-module-launcher-3.8.5.jar:3.8.5]
	at org.mule.module.launcher.DeploymentDirectoryWatcher.deployPackedApps(DeploymentDirectoryWatcher.java:279) ~[mule-module-launcher-3.8.5.jar:3.8.5]
	at org.mule.module.launcher.DeploymentDirectoryWatcher.start(DeploymentDirectoryWatcher.java:151) ~[mule-module-launcher-3.8.5.jar:3.8.5]
	at org.mule.module.launcher.MuleDeploymentService.start(MuleDeploymentService.java:134) ~[mule-module-launcher-3.8.5.jar:3.8.5]
	at org.mule.module.launcher.MuleContainer.start(MuleContainer.java:172) ~[mule-module-launcher-3.8.5.jar:3.8.5]
	at sun.reflect.NativeMethodAccessorImpl.invoke0(Native Method) ~[?:1.8.0_102]
	at sun.reflect.NativeMethodAccessorImpl.invoke(NativeMethodAccessorImpl.java:62) ~[?:1.8.0_102]
	at sun.reflect.DelegatingMethodAccessorImpl.invoke(DelegatingMethodAccessorImpl.java:43) ~[?:1.8.0_102]
	at java.lang.reflect.Method.invoke(Method.java:498) ~[?:1.8.0_102]
	at org.mule.tooling.server.application.ApplicationDeployer.main(ApplicationDeployer.java:33) ~[tooling-support-3.8.5.jar:?]
2018-01-10 22:14:13,529 [main] INFO  org.mule.module.launcher.application.DefaultMuleApplication - App 'webpage' never started, nothing to dispose of
2018-01-10 22:14:13,580 [main] WARN  org.mule.module.launcher.artifact.DefaultResourceReleaser - Unable to shutdown MySql's AbandonedConnectionCleanupThread
java.lang.ClassNotFoundException: com.mysql.jdbc.AbandonedConnectionCleanupThread
	at java.net.URLClassLoader.findClass(URLClassLoader.java:381) ~[?:1.8.0_102]
	at org.mule.module.launcher.FineGrainedControlClassLoader.findClass(FineGrainedControlClassLoader.java:181) ~[mule-module-launcher-3.8.5.jar:3.8.5]
	at org.mule.module.launcher.MuleApplicationClassLoader.findClass(MuleApplicationClassLoader.java:138) ~[mule-module-launcher-3.8.5.jar:3.8.5]
	at org.mule.module.launcher.FineGrainedControlClassLoader.loadClass(FineGrainedControlClassLoader.java:117) ~[mule-module-launcher-3.8.5.jar:3.8.5]
	at java.lang.ClassLoader.loadClass(ClassLoader.java:357) ~[?:1.8.0_102]
	at org.mule.module.launcher.artifact.DefaultResourceReleaser.shutdownMySqlAbandonedConnectionCleanupThread(DefaultResourceReleaser.java:197) ~[mule-module-launcher-3.8.5.jar:3.8.5]
	at org.mule.module.launcher.artifact.DefaultResourceReleaser.doDeregisterDriver(DefaultResourceReleaser.java:133) ~[mule-module-launcher-3.8.5.jar:3.8.5]
	at org.mule.module.launcher.artifact.DefaultResourceReleaser.deregisterJdbcDrivers(DefaultResourceReleaser.java:84) ~[mule-module-launcher-3.8.5.jar:3.8.5]
	at org.mule.module.launcher.artifact.DefaultResourceReleaser.release(DefaultResourceReleaser.java:38) ~[mule-module-launcher-3.8.5.jar:3.8.5]
	at org.mule.module.launcher.artifact.AbstractArtifactClassLoader.dispose(AbstractArtifactClassLoader.java:67) ~[mule-module-launcher-3.8.5.jar:3.8.5]
	at org.mule.module.launcher.application.CompositeApplicationClassLoader.dispose(CompositeApplicationClassLoader.java:285) ~[mule-module-launcher-3.8.5.jar:3.8.5]
	at org.mule.module.launcher.application.DefaultMuleApplication.dispose(DefaultMuleApplication.java:310) ~[mule-module-launcher-3.8.5.jar:3.8.5]
	at org.mule.module.launcher.artifact.ArtifactWrapper$1.execute(ArtifactWrapper.java:40) ~[mule-module-launcher-3.8.5.jar:3.8.5]
	at org.mule.module.launcher.artifact.ArtifactWrapper.executeWithinArtifactClassLoader(ArtifactWrapper.java:136) ~[mule-module-launcher-3.8.5.jar:3.8.5]
	at org.mule.module.launcher.artifact.ArtifactWrapper.dispose(ArtifactWrapper.java:35) ~[mule-module-launcher-3.8.5.jar:3.8.5]
	at org.mule.module.launcher.DefaultArtifactDeployer.deploy(DefaultArtifactDeployer.java:30) ~[mule-module-launcher-3.8.5.jar:3.8.5]
	at org.mule.module.launcher.DefaultArchiveDeployer.deployArtifact(DefaultArchiveDeployer.java:317) ~[mule-module-launcher-3.8.5.jar:3.8.5]
	at org.mule.module.launcher.DefaultArchiveDeployer.deployPackagedArtifact(DefaultArchiveDeployer.java:172) ~[mule-module-launcher-3.8.5.jar:3.8.5]
	at org.mule.module.launcher.DefaultArchiveDeployer.deployPackagedArtifact(DefaultArchiveDeployer.java:261) ~[mule-module-launcher-3.8.5.jar:3.8.5]
	at org.mule.module.launcher.DefaultArchiveDeployer.deployPackagedArtifact(DefaultArchiveDeployer.java:76) ~[mule-module-launcher-3.8.5.jar:3.8.5]
	at org.mule.module.launcher.DeploymentDirectoryWatcher.deployPackedApps(DeploymentDirectoryWatcher.java:279) ~[mule-module-launcher-3.8.5.jar:3.8.5]
	at org.mule.module.launcher.DeploymentDirectoryWatcher.start(DeploymentDirectoryWatcher.java:151) ~[mule-module-launcher-3.8.5.jar:3.8.5]
	at org.mule.module.launcher.MuleDeploymentService.start(MuleDeploymentService.java:134) ~[mule-module-launcher-3.8.5.jar:3.8.5]
	at org.mule.module.launcher.MuleContainer.start(MuleContainer.java:172) ~[mule-module-launcher-3.8.5.jar:3.8.5]
	at sun.reflect.NativeMethodAccessorImpl.invoke0(Native Method) ~[?:1.8.0_102]
	at sun.reflect.NativeMethodAccessorImpl.invoke(NativeMethodAccessorImpl.java:62) ~[?:1.8.0_102]
	at sun.reflect.DelegatingMethodAccessorImpl.invoke(DelegatingMethodAccessorImpl.java:43) ~[?:1.8.0_102]
	at java.lang.reflect.Method.invoke(Method.java:498) ~[?:1.8.0_102]
	at org.mule.tooling.server.application.ApplicationDeployer.main(ApplicationDeployer.java:33) ~[tooling-support-3.8.5.jar:?]
2018-01-10 22:14:44,610 [main] INFO  org.mule.module.launcher.application.DefaultMuleApplication - 
++++++++++++++++++++++++++++++++++++++++++++++++++++++++++++
+ Initializing app 'webpage'                               +
++++++++++++++++++++++++++++++++++++++++++++++++++++++++++++
2018-01-10 22:14:44,767 [main] INFO  org.mule.lifecycle.AbstractLifecycleManager - Initialising RegistryBroker
2018-01-10 22:14:44,865 [main] INFO  org.mule.module.extension.internal.manager.DefaultExtensionManager - Starting discovery of extensions
2018-01-10 22:14:44,975 [main] INFO  org.mule.module.extension.internal.manager.DefaultExtensionManager - Discovered 1 extensions
2018-01-10 22:14:44,976 [main] INFO  org.mule.module.extension.internal.manager.DefaultExtensionManager - Registering extension validation (version 3.8)
2018-01-10 22:14:45,041 [main] INFO  org.mule.config.spring.MuleArtifactContext - Refreshing org.mule.config.spring.MuleArtifactContext@51f49060: startup date [Wed Jan 10 22:14:45 IST 2018]; root of context hierarchy
2018-01-10 22:14:46,164 [main] INFO  org.mule.config.spring.processors.NoDevkitInjectorProcessor - JSR-330 'javax.inject.Inject' annotation found and supported for autowiring
2018-01-10 22:14:46,481 [main] WARN  org.mule.expression.DefaultExpressionManager - Expression string is not an expression.  Use isExpression(String) to validate first
2018-01-10 22:14:46,481 [main] WARN  org.mule.expression.DefaultExpressionManager - Expression string is not an expression.  Use isExpression(String) to validate first
2018-01-10 22:14:46,481 [main] WARN  org.mule.expression.DefaultExpressionManager - Expression string is not an expression.  Use isExpression(String) to validate first
2018-01-10 22:14:46,481 [main] WARN  org.mule.expression.DefaultExpressionManager - Expression string is not an expression.  Use isExpression(String) to validate first
2018-01-10 22:14:46,906 [main] WARN  org.mule.module.ognl.expression.OgnlExpressionEvaluator - OGNL module is deprecated and will be removed in Mule 4.0. Use MEL expressions instead.
2018-01-10 22:14:47,520 [main] INFO  org.mule.util.journal.TransactionJournal - Using files for tx logs C:\Users\EAI\AnypointStudio\workspace\final-master\.mule\.\.mule\webpage\queue-tx-log\tx1.log and C:\Users\EAI\AnypointStudio\workspace\final-master\.mule\.\.mule\webpage\queue-tx-log\tx2.log
2018-01-10 22:14:47,534 [main] INFO  org.mule.util.journal.TransactionJournal - Using files for tx logs C:\Users\EAI\AnypointStudio\workspace\final-master\.mule\.\.mule\webpage\queue-xa-tx-log\tx1.log and C:\Users\EAI\AnypointStudio\workspace\final-master\.mule\.\.mule\webpage\queue-xa-tx-log\tx2.log
2018-01-10 22:14:47,607 [main] INFO  org.mule.lifecycle.AbstractLifecycleManager - Initialising model: _muleSystemModel
2018-01-10 22:14:47,612 [main] INFO  org.mule.construct.FlowConstructLifecycleManager - Initialising flow: register
2018-01-10 22:14:47,612 [main] INFO  org.mule.exception.DefaultMessagingExceptionStrategy - Initialising exception listener: org.mule.exception.DefaultMessagingExceptionStrategy@2b4d4327
2018-01-10 22:14:47,639 [main] INFO  org.mule.processor.SedaStageLifecycleManager - Initialising service: register.stage1
2018-01-10 22:14:47,653 [main] INFO  org.mule.construct.FlowConstructLifecycleManager - Initialising flow: login
2018-01-10 22:14:47,653 [main] INFO  org.mule.exception.DefaultMessagingExceptionStrategy - Initialising exception listener: org.mule.exception.DefaultMessagingExceptionStrategy@7d528cf7
2018-01-10 22:14:47,657 [main] INFO  org.mule.processor.SedaStageLifecycleManager - Initialising service: login.stage1
2018-01-10 22:14:47,794 [main] INFO  org.mule.construct.FlowConstructLifecycleManager - Initialising flow: loginpage
2018-01-10 22:14:47,794 [main] INFO  org.mule.exception.DefaultMessagingExceptionStrategy - Initialising exception listener: org.mule.exception.DefaultMessagingExceptionStrategy@45843650
2018-01-10 22:14:47,800 [main] INFO  org.mule.processor.SedaStageLifecycleManager - Initialising service: loginpage.stage1
2018-01-10 22:14:47,801 [main] INFO  org.mule.construct.FlowConstructLifecycleManager - Initialising flow: registrationpage
2018-01-10 22:14:47,801 [main] INFO  org.mule.exception.DefaultMessagingExceptionStrategy - Initialising exception listener: org.mule.exception.DefaultMessagingExceptionStrategy@27fe059d
2018-01-10 22:14:47,805 [main] INFO  org.mule.processor.SedaStageLifecycleManager - Initialising service: registrationpage.stage1
2018-01-10 22:14:48,066 [main] INFO  org.mule.config.spring.SpringXmlConfigurationBuilder - Configured Mule using "org.mule.config.spring.SpringXmlConfigurationBuilder" with configuration resource(s): "[ConfigResource{resourceName='C:\Users\EAI\AnypointStudio\workspace\final-master\.mule\apps\webpage\webpage.xml'}]"
2018-01-10 22:14:48,066 [main] INFO  org.mule.config.builders.AutoConfigurationBuilder - Configured Mule using "org.mule.config.builders.AutoConfigurationBuilder" with configuration resource(s): "[ConfigResource{resourceName='C:\Users\EAI\AnypointStudio\workspace\final-master\.mule\apps\webpage\webpage.xml'}]"
2018-01-10 22:14:51,107 [main] WARN  org.mule.config.spring.SpringRegistry - Spring registry already contains an object named 'gateway-message-source:http://0.0.0.0:8081/register'. The previous object will be overwritten.
2018-01-10 22:14:51,109 [main] INFO  org.mule.module.launcher.application.DefaultMuleApplication - 
++++++++++++++++++++++++++++++++++++++++++++++++++++++++++++
+ Starting app 'webpage'                                   +
++++++++++++++++++++++++++++++++++++++++++++++++++++++++++++
2018-01-10 22:14:51,113 [main] INFO  org.mule.util.queue.QueueXaResourceManager - Starting ResourceManager
2018-01-10 22:14:51,113 [main] INFO  org.mule.util.queue.QueueXaResourceManager - Started ResourceManager
2018-01-10 22:14:51,169 [main] INFO  org.mule.module.http.internal.listener.DefaultHttpListenerConfig - Listening for requests on http://0.0.0.0:8081
2018-01-10 22:14:51,171 [main] INFO  org.mule.modules.oauth2.provider.agents.DefaultSplashScreenAgent - 
++++++++++++++++++++++++++++++++++++++++++++++++++++++++++++++++++++++++++++++++
+ DevKit Extensions (0) used in this application 
                             +
++++++++++++++++++++++++++++++++++++++++++++++++++++++++++++++++++++++++++++++++
2018-01-10 22:14:51,172 [main] INFO  org.mule.lifecycle.AbstractLifecycleManager - Starting model: _muleSystemModel
2018-01-10 22:14:51,174 [main] INFO  org.mule.construct.FlowConstructLifecycleManager - Starting flow: register
2018-01-10 22:14:51,174 [main] INFO  org.mule.processor.SedaStageLifecycleManager - Starting service: register.stage1
2018-01-10 22:14:51,177 [main] INFO  org.mule.construct.FlowConstructLifecycleManager - Starting flow: login
2018-01-10 22:14:51,177 [main] INFO  org.mule.processor.SedaStageLifecycleManager - Starting service: login.stage1
2018-01-10 22:14:51,179 [main] INFO  org.mule.construct.FlowConstructLifecycleManager - Starting flow: loginpage
2018-01-10 22:14:51,179 [main] INFO  org.mule.processor.SedaStageLifecycleManager - Starting service: loginpage.stage1
2018-01-10 22:14:51,182 [main] INFO  org.mule.construct.FlowConstructLifecycleManager - Starting flow: registrationpage
2018-01-10 22:14:51,182 [main] INFO  org.mule.processor.SedaStageLifecycleManager - Starting service: registrationpage.stage1
2018-01-10 22:14:51,214 [main] INFO  org.mule.module.management.agent.WrapperManagerAgent - This JVM hasn't been launched by the wrapper, the agent will not run.
2018-01-10 22:14:51,229 [main] INFO  org.mule.DefaultMuleContext - 
**********************************************************************
* Application: webpage                                               *
* OS encoding: \, Mule encoding: UTF-8                               *
*                                                                    *
* Agents Running:                                                    *
*   DevKit Extension Information                                     *
*   JMX Agent                                                        *
*   Batch module default engine                                      *
*   Wrapper Manager                                                  *
**********************************************************************
